number,value,datetime_start,datetime_complete,duration,params_batch_size,params_bidirectional,params_dropout_fc,params_hidden_size,params_lr,params_num_layers,params_weight_decay,user_attrs_best_val_auc,user_attrs_seed,state
0,0.5891174674034119,2026-03-15 18:47:21.004247,2026-03-15 18:47:44.544395,0 days 00:00:23.540148,32,False,0.28493564427131046,96,0.0011504753106625046,1,0.0002607024758370766,0.8354838709677419,42,COMPLETE
1,0.61478491127491,2026-03-15 18:47:44.544395,2026-03-15 18:47:53.748705,0 days 00:00:09.204310,32,True,0.4056937753654446,192,0.0007496501097315302,1,5.4041038546473305e-05,0.8306451612903225,43,COMPLETE
2,0.5261699184775352,2026-03-15 18:47:53.748705,2026-03-15 18:48:05.894232,0 days 00:00:12.145527,16,True,0.39807076404450803,128,0.0007627211116577326,3,1.5679933916722995e-05,0.7774193548387096,44,COMPLETE
3,0.6325095668435097,2026-03-15 18:48:05.894232,2026-03-15 18:48:17.096314,0 days 00:00:11.202082,16,True,0.5687496940092467,96,0.0019174238140216384,2,0.0003550304858128307,0.8080645161290323,45,COMPLETE
4,0.5986330211162567,2026-03-15 18:48:17.098316,2026-03-15 18:48:27.588671,0 days 00:00:10.490355,32,True,0.5947547746402069,256,0.0007380901894391266,1,0.00012172847081122418,0.8129032258064517,46,COMPLETE
5,0.7197206094861031,2026-03-15 18:48:27.590674,2026-03-15 18:48:50.414286,0 days 00:00:22.823612,16,True,0.22542334011440945,192,0.0008218411404269376,3,1.70505392602693e-05,0.7951612903225806,47,COMPLETE
6,0.6254860460758209,2026-03-15 18:48:50.414286,2026-03-15 18:49:06.509193,0 days 00:00:16.094907,16,False,0.37101640734341984,256,0.0014355166831664403,2,0.0001326033192269654,0.7725806451612904,48,COMPLETE
7,0.5458606481552124,2026-03-15 18:49:06.509685,2026-03-15 18:49:15.513773,0 days 00:00:09.004088,64,True,0.26448851490160175,192,0.000883171698312604,2,0.0003244160088734161,0.7870967741935484,49,COMPLETE
8,0.6053265258669853,2026-03-15 18:49:15.514773,2026-03-15 18:49:25.959378,0 days 00:00:10.444605,16,True,0.3708431154505025,64,0.0015314309403948435,1,0.0006197015748809143,0.8129032258064517,50,COMPLETE
9,0.6275066286325455,2026-03-15 18:49:25.959378,2026-03-15 18:49:33.444701,0 days 00:00:07.485323,32,False,0.5887128330883842,96,0.0018478138267043395,1,4.4300218067679785e-05,0.8096774193548387,51,COMPLETE
10,0.5678588151931763,2026-03-15 18:49:33.444701,2026-03-15 18:49:39.954353,0 days 00:00:06.509652,64,False,0.4778751436886507,128,0.0005126065261429245,3,1.0699098455538697e-05,0.7338709677419355,52,COMPLETE
11,0.5100354552268982,2026-03-15 18:49:39.954353,2026-03-15 18:49:46.954492,0 days 00:00:07.000139,64,True,0.286305337475061,128,0.0009721621847621669,3,0.0007791470666172773,0.7967741935483871,53,COMPLETE
12,0.563499391078949,2026-03-15 18:49:46.954492,2026-03-15 18:49:54.004650,0 days 00:00:07.050158,64,True,0.3161399627700829,128,0.0006111022798466909,3,2.8383466643042105e-05,0.8129032258064516,54,COMPLETE
13,0.5002710223197937,2026-03-15 18:49:54.004650,2026-03-15 18:50:00.971946,0 days 00:00:06.967296,64,True,0.4579178144028041,128,0.0010564615151250837,3,0.0009568680611696875,0.817741935483871,55,COMPLETE
14,0.6166180372238159,2026-03-15 18:50:00.974300,2026-03-15 18:50:07.944723,0 days 00:00:06.970423,64,True,0.47529180478007954,128,0.001105955389828651,3,0.0008150253704987233,0.8048387096774194,56,COMPLETE
15,0.5660916566848755,2026-03-15 18:50:07.945759,2026-03-15 18:50:14.916430,0 days 00:00:06.970671,64,True,0.47422023978482003,128,0.0010130914129004246,3,0.0009818247569037453,0.7838709677419355,57,COMPLETE
16,0.5527236461639404,2026-03-15 18:50:14.916869,2026-03-15 18:50:21.589142,0 days 00:00:06.672273,64,True,0.20439567569750852,64,0.001256347830674345,2,0.0004973541716877471,0.814516129032258,58,COMPLETE
17,0.6011359095573425,2026-03-15 18:50:21.589142,2026-03-15 18:50:29.349193,0 days 00:00:07.760051,64,True,0.5311149037830162,128,0.0009303294376026157,3,0.0001926300832284274,0.8354838709677419,59,COMPLETE
18,0.5563364028930664,2026-03-15 18:50:29.349193,2026-03-15 18:50:35.844487,0 days 00:00:06.495294,64,False,0.32538327298994807,128,0.0013467436393859722,2,0.00045256190590816546,0.7983870967741936,60,COMPLETE
19,0.5638870000839233,2026-03-15 18:50:35.844487,2026-03-15 18:50:42.834339,0 days 00:00:06.989852,64,True,0.4312074359810897,128,0.0006480597467914865,3,7.382259579527677e-05,0.7774193548387096,61,COMPLETE
20,0.6042013764381409,2026-03-15 18:50:42.839771,2026-03-15 18:50:49.836575,0 days 00:00:06.996804,64,True,0.5276269504938003,64,0.0010287976279374207,3,0.00020561539781973218,0.8483870967741935,62,COMPLETE
21,0.5918340682983398,2026-03-15 18:50:49.836575,2026-03-15 18:51:02.079462,0 days 00:00:12.242887,16,True,0.4358957344010781,128,0.0008102734106840192,3,2.315674483528322e-05,0.7967741935483871,63,COMPLETE
22,0.6206915527582169,2026-03-15 18:51:02.079462,2026-03-15 18:51:14.254099,0 days 00:00:12.174637,16,True,0.3434121073776754,128,0.0006595121615032668,3,0.0006584540988976448,0.8145161290322581,64,COMPLETE
23,0.5232227519154549,2026-03-15 18:51:14.254099,2026-03-15 18:51:26.473097,0 days 00:00:12.218998,16,True,0.4331892775445352,128,0.0009460285547252738,3,0.0009098835491605506,0.8354838709677419,65,COMPLETE
24,0.532504141330719,2026-03-15 18:51:26.474603,2026-03-15 18:51:33.854269,0 days 00:00:07.379666,64,True,0.441616351470336,128,0.0011644223785975967,2,0.0009529868562634554,0.7983870967741936,66,COMPLETE
25,0.6524365097284317,2026-03-15 18:51:33.859317,2026-03-15 18:52:01.184311,0 days 00:00:27.324994,16,True,0.514425613000947,256,0.0009288692630359282,3,0.0005382497251875969,0.7774193548387096,67,COMPLETE
26,0.530012309551239,2026-03-15 18:52:01.184311,2026-03-15 18:52:07.614265,0 days 00:00:06.429954,64,False,0.26573746101046763,128,0.001601045323132056,2,0.0006688334758382736,0.8225806451612903,68,COMPLETE
27,0.587907612323761,2026-03-15 18:52:07.619302,2026-03-15 18:52:14.734340,0 days 00:00:07.115038,64,True,0.3975716287254809,128,0.001039606926633837,3,0.00041267624812792755,0.8048387096774194,69,COMPLETE
28,0.5597955733537674,2026-03-15 18:52:14.734340,2026-03-15 18:52:23.423387,0 days 00:00:08.689047,32,True,0.5041855398964337,128,0.0012815777039248235,3,0.0009769771082699644,0.8403225806451612,70,COMPLETE
29,0.6427413374185562,2026-03-15 18:52:23.424418,2026-03-15 18:52:34.461964,0 days 00:00:11.037546,16,False,0.29911705761501883,96,0.0011516301182863632,3,0.00026902893679443894,0.7451612903225806,71,COMPLETE
30,0.6674096286296844,2026-03-15 18:52:34.461964,2026-03-15 18:52:45.842648,0 days 00:00:11.380684,32,True,0.3622053437802606,192,0.0009185557298539009,2,0.0002463052239525748,0.8209677419354839,72,COMPLETE
31,0.6123464107513428,2026-03-15 18:52:45.843849,2026-03-15 18:52:58.065011,0 days 00:00:12.221162,16,True,0.3984011666458743,128,0.000846115345201968,3,1.1237176196413646e-05,0.7693548387096774,73,COMPLETE
32,0.6924135386943817,2026-03-15 18:52:58.065011,2026-03-15 18:53:10.190058,0 days 00:00:12.125047,16,True,0.44171249349229974,128,0.0007703532836838597,3,3.9123798844222296e-05,0.7999999999999999,74,COMPLETE
33,0.6306570246815681,2026-03-15 18:53:10.190058,2026-03-15 18:53:22.316850,0 days 00:00:12.126792,16,True,0.4154909979372129,128,0.0007220066982625238,3,9.142495042714803e-05,0.7806451612903226,75,COMPLETE
34,0.6902090907096863,2026-03-15 18:53:22.318856,2026-03-15 18:53:34.960520,0 days 00:00:12.641664,16,True,0.4570610471034414,96,0.0009733303735398477,3,0.0006927947083105121,0.8016129032258064,76,COMPLETE
35,0.6052045449614525,2026-03-15 18:53:34.960520,2026-03-15 18:54:02.808995,0 days 00:00:27.848475,16,True,0.25420105369504303,256,0.0005682106948714689,3,6.459960312899354e-05,0.8064516129032259,77,COMPLETE
36,0.5852642804384232,2026-03-15 18:54:02.809995,2026-03-15 18:54:11.467284,0 days 00:00:08.657289,32,True,0.5601206299925422,128,0.0007024525957425871,3,0.00015020268128520931,0.7596774193548387,78,COMPLETE
37,0.5966594591736794,2026-03-15 18:54:11.468283,2026-03-15 18:54:33.592873,0 days 00:00:22.124590,16,True,0.384856089027284,192,0.0007732181659599387,3,0.00039511557590877805,0.8274193548387097,79,COMPLETE
38,0.6764503568410873,2026-03-15 18:54:33.592873,2026-03-15 18:54:44.025315,0 days 00:00:10.432442,16,True,0.49331870561633295,64,0.0010852473846772418,1,1.4368671785216523e-05,0.8209677419354837,80,COMPLETE
39,0.6078029870986938,2026-03-15 18:54:44.025315,2026-03-15 18:54:52.008406,0 days 00:00:07.983091,64,False,0.35193845032921806,256,0.0008638749477208335,2,0.00034357793199048107,0.8193548387096774,81,COMPLETE
40,0.5399668365716934,2026-03-15 18:54:52.008406,2026-03-15 18:55:00.242805,0 days 00:00:08.234399,32,True,0.4178961092130422,96,0.0012316146804570612,2,0.0007430397015234484,0.8258064516129033,82,COMPLETE
41,0.5504971742630005,2026-03-15 18:55:00.242805,2026-03-15 18:55:06.646121,0 days 00:00:06.403316,64,False,0.2685582353965457,128,0.0018614583605508074,1,0.000597008698086992,0.8096774193548387,83,COMPLETE
42,0.5513761639595032,2026-03-15 18:55:06.647121,2026-03-15 18:55:13.082426,0 days 00:00:06.435305,64,False,0.245955759299694,128,0.0015532781862106651,2,0.0007679883610382853,0.7999999999999999,84,COMPLETE
43,0.5321943163871765,2026-03-15 18:55:13.082880,2026-03-15 18:55:19.635099,0 days 00:00:06.552219,64,False,0.28644504185522063,128,0.0017138474654609535,3,0.0005796483867588537,0.8032258064516129,85,COMPLETE
44,0.5985603332519531,2026-03-15 18:55:19.635099,2026-03-15 18:55:26.088644,0 days 00:00:06.453545,64,False,0.3247797565372256,128,0.0014068559961130452,1,0.0008361818095586085,0.8274193548387097,86,COMPLETE
45,0.5530121922492981,2026-03-15 18:55:26.088644,2026-03-15 18:55:33.520773,0 days 00:00:07.432129,64,False,0.22816943567465486,192,0.0016295647939368386,2,0.0004872159683030252,0.7967741935483871,87,COMPLETE
46,0.496141642332077,2026-03-15 18:55:33.530215,2026-03-15 18:55:40.088756,0 days 00:00:06.558541,64,False,0.29889915088541996,128,0.0008147570923402302,3,2.6183596435083922e-05,0.785483870967742,88,COMPLETE
47,0.7039447128772736,2026-03-15 18:55:40.088756,2026-03-15 18:55:52.465751,0 days 00:00:12.376995,16,True,0.3793209455992922,128,0.0008020315902480254,3,2.129622838707224e-05,0.8403225806451613,89,COMPLETE
48,0.5779839754104614,2026-03-15 18:55:52.465751,2026-03-15 18:55:59.548329,0 days 00:00:07.082578,64,True,0.30921603648872287,128,0.0008813585507993212,3,4.088028280164673e-05,0.8064516129032256,90,COMPLETE
49,0.5780351758003235,2026-03-15 18:55:59.548329,2026-03-15 18:56:06.165180,0 days 00:00:06.616851,64,False,0.47048743398540943,64,0.0009613618502865456,3,1.6087021083495796e-05,0.7435483870967742,91,COMPLETE
50,0.6553888916969299,2026-03-15 18:56:06.165180,2026-03-15 18:56:18.370949,0 days 00:00:12.205769,16,True,0.33772355820135286,128,0.0010793337318068636,3,2.244137545571915e-05,0.7903225806451613,92,COMPLETE
51,0.5649956464767456,2026-03-15 18:56:18.370949,2026-03-15 18:56:25.030975,0 days 00:00:06.660026,64,False,0.2759248481594284,128,0.0008431760780574122,3,3.22100186523414e-05,0.8274193548387097,93,COMPLETE
52,0.5076335072517395,2026-03-15 18:56:25.030975,2026-03-15 18:56:31.608563,0 days 00:00:06.577588,64,False,0.2069878829866878,128,0.0006831891059571716,3,1.2765045978513378e-05,0.7870967741935484,94,COMPLETE
53,0.5711168050765991,2026-03-15 18:56:31.608563,2026-03-15 18:56:38.203983,0 days 00:00:06.595420,64,False,0.2075300653913196,128,0.000686437015043739,3,1.1829650956621807e-05,0.7629032258064518,95,COMPLETE
54,0.5298264622688293,2026-03-15 18:56:38.203983,2026-03-15 18:56:44.736049,0 days 00:00:06.532066,64,False,0.21800012171673921,128,0.0005647189955297673,3,1.2964766073679344e-05,0.8258064516129033,96,COMPLETE
55,0.4678088426589966,2026-03-15 18:56:44.736049,2026-03-15 18:56:51.314949,0 days 00:00:06.578900,64,False,0.29454821091257716,128,0.0006066771832251968,3,1.86559240106674e-05,0.8145161290322581,97,COMPLETE
56,0.4781148135662079,2026-03-15 18:56:51.314949,2026-03-15 18:56:57.953939,0 days 00:00:06.638990,64,False,0.24045932535684195,128,0.0006077132505706296,3,1.6929633212988693e-05,0.8112903225806452,98,COMPLETE
57,0.5747614502906799,2026-03-15 18:56:57.953939,2026-03-15 18:57:04.555613,0 days 00:00:06.601674,64,False,0.24137795267115297,128,0.0005018133528733845,3,2.0369649693141155e-05,0.7935483870967742,99,COMPLETE
58,0.5739941000938416,2026-03-15 18:57:04.556613,2026-03-15 18:57:13.497085,0 days 00:00:08.940472,64,False,0.28834548525373627,256,0.0006087449254705182,3,2.8115633799477867e-05,0.7596774193548387,100,COMPLETE
59,0.5394501686096191,2026-03-15 18:57:13.497085,2026-03-15 18:57:20.032453,0 days 00:00:06.535368,64,False,0.23633029662442215,128,0.0006240394449547062,3,1.8876171361195707e-05,0.782258064516129,101,COMPLETE
60,0.5749138593673706,2026-03-15 18:57:20.032453,2026-03-15 18:57:27.092078,0 days 00:00:07.059625,64,False,0.25212491696939404,128,0.0005483288694661671,3,5.086713748263402e-05,0.7725806451612903,102,COMPLETE
61,0.5475600361824036,2026-03-15 18:57:27.094082,2026-03-15 18:57:33.817215,0 days 00:00:06.723133,64,False,0.21447557511023274,128,0.0006605981478110231,3,1.0168803714237375e-05,0.8258064516129032,103,COMPLETE
62,0.5378915667533875,2026-03-15 18:57:33.817215,2026-03-15 18:57:40.406058,0 days 00:00:06.588843,64,False,0.29667894298505615,128,0.0007355543022985723,3,2.683543022490166e-05,0.8048387096774193,104,COMPLETE
63,0.5240427851676941,2026-03-15 18:57:40.415660,2026-03-15 18:57:46.949112,0 days 00:00:06.533452,64,False,0.458393985733227,128,0.0006208397793282333,3,1.7970046724632544e-05,0.7887096774193548,105,COMPLETE
64,0.5450294017791748,2026-03-15 18:57:46.949112,2026-03-15 18:57:53.567076,0 days 00:00:06.617964,64,False,0.26012279717162234,128,0.0005463180921565547,3,1.3522599359955588e-05,0.8161290322580645,106,COMPLETE
65,0.5796221494674683,2026-03-15 18:57:53.567076,2026-03-15 18:58:00.205933,0 days 00:00:06.638857,64,False,0.23217120690970094,96,0.0009949129387075149,3,1.5517129764274725e-05,0.7612903225806451,107,COMPLETE
66,0.5739694237709045,2026-03-15 18:58:00.205933,2026-03-15 18:58:06.828197,0 days 00:00:06.622264,64,False,0.3038303030966766,64,0.0005952217263246735,3,0.000856327727689415,0.7516129032258064,108,COMPLETE
67,0.5310769975185394,2026-03-15 18:58:06.828197,2026-03-15 18:58:14.701536,0 days 00:00:07.873339,32,False,0.2811859638982069,128,0.0009082284678862498,3,3.409005789345637e-05,0.7935483870967741,109,COMPLETE
68,0.5173738598823547,2026-03-15 18:58:14.711334,2026-03-15 18:58:22.845580,0 days 00:00:08.134246,64,False,0.20452329608731937,192,0.0006821113741959442,3,2.5000595686587155e-05,0.7983870967741936,110,COMPLETE
69,0.5827628970146179,2026-03-15 18:58:22.845580,2026-03-15 18:58:30.914797,0 days 00:00:08.069217,64,False,0.2206912259934202,192,0.0006704679821006513,3,2.4059722878970615e-05,0.75,111,COMPLETE
70,0.5906345844268799,2026-03-15 18:58:30.914797,2026-03-15 18:58:38.954915,0 days 00:00:08.040118,64,False,0.20431961819672756,192,0.0006405561893256236,3,3.3386812609331416e-05,0.7919354838709678,112,COMPLETE
71,0.50218266248703,2026-03-15 18:58:38.954915,2026-03-15 18:58:45.460698,0 days 00:00:06.505783,64,False,0.22652390270028055,128,0.0007048430360402878,3,1.659556868478316e-05,0.7790322580645161,113,COMPLETE
72,0.5537074208259583,2026-03-15 18:58:45.460698,2026-03-15 18:58:53.455609,0 days 00:00:07.994911,64,False,0.22791083754697433,192,0.0007145942705407885,3,1.8387904524194662e-05,0.8016129032258064,114,COMPLETE
73,0.5409380793571472,2026-03-15 18:58:53.455609,2026-03-15 18:59:01.490523,0 days 00:00:08.034914,64,False,0.2008481457423721,192,0.000755044064688425,3,1.246569694319459e-05,0.7983870967741935,115,COMPLETE
74,0.5664015412330627,2026-03-15 18:59:01.490523,2026-03-15 18:59:07.999853,0 days 00:00:06.509330,64,False,0.2472391118691358,128,0.0007944627375540993,3,1.5159874000793745e-05,0.7193548387096774,116,COMPLETE
75,0.5457578897476196,2026-03-15 18:59:07.999853,2026-03-15 18:59:16.102221,0 days 00:00:08.102368,64,False,0.2649936007137657,192,0.0005918434555627436,3,2.485736087970587e-05,0.7854838709677419,117,COMPLETE
76,0.4331865608692169,2026-03-15 18:59:16.102655,2026-03-15 18:59:22.691561,0 days 00:00:06.588906,64,False,0.21361465717102748,128,0.000677420834459195,3,0.0001267082373673688,0.7661290322580645,118,COMPLETE
77,0.6214978098869324,2026-03-15 18:59:22.701284,2026-03-15 18:59:29.280316,0 days 00:00:06.579032,64,False,0.3205007239330049,128,0.0006348747207806548,3,0.00012739281717460534,0.753225806451613,119,COMPLETE
78,0.5391088724136353,2026-03-15 18:59:29.280316,2026-03-15 18:59:35.890321,0 days 00:00:06.610005,64,False,0.27573941794422185,128,0.0006967298537782291,3,0.0001668798681046846,0.8145161290322581,120,COMPLETE
79,0.4791499376296997,2026-03-15 18:59:35.890321,2026-03-15 18:59:42.458118,0 days 00:00:06.567797,64,False,0.23937560190781654,128,0.0005267658381287296,3,0.0001098526306106488,0.8322580645161292,121,COMPLETE
80,0.5632905960083008,2026-03-15 18:59:42.458118,2026-03-15 18:59:49.080305,0 days 00:00:06.622187,64,False,0.214793871527993,128,0.0005775469164384821,3,0.00011095820877494966,0.817741935483871,122,COMPLETE
81,0.5780730843544006,2026-03-15 18:59:49.080305,2026-03-15 18:59:55.685774,0 days 00:00:06.605469,64,False,0.23708179555280096,128,0.0005233333608771194,3,6.094524163724426e-05,0.8032258064516129,123,COMPLETE
82,0.5914220213890076,2026-03-15 18:59:55.685774,2026-03-15 19:00:02.271614,0 days 00:00:06.585840,64,False,0.25386193127216755,128,0.0005401120592348738,3,8.209681665792184e-05,0.8080645161290322,124,COMPLETE
83,0.5695796608924866,2026-03-15 19:00:02.271614,2026-03-15 19:00:08.846869,0 days 00:00:06.575255,64,False,0.335538426349961,128,0.001179402280038786,3,0.00022514004692843323,0.785483870967742,125,COMPLETE
84,0.623661458492279,2026-03-15 19:00:08.846869,2026-03-15 19:00:15.390439,0 days 00:00:06.543570,64,False,0.2213739780230198,128,0.0010471428327334703,3,9.929543769784485e-05,0.764516129032258,126,COMPLETE
85,0.64173224568367,2026-03-15 19:00:15.390439,2026-03-15 19:00:23.289242,0 days 00:00:07.898803,32,False,0.29058141474461896,128,0.0007350374460744269,3,1.6687296695324028e-05,0.7419354838709676,127,COMPLETE
86,0.5222935080528259,2026-03-15 19:00:23.289242,2026-03-15 19:00:32.128232,0 days 00:00:08.838990,64,False,0.2689640009845169,256,0.0006456592119305977,3,0.00017994561325762663,0.8080645161290323,128,COMPLETE
87,0.5458130240440369,2026-03-15 19:00:32.128232,2026-03-15 19:00:38.666784,0 days 00:00:06.538552,64,False,0.2426788475409452,128,0.0005262747658718787,3,8.613009217464588e-05,0.8064516129032258,129,COMPLETE
88,0.5470415949821472,2026-03-15 19:00:38.668786,2026-03-15 19:00:45.620328,0 days 00:00:06.951542,64,True,0.31304085297984774,96,0.0006035868516861415,3,0.00029707495995076323,0.7790322580645161,130,COMPLETE
89,0.4923248589038849,2026-03-15 19:00:45.627088,2026-03-15 19:00:52.226332,0 days 00:00:06.599244,64,False,0.2286260547590767,128,0.000568994405327711,3,0.00014406681863464736,0.8016129032258064,131,COMPLETE
90,0.5213279724121094,2026-03-15 19:00:52.226332,2026-03-15 19:00:58.788506,0 days 00:00:06.562174,64,False,0.22934433883411717,128,0.0005682588885242835,3,0.00015071695608179374,0.7612903225806451,132,COMPLETE
91,0.5526620149612427,2026-03-15 19:00:58.788506,2026-03-15 19:01:05.336973,0 days 00:00:06.548467,64,False,0.25373832552463366,128,0.0005797915377844745,3,7.326005746068188e-05,0.767741935483871,133,COMPLETE
92,0.5820803046226501,2026-03-15 19:01:05.336973,2026-03-15 19:01:11.966221,0 days 00:00:06.629248,64,False,0.21124785089613787,128,0.0006689603585499982,3,0.00013971091532105363,0.8016129032258065,134,COMPLETE
93,0.5653231739997864,2026-03-15 19:01:11.966221,2026-03-15 19:01:18.638409,0 days 00:00:06.672188,64,False,0.22348321561014853,128,0.0005528709733055672,3,0.00011566189885234966,0.8096774193548387,135,COMPLETE
94,0.5675138831138611,2026-03-15 19:01:18.648144,2026-03-15 19:01:25.711002,0 days 00:00:07.062858,64,True,0.2342812105989877,128,0.0008357591796235158,3,1.9910894363061682e-05,0.7951612903225806,136,COMPLETE
95,0.5158880949020386,2026-03-15 19:01:25.711002,2026-03-15 19:01:32.276433,0 days 00:00:06.565431,64,False,0.24537297260026758,128,0.0005032918328178927,3,1.1218817189728602e-05,0.7580645161290323,137,COMPLETE
96,0.5729075074195862,2026-03-15 19:01:32.276433,2026-03-15 19:01:38.938899,0 days 00:00:06.662466,64,False,0.25823926245626855,64,0.001114152549136519,3,1.3437119145666344e-05,0.7935483870967742,138,COMPLETE
97,0.5926362872123718,2026-03-15 19:01:38.938899,2026-03-15 19:01:46.032267,0 days 00:00:07.093368,64,True,0.21217930862394793,128,0.0007716518988268557,3,1.6884460376765406e-05,0.8129032258064516,139,COMPLETE
98,0.5795507431030273,2026-03-15 19:01:46.032267,2026-03-15 19:01:54.067596,0 days 00:00:08.035329,32,False,0.558360118318717,128,0.0005221978479888805,3,0.0001039210177989293,0.767741935483871,140,COMPLETE
99,0.5152357816696167,2026-03-15 19:01:54.068110,2026-03-15 19:02:00.590252,0 days 00:00:06.522142,64,False,0.27757043014803195,128,0.000627016958797152,3,0.00021076113806081946,0.7564516129032258,141,COMPLETE
