number,value,datetime_start,datetime_complete,duration,params_batch_size,params_bidirectional,params_dropout_fc,params_hidden_size,params_lr,params_num_layers,params_weight_decay,state
0,0.6328948736190796,2026-03-07 00:06:15.015804,2026-03-07 00:06:24.742021,0 days 00:00:09.726217,32,False,0.28493564427131046,96,0.0011504753106625046,1,0.0002607024758370766,COMPLETE
1,0.6486465036869049,2026-03-07 00:06:24.742021,2026-03-07 00:06:33.777315,0 days 00:00:09.035294,32,True,0.4056937753654446,192,0.0007496501097315302,1,5.4041038546473305e-05,COMPLETE
2,0.6598750799894333,2026-03-07 00:06:33.778316,2026-03-07 00:06:46.070045,0 days 00:00:12.291729,16,True,0.39807076404450803,128,0.0007627211116577326,3,1.5679933916722995e-05,COMPLETE
3,0.7261067777872086,2026-03-07 00:06:46.074366,2026-03-07 00:06:57.362896,0 days 00:00:11.288530,16,True,0.5687496940092467,96,0.0019174238140216384,2,0.0003550304858128307,COMPLETE
4,0.6450960040092468,2026-03-07 00:06:57.362896,2026-03-07 00:07:07.343413,0 days 00:00:09.980517,32,True,0.5947547746402069,256,0.0007380901894391266,1,0.00012172847081122418,COMPLETE
5,0.6608483344316483,2026-03-07 00:07:07.343413,2026-03-07 00:07:30.699616,0 days 00:00:23.356203,16,True,0.22542334011440945,192,0.0008218411404269376,3,1.70505392602693e-05,COMPLETE
6,0.6145960167050362,2026-03-07 00:07:30.700623,2026-03-07 00:07:47.019356,0 days 00:00:16.318733,16,False,0.37101640734341984,256,0.0014355166831664403,2,0.0001326033192269654,COMPLETE
7,0.5775213837623596,2026-03-07 00:07:47.020697,2026-03-07 00:07:56.030712,0 days 00:00:09.010015,64,True,0.26448851490160175,192,0.000883171698312604,2,0.0003244160088734161,COMPLETE
8,0.6383536234498024,2026-03-07 00:07:56.031077,2026-03-07 00:08:06.244210,0 days 00:00:10.213133,16,True,0.3708431154505025,64,0.0015314309403948435,1,0.0006197015748809143,COMPLETE
9,0.6223743557929993,2026-03-07 00:08:06.246718,2026-03-07 00:08:13.841374,0 days 00:00:07.594656,32,False,0.5887128330883842,96,0.0018478138267043395,1,4.4300218067679785e-05,COMPLETE
10,0.5672444105148315,2026-03-07 00:08:13.841374,2026-03-07 00:08:21.177627,0 days 00:00:07.336253,64,False,0.2062379198633824,192,0.0005126065261429245,2,0.0009044366299969405,COMPLETE
11,0.5604378581047058,2026-03-07 00:08:21.177627,2026-03-07 00:08:28.772648,0 days 00:00:07.595021,64,False,0.21144118649403879,192,0.0005092956603864634,2,0.0008624009197392455,COMPLETE
12,0.5635786652565002,2026-03-07 00:08:28.772648,2026-03-07 00:08:36.079291,0 days 00:00:07.306643,64,False,0.21803049013508732,192,0.000502976018682016,2,0.0008000864123560979,COMPLETE
13,0.6015856266021729,2026-03-07 00:08:36.084295,2026-03-07 00:08:44.013068,0 days 00:00:07.928773,64,False,0.31556673863231977,192,0.0005101736806449998,3,0.000956890005185768,COMPLETE
14,0.5918632745742798,2026-03-07 00:08:44.015076,2026-03-07 00:08:50.399606,0 days 00:00:06.384530,64,False,0.47529180478007954,64,0.0005976695470614513,2,0.00047362414314470693,COMPLETE
15,0.5566378235816956,2026-03-07 00:08:50.399606,2026-03-07 00:08:56.729447,0 days 00:00:06.329841,64,False,0.25784940095755876,128,0.0006060991292865514,2,0.00016418807007720232,COMPLETE
16,0.5993556976318359,2026-03-07 00:08:56.729447,2026-03-07 00:09:03.074765,0 days 00:00:06.345318,64,False,0.30825190607374703,128,0.0006224813162115453,2,0.00021063979781445145,COMPLETE
17,0.6291643381118774,2026-03-07 00:09:03.074765,2026-03-07 00:09:09.573494,0 days 00:00:06.498729,64,False,0.25752003547403185,128,0.0006084322301520073,3,5.1766970868647086e-05,COMPLETE
18,0.6353985071182251,2026-03-07 00:09:09.573494,2026-03-07 00:09:16.173808,0 days 00:00:06.600314,64,False,0.46661425572308757,128,0.001022469123512183,3,0.00017187644136299428,COMPLETE
19,0.5783790349960327,2026-03-07 00:09:16.173808,2026-03-07 00:09:22.517690,0 days 00:00:06.343882,64,False,0.32813589410316674,128,0.0006535553617202191,2,7.593962822730044e-05,COMPLETE
20,0.5748306512832642,2026-03-07 00:09:22.519697,2026-03-07 00:09:28.979285,0 days 00:00:06.459588,64,False,0.24724162794039434,64,0.001046075868226771,2,2.9139965213923747e-05,COMPLETE
21,0.5860438346862793,2026-03-07 00:09:28.979285,2026-03-07 00:09:36.349320,0 days 00:00:07.370035,64,False,0.20389953449292708,192,0.0005074631032107568,2,0.0007071235660214893,COMPLETE
22,0.5717949867248535,2026-03-07 00:09:36.349320,2026-03-07 00:09:43.574603,0 days 00:00:07.225283,64,False,0.23415414758814576,192,0.0005606655437315243,2,0.000456798339858006,COMPLETE
23,0.5835800766944885,2026-03-07 00:09:43.574603,2026-03-07 00:09:50.941774,0 days 00:00:07.367171,64,False,0.2813509735002298,192,0.0006602600853014809,2,0.0005102974633338672,COMPLETE
24,0.6003957390785217,2026-03-07 00:09:50.943780,2026-03-07 00:09:58.691502,0 days 00:00:07.747722,64,False,0.20499671813684173,256,0.0005606143039208957,2,8.253401191058713e-05,COMPLETE
25,0.5465186834335327,2026-03-07 00:09:58.691502,2026-03-07 00:10:05.063082,0 days 00:00:06.371580,64,False,0.28781881085709365,128,0.000692880080092548,2,0.0007435641936722292,COMPLETE
26,0.6153706312179565,2026-03-07 00:10:05.063082,2026-03-07 00:10:11.425889,0 days 00:00:06.362807,64,False,0.340348559121309,128,0.0007039713130460681,1,0.00019204614882009706,COMPLETE
27,0.6715272665023804,2026-03-07 00:10:11.426888,2026-03-07 00:10:17.944504,0 days 00:00:06.517616,64,False,0.29234960366730195,128,0.0009085201380122303,3,0.0003432578485675455,COMPLETE
28,0.5588368773460388,2026-03-07 00:10:17.946944,2026-03-07 00:10:24.469426,0 days 00:00:06.522482,64,False,0.2539656737433916,128,0.0005738636083165273,2,0.0006322484087877527,COMPLETE
29,0.6557473540306091,2026-03-07 00:10:24.474443,2026-03-07 00:10:31.909623,0 days 00:00:07.435180,32,False,0.273094929686145,128,0.0013017828530155636,1,0.00025776889012470795,COMPLETE
30,0.6395148634910583,2026-03-07 00:10:31.909623,2026-03-07 00:10:39.409729,0 days 00:00:07.500106,32,False,0.3535581575553377,128,0.0008477667899180839,2,0.0005249062074948534,COMPLETE
31,0.5359658598899841,2026-03-07 00:10:39.409729,2026-03-07 00:10:45.734598,0 days 00:00:06.324869,64,False,0.24893134739955505,128,0.0005723774874539059,2,0.0006682832399613436,COMPLETE
32,0.5540298819541931,2026-03-07 00:10:45.736853,2026-03-07 00:10:52.279947,0 days 00:00:06.543094,64,False,0.3014106781181114,128,0.0006895376650463097,2,0.0006740077138873708,COMPLETE
33,0.5735872387886047,2026-03-07 00:10:52.279947,2026-03-07 00:10:58.617467,0 days 00:00:06.337520,64,False,0.29859391168547766,128,0.0007069628654312206,2,0.0002753026748703282,COMPLETE
34,0.5666317343711853,2026-03-07 00:10:58.618465,2026-03-07 00:11:04.944483,0 days 00:00:06.326018,64,False,0.4218677793491503,128,0.0007999201015144507,2,0.0004091589190367353,COMPLETE
35,0.6925514191389084,2026-03-07 00:11:04.944483,2026-03-07 00:11:16.009673,0 days 00:00:11.065190,16,True,0.28108559095574975,96,0.00067518835370457,2,0.0006355717300587766,COMPLETE
36,0.6617398262023926,2026-03-07 00:11:16.013132,2026-03-07 00:11:23.459557,0 days 00:00:07.446425,32,False,0.2445118510253882,128,0.0007709438786521813,1,1.1172792677993235e-05,COMPLETE
37,0.6397790312767029,2026-03-07 00:11:23.459557,2026-03-07 00:11:30.491345,0 days 00:00:07.031788,64,True,0.4230080488698221,128,0.0007270321093838664,3,0.00014594849453796374,COMPLETE
38,0.694715216755867,2026-03-07 00:11:30.491345,2026-03-07 00:11:40.426251,0 days 00:00:09.934906,16,False,0.32584749367112253,128,0.000635210494819818,2,0.00010046404318728428,COMPLETE
39,0.5789244174957275,2026-03-07 00:11:40.426251,2026-03-07 00:11:48.089400,0 days 00:00:07.663149,64,True,0.3798822222895725,256,0.0011374382663658202,1,0.0002636427249960702,COMPLETE
40,0.6454097032546997,2026-03-07 00:11:48.089400,2026-03-07 00:11:55.981395,0 days 00:00:07.891995,32,False,0.3529110166307394,96,0.0009372767967372874,2,3.0692276990977474e-05,COMPLETE
41,0.5472673177719116,2026-03-07 00:11:55.981395,2026-03-07 00:12:02.284628,0 days 00:00:06.303233,64,False,0.25760236527445457,128,0.000571825245001968,2,0.000597008698086992,COMPLETE
42,0.5322481989860535,2026-03-07 00:12:02.284628,2026-03-07 00:12:08.589852,0 days 00:00:06.305224,64,False,0.2642125182222329,128,0.0005801117878334535,2,0.0003929525712394734,COMPLETE
43,0.5535664558410645,2026-03-07 00:12:08.589852,2026-03-07 00:12:14.979489,0 days 00:00:06.389637,64,False,0.23107675198595026,128,0.0005555119174938239,2,0.0007493354164669904,COMPLETE
44,0.6910587251186371,2026-03-07 00:12:14.984623,2026-03-07 00:12:25.184697,0 days 00:00:10.200074,16,False,0.2407594191786389,128,0.0005414743512458458,2,0.0009955122484166111,COMPLETE
45,0.5864469408988953,2026-03-07 00:12:25.184697,2026-03-07 00:12:32.054675,0 days 00:00:06.869978,64,True,0.2299139568939985,128,0.0005432314862019497,2,0.00038526109510965683,COMPLETE
46,0.5918272733688354,2026-03-07 00:12:32.054675,2026-03-07 00:12:38.565045,0 days 00:00:06.510370,64,False,0.5354495778526935,64,0.0005814264808640606,2,0.0005467048490397446,COMPLETE
47,0.6232924461364746,2026-03-07 00:12:38.565045,2026-03-07 00:12:46.259658,0 days 00:00:07.694613,64,False,0.22174486823589226,256,0.0005467726178152155,2,0.0007624453848441413,COMPLETE
48,0.5738553404808044,2026-03-07 00:12:46.259658,2026-03-07 00:12:52.596828,0 days 00:00:06.337170,64,False,0.27103836135531356,128,0.0006396167612143286,2,0.0008361523831451368,COMPLETE
49,0.6811633482575417,2026-03-07 00:12:52.597831,2026-03-07 00:13:03.229632,0 days 00:00:10.631801,16,False,0.2610502422623877,96,0.0005910874633209885,2,0.0004101160719059864,COMPLETE
50,0.6190944314002991,2026-03-07 00:13:03.235164,2026-03-07 00:13:09.861534,0 days 00:00:06.626370,64,True,0.22680021071220743,128,0.000752222801223998,2,0.0005731189011538455,COMPLETE
51,0.5535497665405273,2026-03-07 00:13:09.861534,2026-03-07 00:13:16.179666,0 days 00:00:06.318132,64,False,0.3001089484294017,128,0.0006838238556018706,2,0.000695894683302227,COMPLETE
52,0.548271894454956,2026-03-07 00:13:16.179666,2026-03-07 00:13:22.515091,0 days 00:00:06.335425,64,False,0.28889212474630876,128,0.0005327002936978354,2,0.00031987073574959464,COMPLETE
53,0.5479995608329773,2026-03-07 00:13:22.517865,2026-03-07 00:13:28.876190,0 days 00:00:06.358325,64,False,0.32134642259243223,128,0.000527156823880513,2,0.00032974698312404773,COMPLETE
54,0.5370975732803345,2026-03-07 00:13:28.877191,2026-03-07 00:13:35.254617,0 days 00:00:06.377426,64,False,0.3222295225549877,128,0.0005339959438768875,2,0.0003093815587763918,COMPLETE
55,0.5311078429222107,2026-03-07 00:13:35.255624,2026-03-07 00:13:41.579586,0 days 00:00:06.323962,64,False,0.317825312449099,128,0.0006194810287964309,2,0.00021650769015723622,COMPLETE
56,0.610358715057373,2026-03-07 00:13:41.581606,2026-03-07 00:13:48.172756,0 days 00:00:06.591150,64,False,0.34017505672347725,64,0.000614779200745867,2,0.00022094890194263996,COMPLETE
57,0.5338762998580933,2026-03-07 00:13:48.173764,2026-03-07 00:13:54.589621,0 days 00:00:06.415857,64,False,0.31540035325803856,128,0.0005932274876073267,2,0.00044848880581676675,COMPLETE
58,0.6089826226234436,2026-03-07 00:13:54.589621,2026-03-07 00:14:01.110561,0 days 00:00:06.520940,64,False,0.3691926314941153,128,0.0006221532915660988,3,0.0004696843351530406,COMPLETE
59,0.5425657629966736,2026-03-07 00:14:01.110561,2026-03-07 00:14:07.432235,0 days 00:00:06.321674,64,False,0.30799410636165947,128,0.0005924962746649667,2,0.000292258843225859,COMPLETE
60,0.6655681431293488,2026-03-07 00:14:07.432235,2026-03-07 00:14:14.884945,0 days 00:00:07.452710,32,False,0.31318051514340944,128,0.0017353473805248217,2,0.0002866172174340424,COMPLETE
61,0.5405865907669067,2026-03-07 00:14:14.884945,2026-03-07 00:14:21.209477,0 days 00:00:06.324532,64,False,0.345218169429161,128,0.0005002929429962573,2,0.00023112958707537147,COMPLETE
62,0.5436820983886719,2026-03-07 00:14:21.214917,2026-03-07 00:14:27.732611,0 days 00:00:06.517694,64,False,0.34099305426153287,128,0.0005220162620244488,2,0.0002238629029809153,COMPLETE
63,0.5331853628158569,2026-03-07 00:14:27.732611,2026-03-07 00:14:34.232009,0 days 00:00:06.499398,64,False,0.31442362676646385,128,0.0005031972360455139,2,0.00017466910062293223,COMPLETE
64,0.5993994474411011,2026-03-07 00:14:34.232009,2026-03-07 00:14:41.979439,0 days 00:00:07.747430,64,False,0.35459193388858196,256,0.0005077390853919735,2,0.00013252562917694658,COMPLETE
65,0.5564000606536865,2026-03-07 00:14:41.980534,2026-03-07 00:14:48.329724,0 days 00:00:06.349190,64,False,0.39459221221205165,128,0.0005706336490629501,2,0.00018381288644817137,COMPLETE
66,0.5478571057319641,2026-03-07 00:14:48.329724,2026-03-07 00:14:54.645304,0 days 00:00:06.315580,64,False,0.33133818105182405,128,0.0005037929382214467,2,0.00011364864665675617,COMPLETE
67,0.5979079604148865,2026-03-07 00:14:54.649735,2026-03-07 00:15:01.100838,0 days 00:00:06.451103,64,False,0.2751631289868174,64,0.0006012539142479828,2,0.0001582340315991165,COMPLETE
68,0.5299670696258545,2026-03-07 00:15:01.100838,2026-03-07 00:15:07.444619,0 days 00:00:06.343781,64,False,0.3680637789562169,128,0.0005277757374399334,2,0.00023129396414282974,COMPLETE
69,0.5099450349807739,2026-03-07 00:15:07.444619,2026-03-07 00:15:13.849857,0 days 00:00:06.405238,64,False,0.36332982206637443,96,0.0006564328310236697,2,0.00040042897295748447,COMPLETE
70,0.6762664914131165,2026-03-07 00:15:13.854885,2026-03-07 00:15:23.741023,0 days 00:00:09.886138,16,False,0.38005870310665757,96,0.0006410738815965255,1,0.0003900238191028924,COMPLETE
71,0.49768930673599243,2026-03-07 00:15:23.749661,2026-03-07 00:15:30.164652,0 days 00:00:06.414991,64,False,0.36483569060863985,96,0.0005328460672478206,2,0.0004460310306403524,COMPLETE
72,0.514916181564331,2026-03-07 00:15:30.164652,2026-03-07 00:15:36.780598,0 days 00:00:06.615946,64,False,0.3949061749885197,96,0.0006593105790678334,2,0.0004485271195231078,COMPLETE
73,0.503418505191803,2026-03-07 00:15:36.780598,2026-03-07 00:15:43.189734,0 days 00:00:06.409136,64,False,0.4148953203800877,96,0.000660997031425728,2,0.0004530316257133144,COMPLETE
74,0.5304223895072937,2026-03-07 00:15:43.195765,2026-03-07 00:15:49.609879,0 days 00:00:06.414114,64,False,0.4130720921248494,96,0.0006678926198432613,2,0.00036394539088166125,COMPLETE
75,0.5252945423126221,2026-03-07 00:15:49.614919,2026-03-07 00:15:56.319790,0 days 00:00:06.704871,64,False,0.4351400787922235,96,0.0007258460592276528,2,0.0003425596491237296,COMPLETE
76,0.5668928623199463,2026-03-07 00:15:56.323328,2026-03-07 00:16:03.069678,0 days 00:00:06.746350,64,True,0.45229070198925736,96,0.0007321899451891953,2,0.0003557624609475236,COMPLETE
77,0.5497550964355469,2026-03-07 00:16:03.069678,2026-03-07 00:16:09.529996,0 days 00:00:06.460318,64,False,0.41661443612838867,96,0.0007898382591055761,2,0.0004937332834200277,COMPLETE
78,0.5855557173490524,2026-03-07 00:16:09.529996,2026-03-07 00:16:17.264384,0 days 00:00:07.734388,32,False,0.4386875500830832,96,0.0006641863401458653,2,0.00024288079938975513,COMPLETE
79,0.5900161266326904,2026-03-07 00:16:17.264384,2026-03-07 00:16:23.810003,0 days 00:00:06.545619,64,False,0.40098086982968884,96,0.0008601822460176388,3,0.00020627618908966737,COMPLETE
80,0.5206782221794128,2026-03-07 00:16:23.810003,2026-03-07 00:16:30.249557,0 days 00:00:06.439554,64,False,0.39172578084240695,96,0.0007096341222055178,2,0.00043898850610225886,COMPLETE
81,0.53118497133255,2026-03-07 00:16:30.251581,2026-03-07 00:16:36.704663,0 days 00:00:06.453082,64,False,0.43716203602395864,96,0.0007066345045826606,2,0.0004337352182727267,COMPLETE
82,0.5124756097793579,2026-03-07 00:16:36.704663,2026-03-07 00:16:43.144794,0 days 00:00:06.440131,64,False,0.40905887112542083,96,0.000655483720388926,2,0.00036128924965523446,COMPLETE
83,0.5248063802719116,2026-03-07 00:16:43.144794,2026-03-07 00:16:49.601408,0 days 00:00:06.456614,64,False,0.3905729400722149,96,0.0008092871810505234,2,0.00034168141776453004,COMPLETE
84,0.5546323657035828,2026-03-07 00:16:49.601408,2026-03-07 00:16:56.058813,0 days 00:00:06.457405,64,False,0.3901440510147891,96,0.0008220031475993419,2,0.0005267445537151638,COMPLETE
85,0.5342204570770264,2026-03-07 00:16:56.059817,2026-03-07 00:17:02.539795,0 days 00:00:06.479978,64,False,0.3844466670867246,96,0.0007739733946314576,2,0.000350870774860518,COMPLETE
86,0.5338853001594543,2026-03-07 00:17:02.539795,2026-03-07 00:17:09.052800,0 days 00:00:06.513005,64,False,0.36675420529614905,96,0.0007268628054589713,2,0.00044261828631613436,COMPLETE
87,0.5210599303245544,2026-03-07 00:17:09.052800,2026-03-07 00:17:15.466983,0 days 00:00:06.414183,64,False,0.4042357481587533,96,0.0008117792222942356,2,0.00026741391323298124,COMPLETE
88,0.6094492077827454,2026-03-07 00:17:15.466983,2026-03-07 00:17:22.201924,0 days 00:00:06.734941,64,True,0.48430650675232534,96,0.0009297803311656029,2,0.0002649432671983064,COMPLETE
89,0.6677725464105606,2026-03-07 00:17:22.201924,2026-03-07 00:17:33.045033,0 days 00:00:10.843109,16,False,0.40892113618232345,96,0.0008051455478078212,2,0.0005814578661482475,COMPLETE
90,0.5392695665359497,2026-03-07 00:17:33.046033,2026-03-07 00:17:39.616552,0 days 00:00:06.570519,64,False,0.43187201111580625,96,0.0008719692412470741,2,0.00030809441112023044,COMPLETE
91,0.5168951153755188,2026-03-07 00:17:39.616552,2026-03-07 00:17:46.078896,0 days 00:00:06.462344,64,False,0.40135394846140593,96,0.0007459675649041957,2,0.0004895214523719984,COMPLETE
92,0.5386656522750854,2026-03-07 00:17:46.079896,2026-03-07 00:17:52.595933,0 days 00:00:06.516037,64,False,0.40219361982241064,96,0.0007535467149293886,2,0.0004976061577003962,COMPLETE
93,0.5475842356681824,2026-03-07 00:17:52.596931,2026-03-07 00:17:59.147370,0 days 00:00:06.550439,64,False,0.3901585972078025,96,0.000830583413261116,2,0.0004183631001507482,COMPLETE
94,0.5213131904602051,2026-03-07 00:17:59.147370,2026-03-07 00:18:05.605058,0 days 00:00:06.457688,64,False,0.4521713152592351,96,0.000699538369072305,2,0.0003719676376423619,COMPLETE
95,0.499761164188385,2026-03-07 00:18:05.605058,2026-03-07 00:18:12.060219,0 days 00:00:06.455161,64,False,0.49668756603300884,96,0.0006868580822517817,2,0.0005430027129136288,COMPLETE
96,0.5889505445957184,2026-03-07 00:18:12.060219,2026-03-07 00:18:19.829880,0 days 00:00:07.769661,32,False,0.45902035110100314,96,0.0006505246020833645,2,0.0005563820402416486,COMPLETE
97,0.5093677043914795,2026-03-07 00:18:19.829880,2026-03-07 00:18:26.293068,0 days 00:00:06.463188,64,False,0.48141878458069526,96,0.0006852793538497072,2,0.0004749200200802958,COMPLETE
98,0.5011492967605591,2026-03-07 00:18:26.293997,2026-03-07 00:18:32.744402,0 days 00:00:06.450405,64,False,0.5032337764358376,96,0.0006839705160728275,2,0.0006394114733226992,COMPLETE
99,0.5068299770355225,2026-03-07 00:18:32.744402,2026-03-07 00:18:39.259769,0 days 00:00:06.515367,64,False,0.5027525664546363,96,0.0006759694499002407,2,0.0006205989473390055,COMPLETE
