number,value,datetime_start,datetime_complete,duration,params_batch_size,params_bidirectional,params_dropout_fc,params_hidden_size,params_lr,params_num_layers,params_weight_decay,user_attrs_best_val_auc,state
0,0.264365091919899,2026-03-25 17:17:11.110740,2026-03-25 17:18:48.548283,0 days 00:01:37.437543,32,False,0.28493564427131046,96,0.0011504753106625046,1,0.0002607024758370766,0.9262672811059908,COMPLETE
1,0.28602972626686096,2026-03-25 17:18:48.549288,2026-03-25 17:19:08.169184,0 days 00:00:19.619896,32,True,0.4056937753654446,192,0.0007496501097315302,1,5.4041038546473305e-05,0.9377880184331797,COMPLETE
2,0.16937640060981116,2026-03-25 17:19:08.170192,2026-03-25 17:19:22.124836,0 days 00:00:13.954644,16,True,0.39807076404450803,128,0.0007627211116577326,3,1.5679933916722995e-05,0.9423963133640553,COMPLETE
3,0.27735327929258347,2026-03-25 17:19:22.126836,2026-03-25 17:19:33.124984,0 days 00:00:10.998148,16,True,0.5687496940092467,96,0.0019174238140216384,2,0.0003550304858128307,0.9170506912442397,COMPLETE
4,0.3132256865501404,2026-03-25 17:19:33.125985,2026-03-25 17:19:51.994219,0 days 00:00:18.868234,32,True,0.5947547746402069,256,0.0007380901894391266,1,0.00012172847081122418,0.9285714285714286,COMPLETE
5,0.5608740821480751,2026-03-25 17:19:51.995218,2026-03-25 17:20:04.838436,0 days 00:00:12.843218,16,True,0.22542334011440945,192,0.0008218411404269376,3,1.70505392602693e-05,,PRUNED
6,0.4396413844078779,2026-03-25 17:20:04.838797,2026-03-25 17:20:11.303515,0 days 00:00:06.464718,16,False,0.37101640734341984,256,0.0014355166831664403,2,0.0001326033192269654,,PRUNED
7,0.18210279941558838,2026-03-25 17:20:11.304516,2026-03-25 17:20:44.037749,0 days 00:00:32.733233,64,True,0.26448851490160175,192,0.000883171698312604,2,0.0003244160088734161,0.9562211981566819,COMPLETE
8,0.2161111980676651,2026-03-25 17:20:44.038259,2026-03-25 17:20:54.564971,0 days 00:00:10.526712,16,True,0.3708431154505025,64,0.0015314309403948435,1,0.0006197015748809143,0.9585253456221199,COMPLETE
9,0.16764236241579056,2026-03-25 17:20:54.566975,2026-03-25 17:21:02.706064,0 days 00:00:08.139089,32,False,0.5887128330883842,96,0.0018478138267043395,1,4.4300218067679785e-05,0.9769585253456221,COMPLETE
10,0.4703463315963745,2026-03-25 17:21:02.707065,2026-03-25 17:21:04.208387,0 days 00:00:01.501322,64,False,0.4921467580828037,96,0.0005126065261429245,2,3.7669826973855905e-05,,PRUNED
11,0.5756241679191589,2026-03-25 17:21:04.209393,2026-03-25 17:21:05.817290,0 days 00:00:01.607897,32,False,0.4736329972469432,128,0.0005860782216960012,3,1.0298220241121993e-05,,PRUNED
12,0.2605993722875913,2026-03-25 17:21:05.818293,2026-03-25 17:21:16.322373,0 days 00:00:10.504080,16,False,0.4612012640576854,128,0.0011355311414388252,3,2.945202373859496e-05,0.9285714285714285,COMPLETE
13,0.40565359592437744,2026-03-25 17:21:16.323374,2026-03-25 17:21:18.038930,0 days 00:00:01.715556,32,False,0.3130612935272402,128,0.00195657618701131,3,6.694653933471384e-05,,PRUNED
14,0.44592902064323425,2026-03-25 17:21:18.039933,2026-03-25 17:21:19.507311,0 days 00:00:01.467378,64,True,0.5375920406844779,64,0.0006263812661926302,2,2.0304971815787816e-05,,PRUNED
15,0.23991639415423074,2026-03-25 17:21:19.508317,2026-03-25 17:21:29.942824,0 days 00:00:10.434507,16,False,0.4124496121405841,128,0.0010201291216514164,3,1.0312216150674056e-05,0.9354838709677419,COMPLETE
16,0.5376683175563812,2026-03-25 17:21:29.943824,2026-03-25 17:21:31.553835,0 days 00:00:01.610011,32,True,0.5220004837500986,96,0.0014304283490010276,1,2.4346596102796976e-05,,PRUNED
17,0.6345174014568329,2026-03-25 17:21:31.554834,2026-03-25 17:21:33.185462,0 days 00:00:01.630628,32,False,0.437069918266322,128,0.0016484216296754435,2,6.214242046880795e-05,,PRUNED
18,0.6171107230087122,2026-03-25 17:21:33.186966,2026-03-25 17:21:35.558038,0 days 00:00:02.371072,16,True,0.3433561139162167,96,0.001221395023302078,3,1.547358555526476e-05,,PRUNED
19,0.43277207016944885,2026-03-25 17:21:35.558038,2026-03-25 17:21:36.944954,0 days 00:00:01.386916,64,False,0.5157339103953823,64,0.0009250383849435212,1,4.1172109897010666e-05,,PRUNED
20,0.25540214280287427,2026-03-25 17:21:36.944954,2026-03-25 17:22:26.597018,0 days 00:00:49.652064,16,True,0.4416634198004796,256,0.0006840441061967724,2,7.906988641239077e-05,0.9423963133640553,COMPLETE
21,0.385862797498703,2026-03-25 17:22:26.597018,2026-03-25 17:22:33.128290,0 days 00:00:06.531272,64,True,0.2243018652148721,192,0.0008903336971281163,2,0.0009638593881835832,,PRUNED
22,0.3311631679534912,2026-03-25 17:22:33.128290,2026-03-25 17:22:39.628388,0 days 00:00:06.500098,64,True,0.2778466547140124,192,0.0009615260572223517,2,0.00019568359626505823,,PRUNED
23,0.37904828786849976,2026-03-25 17:22:39.629391,2026-03-25 17:22:48.933563,0 days 00:00:09.304172,64,True,0.20464838465102123,192,0.000813700511969987,3,0.0004755258531422745,,PRUNED
24,0.2200966626405716,2026-03-25 17:22:48.934562,2026-03-25 17:23:06.504242,0 days 00:00:17.569680,64,True,0.2727439814504258,192,0.0010222590589498977,1,0.00017662748229782521,0.9654377880184333,COMPLETE
25,0.4730772376060486,2026-03-25 17:23:06.505243,2026-03-25 17:23:08.268321,0 days 00:00:01.763078,64,True,0.3258279164161758,128,0.0012462379445371539,2,4.0000965674822336e-05,,PRUNED
26,0.3750000596046448,2026-03-25 17:23:08.269439,2026-03-25 17:23:09.875395,0 days 00:00:01.605956,32,False,0.3823764468673738,96,0.0006706506563376816,1,1.384478540948663e-05,,PRUNED
27,0.2601773714025815,2026-03-25 17:23:09.876902,2026-03-25 17:24:12.146077,0 days 00:01:02.269175,16,True,0.2555724328204007,192,0.0008256365830283896,3,0.00010917735969966323,0.9516129032258065,COMPLETE
28,0.5129318237304688,2026-03-25 17:24:12.147079,2026-03-25 17:24:13.565294,0 days 00:00:01.418215,64,False,0.5587574401018951,96,0.0017115435705730372,2,2.6968174964142377e-05,,PRUNED
29,0.21588846296072006,2026-03-25 17:24:13.565294,2026-03-25 17:24:21.329423,0 days 00:00:07.764129,32,False,0.30260674553691363,128,0.0005455546734092881,1,0.0003206055108524361,0.9262672811059908,COMPLETE
30,0.5588884502649307,2026-03-25 17:24:21.330422,2026-03-25 17:24:23.035721,0 days 00:00:01.705299,32,True,0.3420993330501824,96,0.001100315948953137,2,0.0002463052239525748,,PRUNED
31,0.22409668564796448,2026-03-25 17:24:23.037225,2026-03-25 17:24:30.820844,0 days 00:00:07.783619,32,False,0.30660540901628336,128,0.0005385599281133825,1,0.0002990042110130859,0.967741935483871,COMPLETE
32,0.3819400370121002,2026-03-25 17:24:30.821349,2026-03-25 17:24:32.419406,0 days 00:00:01.598057,32,False,0.24767031031148662,128,0.0005961995555882759,1,0.00046844952188614597,,PRUNED
33,0.2309051752090454,2026-03-25 17:24:32.420907,2026-03-25 17:24:40.183202,0 days 00:00:07.762295,32,False,0.2981425775485393,128,0.0007354905913853,1,0.000781778816698911,0.935483870967742,COMPLETE
34,0.22964602708816528,2026-03-25 17:24:40.184198,2026-03-25 17:24:47.914506,0 days 00:00:07.730308,32,False,0.41579984547557913,128,0.0006682812072473234,1,0.0001604471891797142,0.9423963133640554,COMPLETE
35,0.2717997804284096,2026-03-25 17:24:47.915509,2026-03-25 17:25:00.886018,0 days 00:00:12.970509,32,False,0.3372257373817597,256,0.0008673886916278888,1,0.00038661108231387867,0.9331797235023043,COMPLETE
36,0.40565871447324753,2026-03-25 17:25:00.887529,2026-03-25 17:25:04.790882,0 days 00:00:03.903353,32,True,0.5888147017937628,192,0.0007631219261580166,1,0.00022416505697508792,,PRUNED
37,0.2814539894461632,2026-03-25 17:25:04.791883,2026-03-25 17:25:14.644504,0 days 00:00:09.852621,16,True,0.3612558190443757,64,0.0013046483828786258,1,9.41864732214706e-05,0.9654377880184332,COMPLETE
38,0.4047567943731944,2026-03-25 17:25:14.645503,2026-03-25 17:25:16.562241,0 days 00:00:01.916738,16,False,0.39170005868081503,96,0.0005484086127238181,1,0.00014088648709908793,,PRUNED
39,0.3336099535226822,2026-03-25 17:25:16.563242,2026-03-25 17:25:22.523431,0 days 00:00:05.960189,32,True,0.2528343590122678,256,0.0005025753044730618,2,0.00032503358484963694,,PRUNED
40,1.3574003782123327,2026-03-25 17:25:22.524432,2026-03-25 17:25:24.490868,0 days 00:00:01.966436,16,False,0.4912048178960887,128,0.0007303753035769607,3,0.0006375031281744272,,PRUNED
41,0.24977968136469522,2026-03-25 17:25:24.491373,2026-03-25 17:25:34.374153,0 days 00:00:09.882780,16,True,0.35877344219039276,64,0.0015253844372829918,1,0.000597008698086992,0.9516129032258065,COMPLETE
42,0.20287138472000757,2026-03-25 17:25:34.375656,2026-03-25 17:25:44.280946,0 days 00:00:09.905290,16,True,0.4332924844007156,64,0.0017876500805056224,1,0.00046503907143259,0.9493087557603687,COMPLETE
43,0.35184192657470703,2026-03-25 17:25:44.281946,2026-03-25 17:25:46.274814,0 days 00:00:01.992868,16,True,0.2924599222407531,64,0.0017585075981686239,1,0.00039320195011329254,,PRUNED
44,0.2492456634839376,2026-03-25 17:25:46.275814,2026-03-25 17:25:56.153459,0 days 00:00:09.877645,16,True,0.43361404076967025,64,0.0018683520007584215,1,5.214097607197182e-05,0.9447004608294931,COMPLETE
45,0.3816893274585406,2026-03-25 17:25:56.154460,2026-03-25 17:25:58.142540,0 days 00:00:01.988080,16,True,0.231734899503298,64,0.0018790588040640474,1,0.00027316318384807136,,PRUNED
46,0.20661142468452454,2026-03-25 17:25:58.143540,2026-03-25 17:26:05.338425,0 days 00:00:07.194885,64,True,0.46670857006916555,128,0.0016155311771828217,1,0.0005191684632137839,0.935483870967742,COMPLETE
47,0.1833445280790329,2026-03-25 17:26:05.339530,2026-03-25 17:26:37.705064,0 days 00:00:32.365534,64,True,0.4737144008109799,192,0.0016078087420184795,2,0.00048053137485818906,0.9539170506912442,COMPLETE
48,0.16805139183998108,2026-03-25 17:26:37.705527,2026-03-25 17:27:09.790953,0 days 00:00:32.085426,64,True,0.5519979344808437,192,0.0019968095072050098,2,2.0920823947259162e-05,0.967741935483871,COMPLETE
49,0.562105655670166,2026-03-25 17:27:09.790953,2026-03-25 17:27:16.224762,0 days 00:00:06.433809,64,True,0.5671546800944541,192,0.001940287004896941,2,1.8912350233645086e-05,,PRUNED
50,0.1992388814687729,2026-03-25 17:27:16.224762,2026-03-25 17:27:48.531117,0 days 00:00:32.306355,64,True,0.5903656703775231,192,0.00146263528899149,2,3.37854564224487e-05,0.9447004608294931,COMPLETE
51,0.38921356201171875,2026-03-25 17:27:48.531117,2026-03-25 17:27:55.041001,0 days 00:00:06.509884,64,True,0.5890276527526672,192,0.001407667917888657,2,2.221949640664379e-05,,PRUNED
52,0.36949387192726135,2026-03-25 17:27:55.041001,2026-03-25 17:28:01.557690,0 days 00:00:06.516689,64,True,0.5457145208495461,192,0.0015406536226335542,2,3.221103931158036e-05,,PRUNED
53,0.7277094125747681,2026-03-25 17:28:01.557690,2026-03-25 17:28:08.058541,0 days 00:00:06.500851,64,True,0.598605721705408,192,0.0016437078098572148,2,3.318119577165783e-05,,PRUNED
54,0.1457892805337906,2026-03-25 17:28:08.058541,2026-03-25 17:28:54.207559,0 days 00:00:46.149018,64,True,0.5018766437285705,192,0.0013781063146990128,3,1.2222314546680798e-05,0.9746543778801844,COMPLETE
55,0.21585354208946228,2026-03-25 17:28:54.209575,2026-03-25 17:29:40.367708,0 days 00:00:46.158133,64,True,0.5158602232854475,192,0.001998622799690129,3,1.289713898208378e-05,0.9308755760368663,COMPLETE
56,0.2899366617202759,2026-03-25 17:29:40.367708,2026-03-25 17:30:26.500120,0 days 00:00:46.132412,64,True,0.5343269511003438,192,0.0018293369425250393,3,1.1256871068180018e-05,0.9308755760368663,COMPLETE
57,0.9330905079841614,2026-03-25 17:30:26.502123,2026-03-25 17:30:35.808692,0 days 00:00:09.306569,64,True,0.4849140693244784,192,0.0013227107531882218,3,1.5248296555298959e-05,,PRUNED
58,0.1755353957414627,2026-03-25 17:30:35.810696,2026-03-25 17:31:21.967931,0 days 00:00:46.157235,64,True,0.5034523291268638,192,0.0016937580138499826,3,1.9069724889848983e-05,0.9539170506912442,COMPLETE
59,0.556876540184021,2026-03-25 17:31:21.967931,2026-03-25 17:31:23.418249,0 days 00:00:01.450318,64,True,0.5043814074935262,96,0.0010747871225853345,3,1.7421691588362e-05,,PRUNED
60,0.2148318886756897,2026-03-25 17:31:23.418249,2026-03-25 17:32:09.539059,0 days 00:00:46.120810,64,True,0.5584360616515396,192,0.0017353473805248217,3,4.89168072064411e-05,0.9447004608294931,COMPLETE
61,0.21041220426559448,2026-03-25 17:32:09.540056,2026-03-25 17:32:55.911064,0 days 00:00:46.371008,64,True,0.44952539426503685,192,0.0015859486357672323,3,2.4629931055766414e-05,0.9493087557603687,COMPLETE
62,0.4196702837944031,2026-03-25 17:32:55.911064,2026-03-25 17:33:05.211740,0 days 00:00:09.300676,64,True,0.529886693798107,192,0.0017089021709301038,3,1.164599370443841e-05,,PRUNED
63,0.28332069516181946,2026-03-25 17:33:05.211740,2026-03-25 17:33:37.606323,0 days 00:00:32.394583,64,True,0.5021662280449786,192,0.0009745169368966925,2,2.0816799161579454e-05,0.9585253456221198,COMPLETE
64,0.5317304730415344,2026-03-25 17:33:37.606323,2026-03-25 17:33:46.914791,0 days 00:00:09.308468,64,True,0.5499531082601675,192,0.0007814765734495062,3,1.5515213261623462e-05,,PRUNED
65,0.523237407207489,2026-03-25 17:33:46.916793,2026-03-25 17:33:48.412921,0 days 00:00:01.496128,64,True,0.4722964230813394,96,0.0019966029164598447,2,1.3228245073590556e-05,,PRUNED
66,0.23878222703933716,2026-03-25 17:33:48.412921,2026-03-25 17:34:20.571890,0 days 00:00:32.158969,64,True,0.4569258663015393,192,0.0016807891521624701,2,1.0111571399172402e-05,0.97926267281106,COMPLETE
67,0.37243029475212097,2026-03-25 17:34:20.571890,2026-03-25 17:34:26.697846,0 days 00:00:06.125956,64,True,0.5760168612843205,256,0.0008926524411451212,3,2.7446160521787195e-05,,PRUNED
68,0.4049270749092102,2026-03-25 17:34:26.698711,2026-03-25 17:34:32.646373,0 days 00:00:05.947662,64,True,0.5747017476589071,192,0.0018318554384132327,2,4.5273375114383496e-05,,PRUNED
69,0.49125397205352783,2026-03-25 17:34:32.650979,2026-03-25 17:34:41.925773,0 days 00:00:09.274794,64,True,0.5222148970636639,192,0.0014899817277355541,3,1.638886619098936e-05,,PRUNED
70,0.47995054721832275,2026-03-25 17:34:41.927778,2026-03-25 17:34:43.337705,0 days 00:00:01.409927,64,False,0.48165854847154044,96,0.0006988587370095228,2,1.3962015564342749e-05,,PRUNED
71,0.03227616101503372,2026-03-25 17:34:43.339053,2026-03-25 17:35:15.665879,0 days 00:00:32.326826,64,True,0.5449617299970605,192,0.0013177484740727683,2,6.564721711302854e-05,0.9654377880184333,COMPLETE
72,0.16064707934856415,2026-03-25 17:35:15.665879,2026-03-25 17:35:49.804917,0 days 00:00:34.139038,64,True,0.5066702703330348,192,0.0013747714849389147,2,6.963696787200864e-05,0.9539170506912442,COMPLETE
73,0.24661068618297577,2026-03-25 17:35:49.804917,2026-03-25 17:36:22.226228,0 days 00:00:32.421311,64,True,0.5033381424239427,192,0.0011878453388670703,2,8.712452781736227e-05,0.9423963133640552,COMPLETE
74,0.23525431752204895,2026-03-25 17:36:22.228860,2026-03-25 17:36:54.740656,0 days 00:00:32.511796,64,True,0.5533680963196764,192,0.001334398926413291,2,6.625999871678141e-05,0.9539170506912442,COMPLETE
75,0.35939934849739075,2026-03-25 17:36:54.745354,2026-03-25 17:37:03.291414,0 days 00:00:08.546060,64,True,0.5450114631791352,192,0.0013877326492034135,3,7.887362104748631e-05,,PRUNED
76,0.24910135567188263,2026-03-25 17:37:03.293426,2026-03-25 17:37:37.368152,0 days 00:00:34.074726,32,True,0.5274080346211553,192,0.0012575261057560052,2,5.521340757339487e-05,0.935483870967742,COMPLETE
77,0.40842103958129883,2026-03-25 17:37:37.369234,2026-03-25 17:37:38.677525,0 days 00:00:01.308291,64,False,0.5664145903468999,96,0.0010446697603859662,2,5.830132298472502e-05,,PRUNED
78,0.6892929077148438,2026-03-25 17:37:38.677525,2026-03-25 17:37:44.774269,0 days 00:00:06.096744,64,True,0.5093815366801946,256,0.0011718392065188557,3,7.31519529870529e-05,,PRUNED
79,0.38883303850889206,2026-03-25 17:37:44.774269,2026-03-25 17:37:46.735854,0 days 00:00:01.961585,32,True,0.5406213618303913,128,0.0009207980179256657,2,0.00010665505442178331,,PRUNED
80,0.4221956133842468,2026-03-25 17:37:46.738328,2026-03-25 17:37:49.794394,0 days 00:00:03.056066,64,False,0.41690023995137065,192,0.0013700318472164475,2,0.0001220414874597535,,PRUNED
81,0.9422893524169922,2026-03-25 17:37:49.794394,2026-03-25 17:37:56.376294,0 days 00:00:06.581900,64,True,0.4889846998019987,192,0.0015601475276079146,2,3.931377439519807e-05,,PRUNED
82,0.23023660480976105,2026-03-25 17:37:56.378297,2026-03-25 17:38:28.928464,0 days 00:00:32.550167,64,True,0.581280394473513,192,0.0008444773405783011,2,2.410570087323331e-05,0.9562211981566819,COMPLETE
83,0.2550225257873535,2026-03-25 17:38:28.928464,2026-03-25 17:39:01.288272,0 days 00:00:32.359808,64,True,0.49551376997451374,192,0.001904987509004141,2,1.8086992162088177e-05,0.9447004608294931,COMPLETE
84,0.15487035363912582,2026-03-25 17:39:01.289487,2026-03-25 17:39:43.762990,0 days 00:00:42.473503,16,True,0.5131407620110221,192,0.0014900053871583301,2,0.0008262807473388042,0.9470046082949308,COMPLETE
85,0.2735895613829295,2026-03-25 17:39:43.763989,2026-03-25 17:40:45.786729,0 days 00:01:02.022740,16,True,0.5630006274040769,192,0.0014797721684560023,3,0.0007005772205978979,0.9516129032258065,COMPLETE
86,0.45253606637318927,2026-03-25 17:40:45.787730,2026-03-25 17:40:53.384948,0 days 00:00:07.597218,16,True,0.5164368764785798,192,0.0017868697668245253,2,0.0008490649210169417,,PRUNED
87,0.20859537521998087,2026-03-25 17:40:53.385944,2026-03-25 17:41:04.132087,0 days 00:00:10.746143,16,True,0.32078246132600857,128,0.0007994859604946357,2,1.1911472978003334e-05,0.9147465437788018,COMPLETE
88,0.5276161928971609,2026-03-25 17:41:04.132087,2026-03-25 17:41:06.033287,0 days 00:00:01.901200,16,True,0.39840685381933844,96,0.0012701175780078884,2,4.5708591831809e-05,,PRUNED
89,0.29329633216063183,2026-03-25 17:41:06.034287,2026-03-25 17:41:42.960111,0 days 00:00:36.925824,16,False,0.5797436962946998,192,0.00121691821965221,3,1.955752934490102e-05,0.8064516129032259,COMPLETE
90,0.37532952924569446,2026-03-25 17:41:42.961111,2026-03-25 17:41:50.496683,0 days 00:00:07.535572,16,True,0.20490502663269108,192,0.0016785790997879875,2,9.283080786547164e-05,,PRUNED
91,0.15931420028209686,2026-03-25 17:41:50.496683,2026-03-25 17:42:21.398791,0 days 00:00:30.902108,64,True,0.4793443960729921,192,0.0016240574422045297,2,0.0005653320637043106,0.9585253456221199,COMPLETE
92,0.6967795677483082,2026-03-25 17:42:21.399791,2026-03-25 17:42:27.394119,0 days 00:00:05.994328,32,True,0.5323125025737774,192,0.0014452392591239947,2,0.0008435995497092181,,PRUNED
93,0.22222688794136047,2026-03-25 17:42:27.395119,2026-03-25 17:43:11.596992,0 days 00:00:44.201873,64,True,0.5116204337804546,192,0.0011272504173396884,3,0.0006102563148811409,0.9585253456221198,COMPLETE
94,0.5386244058609009,2026-03-25 17:43:11.597992,2026-03-25 17:43:17.323072,0 days 00:00:05.725080,64,True,0.4808735397117995,192,0.0015374278375040644,2,0.0009104603845576655,,PRUNED
95,0.20753899216651917,2026-03-25 17:43:17.324072,2026-03-25 17:43:48.412443,0 days 00:00:31.088371,64,True,0.49675412997725255,192,0.001358519475715462,2,0.0007561813963159545,0.9147465437788018,COMPLETE
96,0.1756085827946663,2026-03-25 17:43:48.413522,2026-03-25 17:44:01.767803,0 days 00:00:13.354281,16,True,0.5196253444003538,128,0.0014171627992555318,3,0.0009850988233008416,0.9447004608294931,COMPLETE
97,0.6315203110376993,2026-03-25 17:44:01.770397,2026-03-25 17:44:04.217789,0 days 00:00:02.447392,16,True,0.37498536955034856,128,0.0014239508299809741,3,6.371100644346501e-05,,PRUNED
98,0.17521407703558603,2026-03-25 17:44:04.218792,2026-03-25 17:44:17.367913,0 days 00:00:13.149121,16,True,0.5226293419928966,128,0.0016560303569471775,3,0.0006902239066595019,0.9308755760368663,COMPLETE
99,0.26318446298440296,2026-03-25 17:44:17.367913,2026-03-25 17:44:30.548090,0 days 00:00:13.180177,16,True,0.5255349622903899,128,0.0016065822312615672,3,3.626858201778748e-05,0.9423963133640553,COMPLETE
