number,value,datetime_start,datetime_complete,duration,params_batch_size,params_bidirectional,params_dropout_fc,params_hidden_size,params_lr,params_num_layers,params_weight_decay,user_attrs_best_val_auc,state
0,0.43625788390636444,2026-03-26 21:03:22.133218,2026-03-26 21:03:30.213938,0 days 00:00:08.080720,32,False,0.28493564427131046,96,0.0011504753106625046,1,0.0002607024758370766,0.9311827956989248,COMPLETE
1,0.35487331449985504,2026-03-26 21:03:30.215940,2026-03-26 21:03:39.185334,0 days 00:00:08.969394,32,True,0.4056937753654446,192,0.0007496501097315302,1,5.4041038546473305e-05,0.886021505376344,COMPLETE
2,0.3316578269004822,2026-03-26 21:03:39.186332,2026-03-26 21:03:50.811238,0 days 00:00:11.624906,16,True,0.39807076404450803,128,0.0007627211116577326,3,1.5679933916722995e-05,0.8903225806451613,COMPLETE
3,0.3998279919226964,2026-03-26 21:03:50.811238,2026-03-26 21:04:01.720229,0 days 00:00:10.908991,16,True,0.5687496940092467,96,0.0019174238140216384,2,0.0003550304858128307,0.8580645161290322,COMPLETE
4,0.3938192129135132,2026-03-26 21:04:01.720229,2026-03-26 21:04:11.428389,0 days 00:00:09.708160,32,True,0.5947547746402069,256,0.0007380901894391266,1,0.00012172847081122418,0.9290322580645161,COMPLETE
5,0.33591384689013165,2026-03-26 21:04:11.428389,2026-03-26 21:04:33.341836,0 days 00:00:21.913447,16,True,0.22542334011440945,192,0.0008218411404269376,3,1.70505392602693e-05,0.8838709677419355,COMPLETE
6,0.32043543457984924,2026-03-26 21:04:33.341836,2026-03-26 21:04:51.777772,0 days 00:00:18.435936,16,False,0.37101640734341984,256,0.0014355166831664403,2,0.0001326033192269654,0.8731182795698924,COMPLETE
7,0.30746787786483765,2026-03-26 21:04:51.778447,2026-03-26 21:05:01.858919,0 days 00:00:10.080472,64,True,0.26448851490160175,192,0.000883171698312604,2,0.0003244160088734161,0.9032258064516129,COMPLETE
8,0.33288149038950604,2026-03-26 21:05:01.860927,2026-03-26 21:05:12.763367,0 days 00:00:10.902440,16,True,0.3708431154505025,64,0.0015314309403948435,1,0.0006197015748809143,0.8989247311827957,COMPLETE
9,0.6349132806062698,2026-03-26 21:05:12.763367,2026-03-26 21:05:14.265522,0 days 00:00:01.502155,32,False,0.5887128330883842,96,0.0018478138267043395,1,4.4300218067679785e-05,,PRUNED
10,0.40721002221107483,2026-03-26 21:05:14.275631,2026-03-26 21:05:22.464129,0 days 00:00:08.188498,64,False,0.2062379198633824,192,0.0005126065261429245,2,0.0009044366299969405,0.8580645161290322,COMPLETE
11,0.4253363013267517,2026-03-26 21:05:22.465129,2026-03-26 21:05:30.657325,0 days 00:00:08.192196,64,False,0.3168953862007945,256,0.0011999176647124231,2,0.00014696144679341217,0.8795698924731183,COMPLETE
12,0.7259604334831238,2026-03-26 21:05:30.657325,2026-03-26 21:05:32.099708,0 days 00:00:01.442383,64,False,0.4787000640502277,256,0.0013635825748343614,2,0.00024019186410485007,,PRUNED
13,0.5122003555297852,2026-03-26 21:05:32.100709,2026-03-26 21:05:33.331595,0 days 00:00:01.230886,64,False,0.29085560466035143,128,0.0009623788354570815,3,6.601849287797618e-05,,PRUNED
14,0.5971242487430573,2026-03-26 21:05:33.332593,2026-03-26 21:05:35.399286,0 days 00:00:02.066693,16,True,0.47529180478007954,64,0.0005741541150535585,2,0.0004261548525190917,,PRUNED
15,0.3814975917339325,2026-03-26 21:05:35.400284,2026-03-26 21:05:43.164732,0 days 00:00:07.764448,64,False,0.3539945423344391,256,0.0009488352523136187,2,0.0001646536712566806,0.8774193548387097,COMPLETE
16,0.36972033977508545,2026-03-26 21:05:43.165733,2026-03-26 21:05:52.183778,0 days 00:00:09.018045,64,True,0.251129729713056,192,0.0015843947128971623,2,3.059295119141892e-05,0.8946236559139785,COMPLETE
17,0.3092315172155698,2026-03-26 21:05:52.183778,2026-03-26 21:06:07.191159,0 days 00:00:15.007381,16,False,0.45578738650835104,192,0.0011420365323050717,3,8.55119981126204e-05,0.8666666666666667,COMPLETE
18,0.4696395695209503,2026-03-26 21:06:07.191604,2026-03-26 21:06:09.443771,0 days 00:00:02.252167,64,True,0.46661425572308757,192,0.0011125717260746862,3,9.682986509546398e-05,,PRUNED
19,0.34661074727773666,2026-03-26 21:06:09.443771,2026-03-26 21:06:24.370305,0 days 00:00:14.926534,16,False,0.5255974822311326,192,0.0006480597467914865,3,2.8145617236552257e-05,0.8881720430107528,COMPLETE
20,0.37648192048072815,2026-03-26 21:06:24.370305,2026-03-26 21:06:36.466465,0 days 00:00:12.096160,64,True,0.4416634198004796,192,0.0008807829616054918,3,8.484925488225945e-05,0.913978494623656,COMPLETE
21,0.39749617874622345,2026-03-26 21:06:36.466465,2026-03-26 21:06:51.399954,0 days 00:00:14.933489,16,False,0.3398288209143438,256,0.001337984204975873,2,0.000204158755987199,0.8623655913978494,COMPLETE
22,0.36999092747767764,2026-03-26 21:06:51.409346,2026-03-26 21:07:04.285960,0 days 00:00:12.876614,16,False,0.4190795784384611,192,0.0011175851038002305,2,0.0003878779485775123,0.875268817204301,COMPLETE
23,0.35709171493848163,2026-03-26 21:07:04.285960,2026-03-26 21:07:14.431681,0 days 00:00:10.145721,16,False,0.5284817688318244,64,0.001316189450895462,2,0.00012082304412328034,0.8838709677419355,COMPLETE
24,0.3970958814024925,2026-03-26 21:07:14.431681,2026-03-26 21:07:24.602039,0 days 00:00:10.170358,16,False,0.2681086739925228,128,0.0016865185727769955,3,7.592934945450839e-05,0.8774193548387097,COMPLETE
25,0.3940713157256444,2026-03-26 21:07:24.602039,2026-03-26 21:07:39.669404,0 days 00:00:15.067365,16,False,0.32370564530205803,256,0.0009831186482454546,2,0.0002929183787522319,0.8623655913978494,COMPLETE
26,0.6901833812395731,2026-03-26 21:07:39.669404,2026-03-26 21:07:42.421725,0 days 00:00:02.752321,16,False,0.37730791944863024,192,0.0014675612137572372,3,0.0005312443860865522,,PRUNED
27,0.3931487699349721,2026-03-26 21:07:42.421725,2026-03-26 21:07:55.232461,0 days 00:00:12.810736,16,False,0.512518163448552,192,0.0012582257044559864,2,0.00017018852743553748,0.7698924731182796,COMPLETE
28,0.4092637449502945,2026-03-26 21:07:55.232461,2026-03-26 21:08:08.102344,0 days 00:00:12.869883,32,True,0.4407442366078004,256,0.0010558266145078747,2,3.967118542006884e-05,0.9096774193548387,COMPLETE
29,0.3798687160015106,2026-03-26 21:08:08.102344,2026-03-26 21:08:14.298507,0 days 00:00:06.196163,64,False,0.31093644501178075,96,0.0009019881406370944,1,0.0002496120561629829,0.924731182795699,COMPLETE
30,0.48938995599746704,2026-03-26 21:08:14.298507,2026-03-26 21:08:15.763471,0 days 00:00:01.464964,32,False,0.2551367405594871,128,0.0011403039852072858,3,0.0008428837908367016,,PRUNED
31,0.3942544758319855,2026-03-26 21:08:15.763471,2026-03-26 21:08:27.444305,0 days 00:00:11.680834,16,True,0.3734822137738527,128,0.0007588544074064388,3,1.1237176196413646e-05,0.8881720430107527,COMPLETE
32,0.4071711798508962,2026-03-26 21:08:27.445303,2026-03-26 21:08:39.052506,0 days 00:00:11.607203,16,True,0.40433085623535825,128,0.0006727967088539767,3,1.8749703834010577e-05,0.8645161290322579,COMPLETE
33,0.40971210102240246,2026-03-26 21:08:39.052506,2026-03-26 21:08:50.762195,0 days 00:00:11.709689,16,True,0.43744453882149636,128,0.0006730865654812221,3,1.0895419146157508e-05,0.8731182795698925,COMPLETE
34,0.37668168048063916,2026-03-26 21:08:50.762195,2026-03-26 21:09:01.647737,0 days 00:00:10.885542,16,True,0.3966779173283157,96,0.0008107659924295773,2,5.655016820384549e-05,0.8344086021505376,COMPLETE
35,0.34464672828714055,2026-03-26 21:09:01.647737,2026-03-26 21:09:23.205968,0 days 00:00:21.558231,16,True,0.4184216703791841,192,0.0010474630645280487,3,1.6123356366734284e-05,0.8860215053763442,COMPLETE
36,0.36490754783153534,2026-03-26 21:09:23.215626,2026-03-26 21:09:30.665925,0 days 00:00:07.450299,32,True,0.4955125179840145,128,0.0008338578922653792,1,0.0001174907580289244,0.8817204301075269,COMPLETE
37,0.42038992544015247,2026-03-26 21:09:30.665925,2026-03-26 21:09:41.538014,0 days 00:00:10.872089,16,True,0.5478926911227506,64,0.0007505335084797738,2,2.2123785058060387e-05,0.8924731182795699,COMPLETE
38,0.32177887856960297,2026-03-26 21:09:41.538014,2026-03-26 21:10:02.905858,0 days 00:00:21.367844,16,True,0.2913721452354172,192,0.0006027666220887175,3,4.345207563987324e-05,0.9268817204301075,COMPLETE
39,0.34631191318233806,2026-03-26 21:10:02.905858,2026-03-26 21:10:24.908237,0 days 00:00:22.002379,16,True,0.2842423810722204,192,0.000510922455776609,3,4.9026563979981776e-05,0.9483870967741934,COMPLETE
40,0.3626474514603615,2026-03-26 21:10:24.909237,2026-03-26 21:10:33.514842,0 days 00:00:08.605605,32,True,0.24001221957862284,192,0.0005947470663354298,1,3.166963231369798e-05,0.8989247311827957,COMPLETE
41,0.355194757382075,2026-03-26 21:10:33.514842,2026-03-26 21:10:54.765875,0 days 00:00:21.251033,16,True,0.20350032712648194,192,0.0005705249570786316,3,6.762897681868499e-05,0.8838709677419355,COMPLETE
42,0.3795795316497485,2026-03-26 21:10:54.765875,2026-03-26 21:11:20.821196,0 days 00:00:26.055321,16,True,0.3489101706009617,256,0.0017986217172950532,3,4.039578732150162e-05,0.8924731182795699,COMPLETE
43,0.35476474463939667,2026-03-26 21:11:20.821196,2026-03-26 21:11:42.038843,0 days 00:00:21.217647,16,True,0.2893696163819593,192,0.0007202761038529879,3,9.875792905813564e-05,0.9139784946236559,COMPLETE
44,0.29564106464385986,2026-03-26 21:11:42.038843,2026-03-26 21:11:48.594323,0 days 00:00:06.555480,64,True,0.22208585998671246,96,0.001469864989629992,2,5.648349780158183e-05,0.8903225806451612,COMPLETE
45,0.33052489161491394,2026-03-26 21:11:48.594323,2026-03-26 21:11:55.233284,0 days 00:00:06.638961,64,True,0.2274626996912337,96,0.001425091920617399,2,6.191189916789598e-05,0.8494623655913978,COMPLETE
46,0.4247458279132843,2026-03-26 21:11:55.233284,2026-03-26 21:12:01.538562,0 days 00:00:06.305278,64,False,0.269529441556439,96,0.0016273832682508797,1,0.00014030212327719387,0.9268817204301075,COMPLETE
47,0.33822473883628845,2026-03-26 21:12:01.538562,2026-03-26 21:12:08.060631,0 days 00:00:06.522069,64,True,0.2278586477085384,96,0.0012364552446656961,2,0.0003172050822027128,0.8774193548387097,COMPLETE
48,0.31087493896484375,2026-03-26 21:12:08.060631,2026-03-26 21:12:14.532729,0 days 00:00:06.472098,64,False,0.30133648267579355,96,0.0019944333310502557,2,0.00020547234553832064,0.8709677419354839,COMPLETE
49,0.2461479753255844,2026-03-26 21:12:14.532729,2026-03-26 21:12:20.871028,0 days 00:00:06.338299,64,False,0.3098716561647461,96,0.0019086577181271112,2,0.0002240141069539676,0.8946236559139785,COMPLETE
50,0.35028770565986633,2026-03-26 21:12:20.871496,2026-03-26 21:12:27.278631,0 days 00:00:06.407135,64,False,0.31057259879704735,96,0.0017387003768070657,2,0.00019933941868239646,0.8795698924731183,COMPLETE
51,0.35674741864204407,2026-03-26 21:12:27.279631,2026-03-26 21:12:33.682201,0 days 00:00:06.402570,64,False,0.3283936535986156,96,0.001993086588253856,2,0.00021104102360684467,0.8258064516129033,COMPLETE
52,0.27681171894073486,2026-03-26 21:12:33.682201,2026-03-26 21:12:40.047424,0 days 00:00:06.365223,64,False,0.2729169723731176,96,0.00189742299119627,2,0.00016073205165551314,0.8881720430107527,COMPLETE
53,0.24300578236579895,2026-03-26 21:12:40.047424,2026-03-26 21:12:46.452343,0 days 00:00:06.404919,64,False,0.267512422848867,96,0.001885938881318588,2,0.0001698235747245517,0.9204301075268817,COMPLETE
54,0.33097490668296814,2026-03-26 21:12:46.452343,2026-03-26 21:12:52.868143,0 days 00:00:06.415800,64,False,0.21550015354491678,96,0.001854401464902971,2,0.00016216701861289346,0.8451612903225807,COMPLETE
55,0.3126480281352997,2026-03-26 21:12:52.868143,2026-03-26 21:12:59.270225,0 days 00:00:06.402082,64,False,0.2669799231964004,96,0.0015230175603385568,2,0.0004915465284999391,0.9032258064516129,COMPLETE
56,0.3219611346721649,2026-03-26 21:12:59.270225,2026-03-26 21:13:05.581223,0 days 00:00:06.310998,64,False,0.24368027254215105,96,0.0018703672253620014,2,8.482414795602601e-05,0.8,COMPLETE
57,0.28580132126808167,2026-03-26 21:13:05.581223,2026-03-26 21:13:11.957345,0 days 00:00:06.376122,64,False,0.2738996590449838,96,0.0017318836369783891,2,0.00030265906634654674,0.8817204301075269,COMPLETE
58,0.2807345986366272,2026-03-26 21:13:11.957345,2026-03-26 21:13:18.329171,0 days 00:00:06.371826,64,False,0.2626071899898319,96,0.001710202606430023,2,0.0002969884501341133,0.903225806451613,COMPLETE
59,0.3380052447319031,2026-03-26 21:13:18.329171,2026-03-26 21:13:24.708012,0 days 00:00:06.378841,64,False,0.28284547046583125,96,0.0017348834954186293,2,0.0002856900276225082,0.9311827956989246,COMPLETE
60,0.2809172570705414,2026-03-26 21:13:24.708012,2026-03-26 21:13:31.097405,0 days 00:00:06.389393,64,False,0.23684726091852523,96,0.001609426117179727,2,0.0004592382343052052,0.7935483870967742,COMPLETE
61,0.30963215231895447,2026-03-26 21:13:31.098403,2026-03-26 21:13:37.447168,0 days 00:00:06.348765,64,False,0.23354938068052655,96,0.0016192316630122261,2,0.0007195565634520775,0.8903225806451612,COMPLETE
62,0.27500513195991516,2026-03-26 21:13:37.447168,2026-03-26 21:13:43.923710,0 days 00:00:06.476542,64,False,0.25138847719032575,96,0.0016862352918320092,2,0.00036135697315292924,0.8903225806451613,COMPLETE
63,0.2944110333919525,2026-03-26 21:13:43.924171,2026-03-26 21:13:50.359212,0 days 00:00:06.435041,64,False,0.2533163455406471,96,0.0017775114411507065,2,0.0003851758094220918,0.9311827956989247,COMPLETE
64,0.3125704824924469,2026-03-26 21:13:50.362382,2026-03-26 21:13:56.778001,0 days 00:00:06.415619,64,False,0.2751144320886535,96,0.0016617740530081814,2,0.0004681647828193079,0.8817204301075269,COMPLETE
65,0.3061128854751587,2026-03-26 21:13:56.778001,2026-03-26 21:14:03.156867,0 days 00:00:06.378866,64,False,0.2511856377918124,96,0.0015522596478682253,2,0.0006063554267156194,0.8494623655913979,COMPLETE
66,0.28953927755355835,2026-03-26 21:14:03.156867,2026-03-26 21:14:09.628946,0 days 00:00:06.472079,64,False,0.30103827905286823,96,0.0019060618213860207,2,0.00034970548100792063,0.9204301075268817,COMPLETE
67,0.233332559466362,2026-03-26 21:14:09.628946,2026-03-26 21:14:16.009136,0 days 00:00:06.380190,64,False,0.21455024664374778,96,0.0017051965474953253,2,0.00023726131749084582,0.8903225806451613,COMPLETE
68,0.3023599088191986,2026-03-26 21:14:16.010643,2026-03-26 21:14:22.456355,0 days 00:00:06.445712,64,False,0.20834711513268483,96,0.0019364947035548758,2,0.00023571874979820225,0.8903225806451613,COMPLETE
69,0.3060879111289978,2026-03-26 21:14:22.456355,2026-03-26 21:14:28.873588,0 days 00:00:06.417233,64,False,0.25743047445173406,96,0.0017957045643372028,2,0.00017663828757383046,0.8666666666666667,COMPLETE
70,0.3480246961116791,2026-03-26 21:14:28.873588,2026-03-26 21:14:35.333904,0 days 00:00:06.460316,64,False,0.2359868384873585,64,0.0016797998603653161,2,0.00026544754745819844,0.8774193548387097,COMPLETE
71,0.25724169611930847,2026-03-26 21:14:35.333904,2026-03-26 21:14:41.701678,0 days 00:00:06.367774,64,False,0.2770890283662748,96,0.0017296698883501563,2,0.0004120990845508918,0.8860215053763442,COMPLETE
72,0.24674834311008453,2026-03-26 21:14:41.701678,2026-03-26 21:14:48.170951,0 days 00:00:06.469273,64,False,0.2440162646429747,96,0.0015966399468803523,2,0.0004175551850648414,0.9010752688172043,COMPLETE
73,0.3082345426082611,2026-03-26 21:14:48.170951,2026-03-26 21:14:54.549906,0 days 00:00:06.378955,64,False,0.21716440583810276,96,0.0018370708979836615,2,0.000380304545321495,0.8645161290322582,COMPLETE
74,0.22921466827392578,2026-03-26 21:14:54.549906,2026-03-26 21:15:00.905165,0 days 00:00:06.355259,64,False,0.26117007787134167,96,0.001391442415103033,2,0.0005665653896901838,0.886021505376344,COMPLETE
75,0.31295713782310486,2026-03-26 21:15:00.905165,2026-03-26 21:15:07.293908,0 days 00:00:06.388743,64,False,0.2464216765364018,96,0.0013716042149387068,2,0.000574485259467195,0.8430107526881722,COMPLETE
76,0.34880679845809937,2026-03-26 21:15:07.293908,2026-03-26 21:15:13.679768,0 days 00:00:06.385860,64,False,0.29893712907569014,96,0.0015379404966612124,2,0.000416906494099387,0.8645161290322582,COMPLETE
77,0.29246607422828674,2026-03-26 21:15:13.679768,2026-03-26 21:15:20.004479,0 days 00:00:06.324711,64,False,0.27980978870377765,96,0.0019223658169701461,2,0.00022589266211621182,0.956989247311828,COMPLETE
78,0.37946686148643494,2026-03-26 21:15:20.004479,2026-03-26 21:15:26.452966,0 days 00:00:06.448487,64,False,0.3355560063346956,96,0.0014849140247963195,2,0.000349292849116582,0.8709677419354839,COMPLETE
79,0.33532392978668213,2026-03-26 21:15:26.452966,2026-03-26 21:15:32.793696,0 days 00:00:06.340730,64,False,0.26215145343257595,96,0.00139411576238513,2,0.0006471229419466872,0.8172043010752689,COMPLETE
80,0.3892635554075241,2026-03-26 21:15:32.795700,2026-03-26 21:15:40.438257,0 days 00:00:07.642557,32,False,0.31077911095634625,96,0.0013075523158293083,2,0.000823895176458408,0.9032258064516129,COMPLETE
81,0.2951251268386841,2026-03-26 21:15:40.438257,2026-03-26 21:15:46.893743,0 days 00:00:06.455486,64,False,0.2624982906010337,96,0.0017016245766753597,2,0.00018247563865506455,0.9010752688172043,COMPLETE
82,0.22524254024028778,2026-03-26 21:15:46.893743,2026-03-26 21:15:53.335978,0 days 00:00:06.442235,64,False,0.2110743156913436,96,0.0017842428517495677,2,0.00011619688069166313,0.9096774193548387,COMPLETE
83,0.3204714059829712,2026-03-26 21:15:53.335978,2026-03-26 21:15:59.751803,0 days 00:00:06.415825,64,False,0.20032775126293856,64,0.001819080439313826,2,0.00011405128317314724,0.9182795698924731,COMPLETE
84,0.3160359859466553,2026-03-26 21:15:59.754531,2026-03-26 21:16:06.182224,0 days 00:00:06.427693,64,False,0.20958610509034986,96,0.0019547022667176293,2,0.00013167765936396763,0.8817204301075269,COMPLETE
85,0.26781412959098816,2026-03-26 21:16:06.182224,2026-03-26 21:16:12.481585,0 days 00:00:06.299361,64,False,0.2447524430723317,96,0.0016458902150670958,2,0.00015311564663632362,0.9311827956989247,COMPLETE
86,0.3137887418270111,2026-03-26 21:16:12.481585,2026-03-26 21:16:18.820378,0 days 00:00:06.338793,64,False,0.22629936095476122,96,0.0015692903749745053,2,0.00025177218933680555,0.8623655913978495,COMPLETE
87,0.27993935346603394,2026-03-26 21:16:18.820378,2026-03-26 21:16:25.225717,0 days 00:00:06.405339,64,False,0.2472272562729375,96,0.0016535206830606975,2,0.000531318216216639,0.8473118279569892,COMPLETE
88,0.35563361644744873,2026-03-26 21:16:25.225717,2026-03-26 21:16:32.881640,0 days 00:00:07.655923,64,False,0.21827552809293455,256,0.0017549585566721726,2,0.00015098209606476384,0.9096774193548387,COMPLETE
89,0.36613789945840836,2026-03-26 21:16:32.882106,2026-03-26 21:16:40.449929,0 days 00:00:07.567823,32,False,0.23480442724557118,96,0.0015753555304276825,2,0.00011380329014471416,0.8666666666666667,COMPLETE
90,0.3102807104587555,2026-03-26 21:16:40.449929,2026-03-26 21:16:47.060294,0 days 00:00:06.610365,64,False,0.2127510240622142,96,0.001509438733066088,2,0.00019230407397926593,0.8881720430107527,COMPLETE
91,0.287147581577301,2026-03-26 21:16:47.060744,2026-03-26 21:16:53.459219,0 days 00:00:06.398475,64,False,0.27183541374689546,96,0.0018826362477739366,2,0.00016145421641773869,0.9010752688172043,COMPLETE
92,0.36197489500045776,2026-03-26 21:16:53.459219,2026-03-26 21:16:59.754682,0 days 00:00:06.295463,64,False,0.2967800053906172,96,0.0018377736021371227,2,0.0001346825184637025,0.9053763440860215,COMPLETE
93,0.2593494951725006,2026-03-26 21:16:59.754682,2026-03-26 21:17:06.094917,0 days 00:00:06.340235,64,False,0.24249472498577768,96,0.0017834629049455633,2,0.0001044712453585101,0.9139784946236559,COMPLETE
94,0.298683226108551,2026-03-26 21:17:06.094917,2026-03-26 21:17:12.462292,0 days 00:00:06.367375,64,False,0.2435341699209266,96,0.0017962692083164492,2,0.0007001194856584736,0.8903225806451612,COMPLETE
95,0.35596877336502075,2026-03-26 21:17:12.462292,2026-03-26 21:17:18.803964,0 days 00:00:06.341672,64,False,0.22545308646919338,96,0.001658986230349112,2,0.0001012752380651856,0.8408602150537634,COMPLETE
96,0.2608984410762787,2026-03-26 21:17:18.803964,2026-03-26 21:17:25.201772,0 days 00:00:06.397808,64,False,0.25581789820444323,96,0.0016187089441982762,2,7.708247476244502e-05,0.870967741935484,COMPLETE
97,0.6494904160499573,2026-03-26 21:17:25.201772,2026-03-26 21:17:26.443556,0 days 00:00:01.241784,64,False,0.2570077184873882,128,0.0014375354887391975,2,0.00010663701474304166,,PRUNED
98,0.33061039447784424,2026-03-26 21:17:26.443556,2026-03-26 21:17:32.832204,0 days 00:00:06.388648,64,False,0.22983079799959988,96,0.0016040861653411126,2,0.00012557929691326837,0.9075268817204302,COMPLETE
99,0.49043798446655273,2026-03-26 21:17:32.832204,2026-03-26 21:17:34.027385,0 days 00:00:01.195181,64,False,0.2837362450057293,64,0.0017561159178711978,2,8.807264095628927e-05,,PRUNED
