number,value,datetime_start,datetime_complete,duration,params_batch_size,params_bidirectional,params_dropout_fc,params_hidden_size,params_lr,params_num_layers,params_weight_decay,user_attrs_best_val_auc,state
0,0.2693450301885605,2026-03-26 22:20:32.042659,2026-03-26 22:20:39.422195,0 days 00:00:07.379536,32,False,0.28493564427131046,96,0.0011504753106625046,1,0.0002607024758370766,0.9655172413793104,COMPLETE
1,0.3403501361608505,2026-03-26 22:20:39.422195,2026-03-26 22:20:57.257651,0 days 00:00:17.835456,32,True,0.4056937753654446,192,0.0007496501097315302,1,5.4041038546473305e-05,0.9331896551724139,COMPLETE
2,0.33728605260451633,2026-03-26 22:20:57.257651,2026-03-26 22:21:09.434644,0 days 00:00:12.176993,16,True,0.39807076404450803,128,0.0007627211116577326,3,1.5679933916722995e-05,0.959051724137931,COMPLETE
3,0.26255205273628235,2026-03-26 22:21:09.434644,2026-03-26 22:21:18.792242,0 days 00:00:09.357598,16,True,0.5687496940092467,96,0.0019174238140216384,2,0.0003550304858128307,0.915948275862069,COMPLETE
4,0.3094337359070778,2026-03-26 22:21:18.792242,2026-03-26 22:21:35.746748,0 days 00:00:16.954506,32,True,0.5947547746402069,256,0.0007380901894391266,1,0.00012172847081122418,0.9310344827586207,COMPLETE
5,0.4405168741941452,2026-03-26 22:21:35.746748,2026-03-26 22:21:49.291363,0 days 00:00:13.544615,16,True,0.22542334011440945,192,0.0008218411404269376,3,1.70505392602693e-05,,PRUNED
6,0.5150109231472015,2026-03-26 22:21:49.291363,2026-03-26 22:21:54.779357,0 days 00:00:05.487994,16,False,0.37101640734341984,256,0.0014355166831664403,2,0.0001326033192269654,,PRUNED
7,1.1037969589233398,2026-03-26 22:21:54.779357,2026-03-26 22:22:03.286444,0 days 00:00:08.507087,64,True,0.26448851490160175,192,0.000883171698312604,2,0.0003244160088734161,,PRUNED
8,0.3266506716609001,2026-03-26 22:22:03.286444,2026-03-26 22:22:11.924434,0 days 00:00:08.637990,16,True,0.3708431154505025,64,0.0015314309403948435,1,0.0006197015748809143,0.9202586206896551,COMPLETE
9,0.2853182852268219,2026-03-26 22:22:11.924434,2026-03-26 22:22:19.100375,0 days 00:00:07.175941,32,False,0.5887128330883842,96,0.0018478138267043395,1,4.4300218067679785e-05,0.9547413793103449,COMPLETE
10,0.49804553389549255,2026-03-26 22:22:19.101375,2026-03-26 22:22:20.272087,0 days 00:00:01.170712,64,False,0.4921467580828037,96,0.0005126065261429245,2,0.000909776644746289,,PRUNED
11,0.2319442480802536,2026-03-26 22:22:20.282506,2026-03-26 22:22:27.673711,0 days 00:00:07.391205,32,False,0.3105892373247919,96,0.0012231302387307307,2,0.0003124556445157575,0.9525862068965517,COMPLETE
12,0.6402882809440295,2026-03-26 22:22:27.673711,2026-03-26 22:22:29.325038,0 days 00:00:01.651327,16,False,0.488583310285665,96,0.001989339137905806,2,0.0003313043444452284,,PRUNED
13,0.5745943784713745,2026-03-26 22:22:29.325038,2026-03-26 22:22:30.739861,0 days 00:00:01.414823,32,False,0.48479112088536463,96,0.0011935722428894112,3,0.00021052295366378644,,PRUNED
14,0.31365418434143066,2026-03-26 22:22:30.739861,2026-03-26 22:22:37.224730,0 days 00:00:06.484869,64,True,0.3061875490475888,64,0.0015434928403303117,2,0.0005314258598210497,0.896551724137931,COMPLETE
15,0.25042209525903064,2026-03-26 22:22:37.224730,2026-03-26 22:22:45.894089,0 days 00:00:08.669359,16,False,0.5409061283025246,128,0.0011199195986339302,2,6.793020634935374e-05,0.9525862068965517,COMPLETE
16,0.5872759521007538,2026-03-26 22:22:45.894089,2026-03-26 22:22:47.306246,0 days 00:00:01.412157,32,False,0.32215015606454667,128,0.001135340221830199,2,6.22044675894069e-05,,PRUNED
17,0.23289715747038522,2026-03-26 22:22:47.306667,2026-03-26 22:22:56.494725,0 days 00:00:09.188058,16,False,0.2056841763517852,128,0.0009782778573381556,3,3.2504637584066725e-05,0.9267241379310345,COMPLETE
18,0.5240502059459686,2026-03-26 22:22:56.496727,2026-03-26 22:22:57.965582,0 days 00:00:01.468855,32,False,0.20527168575236945,128,0.0005720057323152887,3,2.6377065444296004e-05,,PRUNED
19,0.5416203737258911,2026-03-26 22:22:57.965582,2026-03-26 22:22:59.550335,0 days 00:00:01.584753,64,False,0.23284196178557373,128,0.0009328451208116886,3,1.0750568417218752e-05,,PRUNED
20,0.45563600957393646,2026-03-26 22:22:59.550335,2026-03-26 22:23:00.944917,0 days 00:00:01.394582,32,False,0.3351496492916558,64,0.001306785323715263,3,2.9880920724717516e-05,,PRUNED
21,0.7878741050759951,2026-03-26 22:23:00.944917,2026-03-26 22:23:02.552765,0 days 00:00:01.607848,16,False,0.4430976149682594,128,0.0010184569225342014,2,7.698049403980243e-05,,PRUNED
22,0.30914310614267987,2026-03-26 22:23:02.552765,2026-03-26 22:23:11.193296,0 days 00:00:08.640531,16,False,0.5436640331587117,128,0.0010389263083814416,2,0.00017251040811895485,0.9245689655172413,COMPLETE
23,0.2768364151318868,2026-03-26 22:23:11.193296,2026-03-26 22:23:19.817221,0 days 00:00:08.623925,16,False,0.2557522839334993,128,0.0013489371032554683,2,3.2664256477852077e-05,0.9719827586206897,COMPLETE
24,0.4747675955295563,2026-03-26 22:23:19.827002,2026-03-26 22:23:22.028972,0 days 00:00:02.201970,16,False,0.3443844536829049,128,0.0006488800675346212,3,9.527431117572867e-05,,PRUNED
25,0.5358037004868189,2026-03-26 22:23:22.030977,2026-03-26 22:23:28.360875,0 days 00:00:06.329898,16,False,0.4390805223568536,256,0.0009875094109561109,2,4.308214147325438e-05,,PRUNED
26,0.6062160134315491,2026-03-26 22:23:28.360875,2026-03-26 22:23:30.526206,0 days 00:00:02.165331,16,False,0.2895605382777116,128,0.0016721690347678885,3,8.610989532880536e-05,,PRUNED
27,0.43748388191064197,2026-03-26 22:23:30.526206,2026-03-26 22:23:32.144342,0 days 00:00:01.618136,16,False,0.5290006572291865,128,0.001261703114522419,2,2.0873349087835714e-05,,PRUNED
28,0.2699003219604492,2026-03-26 22:23:32.144342,2026-03-26 22:23:38.430786,0 days 00:00:06.286444,64,False,0.20540842639265702,96,0.0011017943375784634,2,0.000135580136563899,0.9094827586206897,COMPLETE
29,0.5220797583460808,2026-03-26 22:23:38.432711,2026-03-26 22:23:39.733842,0 days 00:00:01.301131,32,False,0.2661902660041021,96,0.0008706710315980619,1,0.00019208810356344613,,PRUNED
30,0.6374183595180511,2026-03-26 22:23:39.743637,2026-03-26 22:23:45.961000,0 days 00:00:06.217363,32,False,0.4412152080195841,192,0.0012299128173536165,3,6.895620492575035e-05,,PRUNED
31,0.27433449029922485,2026-03-26 22:23:45.961000,2026-03-26 22:23:55.507006,0 days 00:00:09.546006,16,True,0.5519656870101202,96,0.001717463172210547,2,0.00047320816908629355,0.9461206896551724,COMPLETE
32,0.31577755014101666,2026-03-26 22:23:55.507006,2026-03-26 22:24:05.031567,0 days 00:00:09.524561,16,True,0.5588237266614187,96,0.001417201093886754,2,0.0002975781429210892,0.915948275862069,COMPLETE
33,0.3057854175567627,2026-03-26 22:24:05.031567,2026-03-26 22:24:14.613110,0 days 00:00:09.581543,16,True,0.5023256986395883,96,0.0010536287137348527,2,0.0004061410071325398,0.9137931034482759,COMPLETE
34,0.47467921177546185,2026-03-26 22:24:14.613110,2026-03-26 22:24:16.648233,0 days 00:00:02.035123,16,True,0.5748150955785174,96,0.0007999201015144507,1,0.0008874990983893902,,PRUNED
35,0.263027290503184,2026-03-26 22:24:16.648233,2026-03-26 22:25:00.734992,0 days 00:00:44.086759,16,True,0.5301979285670412,256,0.0006872398435661342,2,4.8028968781724725e-05,0.935344827586207,COMPLETE
36,0.3129051625728607,2026-03-26 22:25:00.734992,2026-03-26 22:25:08.501343,0 days 00:00:07.766351,32,True,0.40978708249474144,128,0.0011339341487897404,1,0.00022195457152096457,0.9568965517241379,COMPLETE
37,0.2727394203344981,2026-03-26 22:25:08.501343,2026-03-26 22:25:31.854150,0 days 00:00:23.352807,16,False,0.5993986750197682,192,0.0008968945665343721,2,0.00011384415518414208,0.9375,COMPLETE
38,0.26942095160484314,2026-03-26 22:25:31.854150,2026-03-26 22:25:41.852652,0 days 00:00:09.998502,16,True,0.37491909717196475,64,0.0009662714059671666,3,0.0006679977708713645,0.9310344827586207,COMPLETE
39,0.664677619934082,2026-03-26 22:25:41.852652,2026-03-26 22:25:45.367374,0 days 00:00:03.514722,32,False,0.46590940885152227,256,0.0015484257136307257,2,3.7804681374996755e-05,,PRUNED
40,0.32380873958269757,2026-03-26 22:25:45.369380,2026-03-26 22:25:54.813558,0 days 00:00:09.444178,16,True,0.516723338879332,96,0.0008140709609088181,2,0.00014874297618995384,0.9202586206896551,COMPLETE
41,0.40425750116507214,2026-03-26 22:25:54.813558,2026-03-26 22:26:05.105344,0 days 00:00:10.291786,16,True,0.520765946082694,256,0.0006748628573939229,2,5.513654610790268e-05,,PRUNED
42,0.29840338478485745,2026-03-26 22:26:05.105344,2026-03-26 22:26:49.342389,0 days 00:00:44.237045,16,True,0.5701922289492559,256,0.0006976947777866575,2,2.2225336422699785e-05,0.959051724137931,COMPLETE
43,0.6236635595560074,2026-03-26 22:26:49.342389,2026-03-26 22:26:57.595372,0 days 00:00:08.252983,16,True,0.537855180622734,256,0.0005907771761310783,2,5.247035094113046e-05,,PRUNED
44,0.6223311517387629,2026-03-26 22:26:57.595372,2026-03-26 22:27:07.991329,0 days 00:00:10.395957,16,True,0.5797258286224442,256,0.0007419410840684029,2,0.0002668195500401468,,PRUNED
45,0.42861121892929077,2026-03-26 22:27:07.991329,2026-03-26 22:27:13.233449,0 days 00:00:05.242120,64,True,0.4663782067485994,192,0.0019919786781162872,2,1.5851757836710304e-05,,PRUNED
46,0.3136366009712219,2026-03-26 22:27:13.233449,2026-03-26 22:27:21.999663,0 days 00:00:08.766214,16,False,0.24290955772490042,96,0.0017978221048316064,1,4.059547987215107e-05,0.9331896551724138,COMPLETE
47,0.5210572257637978,2026-03-26 22:27:21.999663,2026-03-26 22:27:24.052945,0 days 00:00:02.053282,32,True,0.2807911656669663,128,0.0005184322334923928,2,0.0004016983696893224,,PRUNED
48,0.2644614403446515,2026-03-26 22:27:24.052945,2026-03-26 22:27:32.938736,0 days 00:00:08.885791,16,False,0.3945079430067216,64,0.0014302861849259728,2,4.984682114130424e-05,0.9719827586206897,COMPLETE
49,0.24674761295318604,2026-03-26 22:27:32.938736,2026-03-26 22:27:48.345344,0 days 00:00:15.406608,64,False,0.5074527007083777,256,0.0011777197553229507,3,0.00010474078567890925,0.9547413793103449,COMPLETE
50,0.25590211153030396,2026-03-26 22:27:48.345344,2026-03-26 22:27:54.873326,0 days 00:00:06.527982,64,False,0.3468312985070265,96,0.0010793337318068636,3,1.1505461767976149e-05,0.9719827586206897,COMPLETE
51,0.4589589536190033,2026-03-26 22:27:54.873326,2026-03-26 22:27:56.081569,0 days 00:00:01.208243,64,False,0.35355622062335545,96,0.0010689386619470692,3,1.3148513147286688e-05,,PRUNED
52,0.5830644369125366,2026-03-26 22:27:56.081569,2026-03-26 22:27:57.396833,0 days 00:00:01.315264,64,False,0.316434656574156,96,0.0011757208770674552,3,1.9816013561306976e-05,,PRUNED
53,0.686617910861969,2026-03-26 22:27:57.398836,2026-03-26 22:27:58.600417,0 days 00:00:01.201581,64,False,0.36153835482142205,96,0.0013220512221877264,3,1.1580090505409192e-05,,PRUNED
54,0.46722719073295593,2026-03-26 22:27:58.600417,2026-03-26 22:27:59.868049,0 days 00:00:01.267632,64,False,0.41923723498723553,128,0.0009444997829461188,3,0.00010518786614997445,,PRUNED
55,0.4080796539783478,2026-03-26 22:27:59.868049,2026-03-26 22:28:01.379377,0 days 00:00:01.511328,64,False,0.3911942926146398,96,0.001228080530088215,3,0.0002386605257626639,,PRUNED
56,0.8977136611938477,2026-03-26 22:28:01.379377,2026-03-26 22:28:02.651960,0 days 00:00:01.272583,64,False,0.3114128033983168,128,0.001102058841812207,3,0.00016266735516953153,,PRUNED
57,0.8538033366203308,2026-03-26 22:28:02.653321,2026-03-26 22:28:04.205072,0 days 00:00:01.551751,64,False,0.33129300601370326,96,0.0009997075681898813,3,3.123394559822815e-05,,PRUNED
58,0.523875892162323,2026-03-26 22:28:04.214731,2026-03-26 22:28:05.511444,0 days 00:00:01.296713,64,False,0.29379495474394657,128,0.0008733458218493297,3,8.020234465525335e-05,,PRUNED
59,0.4920825660228729,2026-03-26 22:28:05.511444,2026-03-26 22:28:06.883817,0 days 00:00:01.372373,32,False,0.21542025188247335,64,0.001176591368264673,3,2.4598400991783958e-05,,PRUNED
60,0.42235463857650757,2026-03-26 22:28:06.883817,2026-03-26 22:28:08.091662,0 days 00:00:01.207845,64,False,0.5081538738200156,96,0.001609426117179727,3,6.315028708903011e-05,,PRUNED
61,0.6949965755144755,2026-03-26 22:28:08.091662,2026-03-26 22:28:13.446110,0 days 00:00:05.354448,16,False,0.5376186646058096,256,0.0013453324172638381,2,3.3591051331424263e-05,,PRUNED
62,0.3528585880994797,2026-03-26 22:28:13.446110,2026-03-26 22:28:41.595752,0 days 00:00:28.149642,16,False,0.4843482852406002,256,0.000616052087805237,2,9.423745931031939e-05,0.9245689655172414,COMPLETE
63,0.43143150210380554,2026-03-26 22:28:41.595752,2026-03-26 22:28:45.006436,0 days 00:00:03.410684,32,False,0.5633432784833371,256,0.0012915926757115115,2,6.861517309481732e-05,,PRUNED
64,0.30320459604263306,2026-03-26 22:28:45.007436,2026-03-26 22:29:11.578069,0 days 00:00:26.570633,64,True,0.5550615871833396,256,0.0010907615357958274,3,0.00034875268646613033,0.9439655172413793,COMPLETE
65,0.7215878367424011,2026-03-26 22:29:11.578069,2026-03-26 22:29:16.816277,0 days 00:00:05.238208,16,False,0.5826504796273974,256,0.0018744414874259637,2,4.576543727565327e-05,,PRUNED
66,0.48064593474070233,2026-03-26 22:29:16.818282,2026-03-26 22:29:21.485952,0 days 00:00:04.667670,16,False,0.5464893247364299,192,0.0009250610038919169,2,1.8031406173448937e-05,,PRUNED
67,0.9744944423437119,2026-03-26 22:29:21.486961,2026-03-26 22:29:23.254562,0 days 00:00:01.767601,32,True,0.46471865131700907,128,0.001471048228957284,2,0.0006033124033819498,,PRUNED
68,0.31710857649644214,2026-03-26 22:29:23.254562,2026-03-26 22:29:31.895027,0 days 00:00:08.640465,16,False,0.5260589944259595,96,0.0010197788883996193,2,0.0001288083070917587,0.9375,COMPLETE
69,0.44469261169433594,2026-03-26 22:29:31.895027,2026-03-26 22:29:33.212780,0 days 00:00:01.317753,64,False,0.4951589008437811,128,0.0007858263680024038,3,0.0008045395353766782,,PRUNED
70,0.34475456178188324,2026-03-26 22:29:33.212780,2026-03-26 22:30:17.160872,0 days 00:00:43.948092,16,True,0.2701772277483513,256,0.001228947444998676,2,5.6638925135257845e-05,0.8943965517241378,COMPLETE
71,0.5357136925061544,2026-03-26 22:30:17.162875,2026-03-26 22:30:18.772860,0 days 00:00:01.609985,16,False,0.392001286862558,64,0.001379570990811919,2,4.8317641234818775e-05,,PRUNED
72,0.40312813719113666,2026-03-26 22:30:18.772860,2026-03-26 22:30:20.823535,0 days 00:00:02.050675,16,False,0.37489753024131545,64,0.0011348078968223217,2,3.4831508583108156e-05,,PRUNED
73,0.24937815964221954,2026-03-26 22:30:20.823535,2026-03-26 22:30:29.576684,0 days 00:00:08.753149,16,False,0.4276725039864058,64,0.0012746504196720113,2,2.7225851803174617e-05,0.9396551724137931,COMPLETE
74,0.2561611582835515,2026-03-26 22:30:29.576684,2026-03-26 22:30:38.751137,0 days 00:00:09.174453,16,False,0.29864117929727724,64,0.001280246058006068,2,2.8022240201221605e-05,0.9245689655172413,COMPLETE
75,0.3013298412164052,2026-03-26 22:30:38.751137,2026-03-26 22:30:47.441550,0 days 00:00:08.690413,16,False,0.3001937125901581,64,0.0012112092006856562,2,2.5880111352406184e-05,0.9375,COMPLETE
76,0.19503645909329256,2026-03-26 22:30:47.441550,2026-03-26 22:30:56.182208,0 days 00:00:08.740658,16,False,0.33692429738787383,64,0.001483824566887317,2,2.784573569816716e-05,0.9633620689655172,COMPLETE
77,0.23830016454060873,2026-03-26 22:30:56.182208,2026-03-26 22:31:04.789310,0 days 00:00:08.607102,16,False,0.3248632813889472,64,0.0012733654193190541,2,2.9211961701644445e-05,0.9504310344827587,COMPLETE
78,0.5877064764499664,2026-03-26 22:31:04.789310,2026-03-26 22:31:06.173936,0 days 00:00:01.384626,32,False,0.3348421317199656,64,0.0013876397320418663,2,1.4022257692822094e-05,,PRUNED
79,0.6428542931874593,2026-03-26 22:31:06.173936,2026-03-26 22:31:07.841912,0 days 00:00:01.667976,16,False,0.34754082702530087,64,0.0011649658679355353,3,2.3417594903575474e-05,,PRUNED
80,0.2743480900923411,2026-03-26 22:31:07.841912,2026-03-26 22:31:16.098759,0 days 00:00:08.256847,16,False,0.3207096466154209,64,0.001524061811457267,1,3.6850178572309596e-05,0.9267241379310345,COMPLETE
81,0.25272712856531143,2026-03-26 22:31:16.098759,2026-03-26 22:31:24.918276,0 days 00:00:08.819517,16,False,0.2766089591452615,64,0.0012673862029494419,2,2.8347003074617524e-05,0.9741379310344829,COMPLETE
82,0.31507722040017444,2026-03-26 22:31:24.920279,2026-03-26 22:31:33.539986,0 days 00:00:08.619707,16,False,0.28214916661728895,64,0.0012580654748374242,2,1.9037115800051684e-05,0.9504310344827587,COMPLETE
83,0.30115660031636554,2026-03-26 22:31:33.539986,2026-03-26 22:31:42.654393,0 days 00:00:09.114407,16,False,0.23825868066526185,64,0.0010544950306371702,2,2.9881066213544532e-05,0.9224137931034484,COMPLETE
84,0.32980665812889737,2026-03-26 22:31:42.654393,2026-03-26 22:31:51.362455,0 days 00:00:08.708062,16,False,0.32616330468692034,64,0.0014795365843080007,2,3.9430745011520405e-05,0.959051724137931,COMPLETE
85,0.21097337206204733,2026-03-26 22:31:51.363453,2026-03-26 22:32:00.185656,0 days 00:00:08.822203,16,False,0.36149603099295313,64,0.00111812691115201,2,1.682731585202078e-05,0.9396551724137931,COMPLETE
86,0.4782329301039378,2026-03-26 22:32:00.185656,2026-03-26 22:32:01.797025,0 days 00:00:01.611369,16,False,0.30933484662025806,64,0.0011471728662634042,2,1.548265496741041e-05,,PRUNED
87,0.22467420995235443,2026-03-26 22:32:01.803665,2026-03-26 22:32:10.080866,0 days 00:00:08.277201,16,False,0.2500490937405725,64,0.0013358317557515518,1,2.6963516257994768e-05,0.9633620689655171,COMPLETE
88,0.253293255964915,2026-03-26 22:32:10.080866,2026-03-26 22:32:18.444046,0 days 00:00:08.363180,16,False,0.22387989376732995,64,0.0013351595045720144,1,2.1639511464998816e-05,0.9375,COMPLETE
89,0.22840954860051474,2026-03-26 22:32:18.444046,2026-03-26 22:32:26.824627,0 days 00:00:08.380581,16,False,0.25221939885249145,64,0.0011264073051911968,1,2.496399296827541e-05,0.9547413793103449,COMPLETE
90,0.26499814291795093,2026-03-26 22:32:26.824627,2026-03-26 22:32:35.124541,0 days 00:00:08.299914,16,False,0.25452784117487987,64,0.0009667858264224374,1,2.4507835734050185e-05,0.9719827586206897,COMPLETE
91,0.20776179184516272,2026-03-26 22:32:35.124541,2026-03-26 22:32:43.405103,0 days 00:00:08.280562,16,False,0.25067972765158486,64,0.0011113475552199889,1,1.6161587910884855e-05,0.9504310344827587,COMPLETE
92,0.3152749886115392,2026-03-26 22:32:43.414954,2026-03-26 22:32:51.745440,0 days 00:00:08.330486,16,False,0.24957583742291123,64,0.00118917704765666,1,1.7128955014452007e-05,0.9375,COMPLETE
93,0.2844609667857488,2026-03-26 22:32:51.745440,2026-03-26 22:33:00.139313,0 days 00:00:08.393873,16,False,0.20066586335997072,64,0.0011260939322960298,1,2.009219026683566e-05,0.9202586206896551,COMPLETE
94,0.5070580542087555,2026-03-26 22:33:00.139313,2026-03-26 22:33:01.820479,0 days 00:00:01.681166,16,False,0.2252047478730944,64,0.0010284256499361892,1,1.0075658171841314e-05,,PRUNED
95,0.2940983871618907,2026-03-26 22:33:01.820479,2026-03-26 22:33:10.110756,0 days 00:00:08.290277,16,False,0.3662329170407981,64,0.0013800329409305763,1,2.213736431276607e-05,0.9396551724137931,COMPLETE
96,0.5576104919115702,2026-03-26 22:33:10.110756,2026-03-26 22:33:11.773957,0 days 00:00:01.663201,16,False,0.2141263288866435,64,0.0012383837862447314,1,1.354613766041754e-05,,PRUNED
97,0.5179829895496368,2026-03-26 22:33:11.773957,2026-03-26 22:33:13.072827,0 days 00:00:01.298870,32,False,0.3820464087197181,64,0.0013017096034489688,1,1.5127370990744428e-05,,PRUNED
98,0.31220221022764844,2026-03-26 22:33:13.079456,2026-03-26 22:33:21.374713,0 days 00:00:08.295257,16,False,0.4246879831316843,64,0.0011046905431747122,1,2.6081633510158428e-05,0.9375,COMPLETE
99,0.3871747801701228,2026-03-26 22:33:21.374713,2026-03-26 22:33:23.131251,0 days 00:00:01.756538,16,False,0.2634570885209056,64,0.0011882611240345467,1,3.2861601099007994e-05,,PRUNED
