number,value,datetime_start,datetime_complete,duration,params_batch_size,params_bidirectional,params_dropout_fc,params_hidden_size,params_lr,params_num_layers,params_weight_decay,user_attrs_best_val_auc,state
0,0.44921576976776123,2026-03-23 17:51:27.369132,2026-03-23 17:51:37.096095,0 days 00:00:09.726963,32,False,0.28493564427131046,96,0.0011504753106625046,1,0.0002607024758370766,0.9053763440860214,COMPLETE
1,0.5030331909656525,2026-03-23 17:51:37.096095,2026-03-23 17:51:58.832465,0 days 00:00:21.736370,32,True,0.4056937753654446,192,0.0007496501097315302,1,5.4041038546473305e-05,0.8709677419354839,COMPLETE
2,0.3989255130290985,2026-03-23 17:51:58.835553,2026-03-23 17:52:13.641139,0 days 00:00:14.805586,16,True,0.39807076404450803,128,0.0007627211116577326,3,1.5679933916722995e-05,0.886021505376344,COMPLETE
3,0.3635541747013728,2026-03-23 17:52:13.641139,2026-03-23 17:52:25.302526,0 days 00:00:11.661387,16,True,0.5687496940092467,96,0.0019174238140216384,2,0.0003550304858128307,0.9010752688172042,COMPLETE
4,0.47820495069026947,2026-03-23 17:52:25.302526,2026-03-23 17:52:46.347845,0 days 00:00:21.045319,32,True,0.5947547746402069,256,0.0007380901894391266,1,0.00012172847081122418,0.8645161290322582,COMPLETE
5,0.3860403001308441,2026-03-23 17:52:46.348845,2026-03-23 17:53:53.746982,0 days 00:01:07.398137,16,True,0.22542334011440945,192,0.0008218411404269376,3,1.70505392602693e-05,0.903225806451613,COMPLETE
6,0.3714809368054072,2026-03-23 17:53:53.747958,2026-03-23 17:54:28.127223,0 days 00:00:34.379265,16,False,0.37101640734341984,256,0.0014355166831664403,2,0.0001326033192269654,0.896774193548387,COMPLETE
7,0.3573674261569977,2026-03-23 17:54:28.128730,2026-03-23 17:55:04.914647,0 days 00:00:36.785917,64,True,0.26448851490160175,192,0.000883171698312604,2,0.0003244160088734161,0.8817204301075269,COMPLETE
8,0.36624177793661755,2026-03-23 17:55:04.914647,2026-03-23 17:55:15.767585,0 days 00:00:10.852938,16,True,0.3708431154505025,64,0.0015314309403948435,1,0.0006197015748809143,0.8623655913978495,COMPLETE
9,0.6420195922255516,2026-03-23 17:55:15.767585,2026-03-23 17:55:17.401099,0 days 00:00:01.633514,32,False,0.5887128330883842,96,0.0018478138267043395,1,4.4300218067679785e-05,,PRUNED
10,0.3863844871520996,2026-03-23 17:55:17.401099,2026-03-23 17:55:36.990151,0 days 00:00:19.589052,64,False,0.2062379198633824,192,0.0005126065261429245,2,0.0009044366299969405,0.8666666666666667,COMPLETE
11,0.41213753819465637,2026-03-23 17:55:36.990151,2026-03-23 17:55:45.945049,0 days 00:00:08.954898,64,True,0.5002938099850849,96,0.0010532390201446653,2,0.0003559891344492092,0.8623655913978494,COMPLETE
12,0.33761346340179443,2026-03-23 17:55:45.945049,2026-03-23 17:55:56.452576,0 days 00:00:10.507527,64,True,0.488583310285665,128,0.00192852464531324,2,0.00031585845191413754,0.8903225806451613,COMPLETE
13,0.2886854410171509,2026-03-23 17:55:56.452576,2026-03-23 17:56:09.532501,0 days 00:00:13.079925,64,True,0.48479112088536463,128,0.0005528788971444906,3,0.00019743824912832604,0.8881720430107527,COMPLETE
14,0.32910028100013733,2026-03-23 17:56:09.532501,2026-03-23 17:56:22.679295,0 days 00:00:13.146794,64,True,0.4812201349687466,128,0.000503154687052616,3,0.00017311542042698055,0.8774193548387097,COMPLETE
15,0.3154066801071167,2026-03-23 17:56:22.682824,2026-03-23 17:56:35.755106,0 days 00:00:13.072282,64,True,0.4911398760504757,128,0.0005096044015041038,3,6.793020634935374e-05,0.896774193548387,COMPLETE
16,0.318401962518692,2026-03-23 17:56:35.755106,2026-03-23 17:56:48.896422,0 days 00:00:13.141316,64,True,0.5255186212856062,128,0.0006301173567370308,3,4.239687289378995e-05,0.89247311827957,COMPLETE
17,0.4093717634677887,2026-03-23 17:56:48.898953,2026-03-23 17:57:02.090713,0 days 00:00:13.191760,64,True,0.4438403493290678,128,0.0006084322301520073,3,6.254865098896414e-05,0.8731182795698925,COMPLETE
18,0.4945659041404724,2026-03-23 17:57:02.090713,2026-03-23 17:57:03.600707,0 days 00:00:01.509994,64,False,0.5366076639646671,64,0.0006093501680808076,3,7.860800872449196e-05,,PRUNED
19,0.3828483819961548,2026-03-23 17:57:03.600707,2026-03-23 17:57:16.699049,0 days 00:00:13.098342,64,True,0.4425723245148132,128,0.0005816602484172595,3,2.3953546270844148e-05,0.8924731182795699,COMPLETE
20,0.34800004959106445,2026-03-23 17:57:16.701380,2026-03-23 17:57:29.822454,0 days 00:00:13.121074,64,True,0.3345648262687899,128,0.0006645663964299058,3,2.922885019136631e-05,0.9075268817204302,COMPLETE
21,0.3216107189655304,2026-03-23 17:57:29.822454,2026-03-23 17:57:43.004259,0 days 00:00:13.181805,64,True,0.5364016348844207,128,0.0005477575980521097,3,3.607043561006575e-05,0.8989247311827957,COMPLETE
22,0.3639299273490906,2026-03-23 17:57:43.004259,2026-03-23 17:57:56.184416,0 days 00:00:13.180157,64,True,0.5286464239592084,128,0.000663590884012856,3,8.078320352814233e-05,0.8946236559139785,COMPLETE
23,0.28443390130996704,2026-03-23 17:57:56.184416,2026-03-23 17:58:09.292301,0 days 00:00:13.107885,64,True,0.44917494805175084,128,0.0006644851287336172,3,0.00019073296977228484,0.8924731182795698,COMPLETE
24,0.5197332501411438,2026-03-23 17:58:09.293848,2026-03-23 17:58:11.949115,0 days 00:00:02.655267,64,True,0.4692812104278433,128,0.0005488154433448157,3,0.000174710089030832,,PRUNED
25,0.3507879078388214,2026-03-23 17:58:11.949115,2026-03-23 17:58:20.955312,0 days 00:00:09.006197,64,True,0.4403250449174885,64,0.0009288692630359282,3,0.00021465195900207749,0.886021505376344,COMPLETE
26,0.5454167723655701,2026-03-23 17:58:20.958832,2026-03-23 17:58:22.650051,0 days 00:00:01.691219,64,False,0.4266167415489031,128,0.0006776270396114961,3,0.0005312443860865522,,PRUNED
27,0.3985317051410675,2026-03-23 17:58:22.650051,2026-03-23 17:58:48.492628,0 days 00:00:25.842577,64,True,0.47047595532667513,256,0.000548856765718114,2,0.00010272290271049496,0.8623655913978495,COMPLETE
28,0.3458172082901001,2026-03-23 17:58:48.492628,2026-03-23 17:59:01.749247,0 days 00:00:13.256619,64,True,0.5127408353458986,128,0.000576750977865076,3,0.00013869419607952306,0.896774193548387,COMPLETE
29,0.5548521131277084,2026-03-23 17:59:01.750793,2026-03-23 17:59:03.462574,0 days 00:00:01.711781,32,False,0.32066043027495433,128,0.0013017828530155636,2,0.00020494320882143938,,PRUNED
30,0.722857691347599,2026-03-23 17:59:03.463079,2026-03-23 17:59:06.016214,0 days 00:00:02.553135,32,True,0.5557563467718849,128,0.0005006719478299985,3,0.0004970063693719518,,PRUNED
31,0.3103031516075134,2026-03-23 17:59:06.016214,2026-03-23 17:59:19.130909,0 days 00:00:13.114695,64,True,0.5184420898882767,128,0.0006414381066489256,3,1.1237176196413646e-05,0.9268817204301075,COMPLETE
32,0.31686800718307495,2026-03-23 17:59:19.130909,2026-03-23 17:59:32.247948,0 days 00:00:13.117039,64,True,0.4650846274604167,128,0.0007254434449623323,3,2.1362516282412912e-05,0.8709677419354839,COMPLETE
33,0.5150251984596252,2026-03-23 17:59:32.247948,2026-03-23 17:59:34.699841,0 days 00:00:02.451893,64,True,0.5062577394339629,128,0.0006952981189092942,3,1.0753501517817467e-05,,PRUNED
34,0.27984941005706787,2026-03-23 17:59:34.700336,2026-03-23 17:59:47.812596,0 days 00:00:13.112260,64,True,0.3986412432475632,128,0.0007999201015144507,3,1.1808752331008976e-05,0.9225806451612903,COMPLETE
35,0.48356706897417706,2026-03-23 17:59:47.818134,2026-03-23 17:59:50.200377,0 days 00:00:02.382243,16,True,0.3979425452626269,96,0.0007797371755726885,3,1.0224540557664159e-05,,PRUNED
36,0.6468579769134521,2026-03-23 17:59:50.201383,2026-03-23 17:59:58.932957,0 days 00:00:08.731574,32,True,0.40851586412451046,256,0.0008175827887865905,3,1.3891492314707989e-05,,PRUNED
37,0.4324890673160553,2026-03-23 17:59:58.934963,2026-03-23 18:00:08.526465,0 days 00:00:09.591502,64,True,0.37800454369043746,192,0.0008972654654555599,3,1.745845896768809e-05,,PRUNED
38,0.36880315964420635,2026-03-23 18:00:08.526465,2026-03-23 18:00:20.642811,0 days 00:00:12.116346,16,True,0.562022115298193,128,0.000809465587382741,2,0.00027134904934681005,0.896774193548387,COMPLETE
39,0.3754775822162628,2026-03-23 18:00:20.642811,2026-03-23 18:00:29.545668,0 days 00:00:08.902857,64,True,0.33038742291720424,64,0.0010406782924010701,3,1.351100923234264e-05,0.9311827956989247,COMPLETE
40,0.7726699337363243,2026-03-23 18:00:29.546143,2026-03-23 18:00:31.173442,0 days 00:00:01.627299,32,False,0.41973866555575906,128,0.0007576964364593106,1,0.00011620678426612704,,PRUNED
41,0.35214853286743164,2026-03-23 18:00:31.173442,2026-03-23 18:00:44.418035,0 days 00:00:13.244593,64,True,0.4641967521652271,128,0.0006375290145667162,3,2.037458816218843e-05,0.8903225806451613,COMPLETE
42,0.3660268783569336,2026-03-23 18:00:44.419040,2026-03-23 18:00:57.544021,0 days 00:00:13.124981,64,True,0.4502030815451177,128,0.0005770423056452406,3,2.96578638937969e-05,0.8774193548387097,COMPLETE
43,0.4392232596874237,2026-03-23 18:00:57.546552,2026-03-23 18:01:04.352663,0 days 00:00:06.806111,64,True,0.4933169666828153,256,0.000713968812015372,3,0.00015424977417728564,,PRUNED
44,0.5332498550415039,2026-03-23 18:01:04.353678,2026-03-23 18:01:16.773167,0 days 00:00:12.419489,16,True,0.3897314470060603,192,0.0005451728860134858,3,0.0002355962527417762,,PRUNED
45,0.49702438712120056,2026-03-23 18:01:16.779866,2026-03-23 18:01:18.572960,0 days 00:00:01.793094,64,True,0.5504827617043864,96,0.0008613507944613862,3,6.191189916789598e-05,,PRUNED
46,0.34120306372642517,2026-03-23 18:01:18.573959,2026-03-23 18:01:29.149172,0 days 00:00:10.575213,64,True,0.5821833164632021,128,0.0006265580462646519,2,0.000397359167447554,0.9161290322580645,COMPLETE
47,0.3884059190750122,2026-03-23 18:01:29.154206,2026-03-23 18:01:42.351729,0 days 00:00:13.197523,64,True,0.3506911285876728,128,0.0005295725380113875,3,1.3101541167593504e-05,0.8946236559139785,COMPLETE
48,0.7078944444656372,2026-03-23 18:01:42.353231,2026-03-23 18:01:44.177850,0 days 00:00:01.824619,64,False,0.2835270801902763,128,0.000949069490074504,2,0.0008431383991436538,,PRUNED
49,0.3432890648643176,2026-03-23 18:01:44.179355,2026-03-23 18:01:59.059346,0 days 00:00:14.879991,16,True,0.5107023063477745,128,0.0005991733262384848,3,0.0002909266461663376,0.8946236559139785,COMPLETE
50,0.35867053270339966,2026-03-23 18:01:59.064063,2026-03-23 18:02:19.646399,0 days 00:00:20.582336,64,True,0.4841667809441706,192,0.0011458522350275382,1,8.724298038953052e-05,0.8731182795698925,COMPLETE
51,0.2809501886367798,2026-03-23 18:02:19.646399,2026-03-23 18:02:32.846340,0 days 00:00:13.199941,64,True,0.4569748476890669,128,0.0007246492172142583,3,1.6472552824246837e-05,0.8989247311827957,COMPLETE
52,0.5696374773979187,2026-03-23 18:02:32.846340,2026-03-23 18:02:35.319276,0 days 00:00:02.472936,64,True,0.42770779379711,128,0.0007544612331803213,3,1.7142355367771437e-05,,PRUNED
53,0.3132985532283783,2026-03-23 18:02:35.320283,2026-03-23 18:02:48.555141,0 days 00:00:13.234858,64,True,0.45167076168370873,128,0.0006496094556282387,3,1.1225375914272118e-05,0.8903225806451613,COMPLETE
54,0.31679484248161316,2026-03-23 18:02:48.555141,2026-03-23 18:03:01.716560,0 days 00:00:13.161419,64,True,0.41091573731519915,128,0.0006590389832126894,3,1.175881518887906e-05,0.9161290322580645,COMPLETE
55,0.5874959230422974,2026-03-23 18:03:01.719410,2026-03-23 18:03:03.524771,0 days 00:00:01.805361,64,True,0.4492037393220488,96,0.0007206414271085226,3,1.431235953188359e-05,,PRUNED
56,0.38676634430885315,2026-03-23 18:03:03.524771,2026-03-23 18:03:12.452510,0 days 00:00:08.927739,64,True,0.36500569610394545,64,0.0007866006574176684,3,1.172589269474678e-05,0.886021505376344,COMPLETE
57,0.30937016010284424,2026-03-23 18:03:12.459045,2026-03-23 18:03:25.693216,0 days 00:00:13.234171,64,True,0.45768176720870557,128,0.0006928457413325172,3,1.615479229503824e-05,0.8946236559139785,COMPLETE
58,0.5716610550880432,2026-03-23 18:03:25.693216,2026-03-23 18:03:27.383679,0 days 00:00:01.690463,64,False,0.4793079307502342,128,0.0006896147041719774,3,2.598261461045495e-05,,PRUNED
59,0.4374312162399292,2026-03-23 18:03:27.383679,2026-03-23 18:03:29.830096,0 days 00:00:02.446417,64,True,0.4327117389435966,128,0.0008545755952114625,3,1.842819815584004e-05,,PRUNED
60,0.5538670569658279,2026-03-23 18:03:29.830096,2026-03-23 18:03:32.415146,0 days 00:00:02.585050,32,True,0.5254462966561917,128,0.0017353473805248217,3,4.89168072064411e-05,,PRUNED
61,0.3611442744731903,2026-03-23 18:03:32.415600,2026-03-23 18:03:45.657121,0 days 00:00:13.241521,64,True,0.4530061969583401,128,0.0006543152870952522,3,1.0055376588631259e-05,0.9075268817204301,COMPLETE
62,0.37516647577285767,2026-03-23 18:03:45.658122,2026-03-23 18:03:58.993337,0 days 00:00:13.335215,64,True,0.4629260032041146,128,0.0005988045304546583,3,1.623557409637149e-05,0.8967741935483872,COMPLETE
63,0.34164974093437195,2026-03-23 18:03:58.993337,2026-03-23 18:04:12.149263,0 days 00:00:13.155926,64,True,0.4966856684021271,128,0.0006286370031173523,3,2.0900177901006423e-05,0.9096774193548387,COMPLETE
64,0.3503597676753998,2026-03-23 18:04:12.149263,2026-03-23 18:04:25.288465,0 days 00:00:13.139202,64,True,0.3884746065610464,128,0.0006939905580320339,3,1.4925138908370768e-05,0.9268817204301074,COMPLETE
65,0.6687020659446716,2026-03-23 18:04:25.289468,2026-03-23 18:04:32.043758,0 days 00:00:06.754290,64,True,0.47972862458750615,256,0.0007342895874634403,3,1.2277009262922919e-05,,PRUNED
66,0.3278334438800812,2026-03-23 18:04:32.045765,2026-03-23 18:04:45.212884,0 days 00:00:13.167119,64,True,0.41577258673550244,128,0.000573009862983538,3,0.00019862687233615349,0.924731182795699,COMPLETE
67,0.31848564743995667,2026-03-23 18:04:45.219404,2026-03-23 18:04:58.384794,0 days 00:00:13.165390,64,True,0.4365648153873875,128,0.0006206866133028984,3,3.141648947023311e-05,0.9096774193548387,COMPLETE
68,0.4335812032222748,2026-03-23 18:04:58.387052,2026-03-23 18:05:00.139037,0 days 00:00:01.751985,64,True,0.5177105986703332,64,0.000674640757952144,3,2.612826065746981e-05,,PRUNED
69,0.4015227754910787,2026-03-23 18:05:00.139542,2026-03-23 18:05:11.584883,0 days 00:00:11.445341,16,False,0.45623960491905696,128,0.0007858395071637119,3,1.1606065426341294e-05,0.9268817204301075,COMPLETE
70,0.4458399713039398,2026-03-23 18:05:11.585881,2026-03-23 18:05:14.014507,0 days 00:00:02.428626,64,True,0.2359868384873585,128,0.0005258504336755274,3,1.5949248820211982e-05,,PRUNED
71,0.3066052496433258,2026-03-23 18:05:14.016566,2026-03-23 18:05:27.161544,0 days 00:00:13.144978,64,True,0.49585350667491135,128,0.0005588097486938889,3,1.9416635097017557e-05,0.8924731182795699,COMPLETE
72,0.40204545855522156,2026-03-23 18:05:27.161544,2026-03-23 18:05:40.305382,0 days 00:00:13.143838,64,True,0.47293933471721894,128,0.0005719885479602172,3,1.949155560439739e-05,0.8903225806451613,COMPLETE
73,0.32191339135169983,2026-03-23 18:05:40.305856,2026-03-23 18:05:53.610294,0 days 00:00:13.304438,64,True,0.5424132180546827,128,0.0007065937945598411,3,2.347829894680942e-05,0.9032258064516129,COMPLETE
74,0.3182854652404785,2026-03-23 18:05:53.611019,2026-03-23 18:06:06.799173,0 days 00:00:13.188154,64,True,0.4976946297714887,128,0.000645613182297034,3,3.537217890285438e-05,0.8903225806451613,COMPLETE
75,0.36329296231269836,2026-03-23 18:06:06.799173,2026-03-23 18:06:16.584986,0 days 00:00:09.785813,64,True,0.40223523150777013,96,0.0005488721276592133,3,1.421565543425166e-05,0.896774193548387,COMPLETE
76,0.6072643995285034,2026-03-23 18:06:16.586156,2026-03-23 18:06:26.583134,0 days 00:00:09.996978,32,True,0.42148677671607093,192,0.0005962898165556266,3,1.0270589384424164e-05,,PRUNED
77,0.6457147598266602,2026-03-23 18:06:26.583134,2026-03-23 18:06:29.032991,0 days 00:00:02.449857,64,True,0.5039781661301216,128,0.000743685169144552,3,0.00017889172984523452,,PRUNED
78,0.3944762051105499,2026-03-23 18:06:29.032991,2026-03-23 18:06:42.180301,0 days 00:00:13.147310,64,True,0.485741491320951,128,0.0005597562783609312,3,1.3098125711382233e-05,0.8795698924731183,COMPLETE
79,0.48852041363716125,2026-03-23 18:06:42.180301,2026-03-23 18:06:47.024670,0 days 00:00:04.844369,64,True,0.5181141254952689,256,0.0005220338310268464,2,0.0003784422234116928,,PRUNED
80,0.38542523980140686,2026-03-23 18:06:47.024670,2026-03-23 18:07:00.235942,0 days 00:00:13.211272,64,True,0.43709192961235677,128,0.0006748101388363189,3,0.000139169231654524,0.9096774193548387,COMPLETE
81,0.5110706090927124,2026-03-23 18:07:00.236940,2026-03-23 18:07:02.692534,0 days 00:00:02.455594,64,True,0.4597016966697485,128,0.0005124775338596803,3,0.0001076798457885019,,PRUNED
82,0.2934596538543701,2026-03-23 18:07:02.693739,2026-03-23 18:07:15.929367,0 days 00:00:13.235628,64,True,0.49152826616780015,128,0.0006086856817881525,3,1.5893114145968785e-05,0.9182795698924731,COMPLETE
83,0.3225403428077698,2026-03-23 18:07:15.929367,2026-03-23 18:07:29.043078,0 days 00:00:13.113711,64,True,0.4689701545407647,128,0.0006208010118873926,3,1.5944052890047297e-05,0.849462365591398,COMPLETE
84,0.3083721399307251,2026-03-23 18:07:29.043078,2026-03-23 18:07:42.169577,0 days 00:00:13.126499,64,True,0.5322945668001373,128,0.0005993480496634173,3,2.289731939222643e-05,0.8903225806451612,COMPLETE
85,0.2938215136528015,2026-03-23 18:07:42.169577,2026-03-23 18:07:55.381544,0 days 00:00:13.211967,64,True,0.5348284352143876,128,0.0005884044640228027,3,2.2319688818261514e-05,0.9118279569892473,COMPLETE
86,0.48149633407592773,2026-03-23 18:07:55.383547,2026-03-23 18:07:57.079225,0 days 00:00:01.695678,64,False,0.5737706995090686,128,0.0005874242305234967,3,2.36320784301475e-05,,PRUNED
87,0.3455646534760793,2026-03-23 18:07:57.079225,2026-03-23 18:08:07.869520,0 days 00:00:10.790295,16,True,0.5406902528237247,128,0.0006091280554808988,1,1.842618768998651e-05,0.8666666666666666,COMPLETE
88,0.4083629846572876,2026-03-23 18:08:07.870760,2026-03-23 18:08:10.326170,0 days 00:00:02.455410,64,True,0.5068393776935302,128,0.0005590092924600983,3,3.7221398793400485e-05,,PRUNED
89,0.3998011648654938,2026-03-23 18:08:10.326170,2026-03-23 18:08:12.285637,0 days 00:00:01.959467,32,True,0.5232824250233794,64,0.0005350060151587413,3,2.1669301832185722e-05,,PRUNED
90,0.4311753213405609,2026-03-23 18:08:12.285637,2026-03-23 18:08:14.719286,0 days 00:00:02.433649,64,True,0.5334432492495426,128,0.000612681804588945,3,3.2729148064927084e-05,,PRUNED
91,0.30927854776382446,2026-03-23 18:08:14.720621,2026-03-23 18:08:27.895873,0 days 00:00:13.175252,64,True,0.5524484365270865,128,0.0006344757741739428,3,0.00023783369141329707,0.9053763440860214,COMPLETE
92,0.3472248613834381,2026-03-23 18:08:27.895873,2026-03-23 18:08:41.059405,0 days 00:00:13.163532,64,True,0.5998493093306868,128,0.0005848013030293156,3,0.00024118908372677397,0.9053763440860214,COMPLETE
93,0.30830517411231995,2026-03-23 18:08:41.059405,2026-03-23 18:08:54.252759,0 days 00:00:13.193354,64,True,0.5753314949145567,128,0.0006726842175526542,3,0.00029101380934034703,0.8688172043010752,COMPLETE
94,0.4289083182811737,2026-03-23 18:08:54.252759,2026-03-23 18:08:56.749298,0 days 00:00:02.496539,64,True,0.5673798620954463,128,0.0005626931814642026,3,0.0003005546493756929,,PRUNED
95,0.4608229398727417,2026-03-23 18:08:56.751345,2026-03-23 18:08:59.189718,0 days 00:00:02.438373,64,True,0.5513602435679734,128,0.0006623433693327844,3,0.0004623864235582273,,PRUNED
96,0.44928789138793945,2026-03-23 18:08:59.189718,2026-03-23 18:09:08.889813,0 days 00:00:09.700095,64,True,0.585026384413537,192,0.0005003704275025064,3,0.0002653940277627386,,PRUNED
97,0.572227418422699,2026-03-23 18:09:08.889813,2026-03-23 18:09:10.690804,0 days 00:00:01.800991,64,True,0.5590199495804935,96,0.0013874419688488118,3,0.00015687471391320336,,PRUNED
98,0.4028092324733734,2026-03-23 18:09:10.690804,2026-03-23 18:09:13.143338,0 days 00:00:02.452534,64,True,0.5734757888683798,128,0.0006376604829498076,3,0.00023874016246287937,,PRUNED
99,0.5100976824760437,2026-03-23 18:09:13.143338,2026-03-23 18:09:14.839295,0 days 00:00:01.695957,64,False,0.5498934450704599,128,0.000721349591477369,3,0.00033647821756002265,,PRUNED
