number,value,datetime_start,datetime_complete,duration,params_batch_size,params_bidirectional,params_dropout_fc,params_hidden_size,params_lr,params_num_layers,params_weight_decay,state
0,0.5840777456760406,2026-03-08 19:43:20.857770,2026-03-08 19:43:36.457025,0 days 00:00:15.599255,32,False,0.28493564427131046,96,0.0011504753106625046,1,0.0002607024758370766,COMPLETE
1,0.5764187276363373,2026-03-08 19:43:36.457025,2026-03-08 19:43:42.909397,0 days 00:00:06.452372,32,True,0.4056937753654446,192,0.0007496501097315302,1,5.4041038546473305e-05,COMPLETE
2,0.6772105172276497,2026-03-08 19:43:42.911905,2026-03-08 19:43:50.991728,0 days 00:00:08.079823,16,True,0.39807076404450803,128,0.0007627211116577326,3,1.5679933916722995e-05,COMPLETE
3,0.6555158421397209,2026-03-08 19:43:50.991728,2026-03-08 19:43:58.525356,0 days 00:00:07.533628,16,True,0.5687496940092467,96,0.0019174238140216384,2,0.0003550304858128307,COMPLETE
4,0.5822657942771912,2026-03-08 19:43:58.531992,2026-03-08 19:44:05.595356,0 days 00:00:07.063364,32,True,0.5947547746402069,256,0.0007380901894391266,1,0.00012172847081122418,COMPLETE
5,0.5527820363640785,2026-03-08 19:44:05.597360,2026-03-08 19:44:20.921796,0 days 00:00:15.324436,16,True,0.22542334011440945,192,0.0008218411404269376,3,1.70505392602693e-05,COMPLETE
6,0.6182819604873657,2026-03-08 19:44:20.921796,2026-03-08 19:44:31.841720,0 days 00:00:10.919924,16,False,0.37101640734341984,256,0.0014355166831664403,2,0.0001326033192269654,COMPLETE
7,0.5744121074676514,2026-03-08 19:44:31.841720,2026-03-08 19:44:38.989729,0 days 00:00:07.148009,64,True,0.26448851490160175,192,0.000883171698312604,2,0.0003244160088734161,COMPLETE
8,0.6215503960847855,2026-03-08 19:44:38.989729,2026-03-08 19:44:46.125585,0 days 00:00:07.135856,16,True,0.3708431154505025,64,0.0015314309403948435,1,0.0006197015748809143,COMPLETE
9,0.6148453950881958,2026-03-08 19:44:46.126585,2026-03-08 19:44:51.776546,0 days 00:00:05.649961,32,False,0.5887128330883842,96,0.0018478138267043395,1,4.4300218067679785e-05,COMPLETE
10,0.5370883941650391,2026-03-08 19:44:51.777545,2026-03-08 19:44:58.376344,0 days 00:00:06.598799,64,False,0.20606196111708655,192,0.0005126065261429245,3,1.0705898417259883e-05,COMPLETE
11,0.530163586139679,2026-03-08 19:44:58.378349,2026-03-08 19:45:04.790719,0 days 00:00:06.412370,64,False,0.21142581910883507,192,0.0005081685547372364,3,1.0417360920350827e-05,COMPLETE
12,0.5746145844459534,2026-03-08 19:45:04.790719,2026-03-08 19:45:11.114213,0 days 00:00:06.323494,64,False,0.21800721067498022,192,0.0005029606553779942,3,1.0364134664518936e-05,COMPLETE
13,0.5286476016044617,2026-03-08 19:45:11.115213,2026-03-08 19:45:17.473218,0 days 00:00:06.358005,64,False,0.31273836666859933,192,0.0005104140900227676,3,3.102886020363029e-05,COMPLETE
14,0.5369855761528015,2026-03-08 19:45:17.474218,2026-03-08 19:45:22.347818,0 days 00:00:04.873600,64,False,0.3080139099089468,64,0.0006130344613607365,3,3.085862602636165e-05,COMPLETE
15,0.6210311055183411,2026-03-08 19:45:22.348816,2026-03-08 19:45:27.370467,0 days 00:00:05.021651,64,False,0.32293664670545763,128,0.0006176721834442355,3,2.6439047128644197e-05,COMPLETE
16,0.5578990578651428,2026-03-08 19:45:27.371971,2026-03-08 19:45:33.014502,0 days 00:00:05.642531,64,False,0.4650068393934398,192,0.0006176054951618064,2,6.531749138901323e-05,COMPLETE
17,0.5215954780578613,2026-03-08 19:45:33.015472,2026-03-08 19:45:39.405399,0 days 00:00:06.389927,64,False,0.25752003547403185,192,0.0010484461216992624,3,2.2201077754447744e-05,COMPLETE
18,0.5219812989234924,2026-03-08 19:45:39.406400,2026-03-08 19:45:44.923163,0 days 00:00:05.516763,64,False,0.46661425572308757,192,0.0011125717260746862,2,2.885036541353894e-05,COMPLETE
19,0.5942561626434326,2026-03-08 19:45:44.924162,2026-03-08 19:45:49.678014,0 days 00:00:04.753852,64,False,0.4908766338977218,128,0.0011449596133934247,2,6.922055527346286e-05,COMPLETE
20,0.4924474358558655,2026-03-08 19:45:49.679015,2026-03-08 19:45:54.614818,0 days 00:00:04.935803,64,False,0.4963499829100898,64,0.0010426374807477024,2,1.8069078852765903e-05,COMPLETE
21,0.5344135165214539,2026-03-08 19:45:54.615818,2026-03-08 19:45:59.505499,0 days 00:00:04.889681,64,False,0.5004913811311389,64,0.0010424736800988229,2,2.040980966646146e-05,COMPLETE
22,0.5887547731399536,2026-03-08 19:45:59.506499,2026-03-08 19:46:04.517962,0 days 00:00:05.011463,64,False,0.4506069966101462,64,0.00132069540573544,2,3.383359810606522e-05,COMPLETE
23,0.5496495962142944,2026-03-08 19:46:04.518961,2026-03-08 19:46:09.509529,0 days 00:00:04.990568,64,False,0.5382736666191591,64,0.0009944933071958863,2,1.955435339616824e-05,COMPLETE
24,0.5942155718803406,2026-03-08 19:46:09.509529,2026-03-08 19:46:15.321926,0 days 00:00:05.812397,64,False,0.5269836804186413,256,0.0009451545903680105,2,8.941341449099447e-05,COMPLETE
25,0.5835751891136169,2026-03-08 19:46:15.322930,2026-03-08 19:46:20.092245,0 days 00:00:04.769315,64,False,0.44354666297688405,64,0.0011835981024429917,2,4.463504651771174e-05,COMPLETE
26,0.4264024496078491,2026-03-08 19:46:20.093247,2026-03-08 19:46:25.878648,0 days 00:00:05.785401,64,False,0.4235051447821423,192,0.001301211468714186,2,1.577087465547103e-05,COMPLETE
27,0.4754692018032074,2026-03-08 19:46:25.879648,2026-03-08 19:46:31.477877,0 days 00:00:05.598229,64,False,0.4080043049115143,192,0.001310474764498043,2,1.4783226138784026e-05,COMPLETE
28,0.5415816903114319,2026-03-08 19:46:31.477877,2026-03-08 19:46:36.249623,0 days 00:00:04.771746,64,False,0.4164283813068057,64,0.0016465022300125812,2,1.363875715057334e-05,COMPLETE
29,0.6164606213569641,2026-03-08 19:46:36.250623,2026-03-08 19:46:41.637295,0 days 00:00:05.386672,32,False,0.34953436562170265,96,0.0013017828530155636,1,1.3985697362480427e-05,COMPLETE
30,0.6431570649147034,2026-03-08 19:46:41.638296,2026-03-08 19:46:46.989280,0 days 00:00:05.350984,32,False,0.4198446878178816,128,0.001274989410523051,1,3.790604299467903e-05,COMPLETE
31,0.57881098985672,2026-03-08 19:46:46.990280,2026-03-08 19:46:52.658974,0 days 00:00:05.668694,64,False,0.2730375478114508,192,0.0010434137618883289,2,2.2148308030719193e-05,COMPLETE
32,0.4891194999217987,2026-03-08 19:46:52.659974,2026-03-08 19:46:58.248424,0 days 00:00:05.588450,64,False,0.37974732429952424,192,0.0014528399366461142,2,2.3354440487526263e-05,COMPLETE
33,0.5058123469352722,2026-03-08 19:46:58.249423,2026-03-08 19:47:03.954839,0 days 00:00:05.705416,64,False,0.39235006390875216,192,0.0016736799341745242,2,1.3658526407328596e-05,COMPLETE
34,0.5390545725822449,2026-03-08 19:47:03.955838,2026-03-08 19:47:09.550372,0 days 00:00:05.594534,64,False,0.3446792692763386,192,0.001427782679911548,2,1.6364867897730535e-05,COMPLETE
35,0.6720030978322029,2026-03-08 19:47:09.551875,2026-03-08 19:47:17.319182,0 days 00:00:07.767307,16,True,0.427505566314715,96,0.0012092937899367768,2,0.00015866543601256386,COMPLETE
36,0.5597078204154968,2026-03-08 19:47:17.320182,2026-03-08 19:47:24.373205,0 days 00:00:07.053023,32,False,0.3758893812093323,192,0.0013942285276587571,2,2.3065914814409508e-05,COMPLETE
37,0.5425454378128052,2026-03-08 19:47:24.374203,2026-03-08 19:47:30.430100,0 days 00:00:06.055897,64,True,0.4872988047292341,256,0.0015258166750642475,1,5.137767278504895e-05,COMPLETE
38,0.6829645782709122,2026-03-08 19:47:30.432102,2026-03-08 19:47:39.811749,0 days 00:00:09.379647,16,False,0.5321632892587849,192,0.0016196407524631594,2,1.681938594444212e-05,COMPLETE
39,0.5222668647766113,2026-03-08 19:47:39.811749,2026-03-08 19:47:46.861921,0 days 00:00:07.050172,64,True,0.39824029768959457,192,0.0019970654589772144,2,1.234250803986021e-05,COMPLETE
40,0.6383897066116333,2026-03-08 19:47:46.866455,2026-03-08 19:47:51.963789,0 days 00:00:05.097334,32,False,0.43482495378996083,128,0.0017807093112780631,1,0.0002033312305407199,COMPLETE
41,0.4941686987876892,2026-03-08 19:47:51.963789,2026-03-08 19:47:57.481847,0 days 00:00:05.518058,64,False,0.3854136808263171,192,0.00173371667358834,2,0.0009636358102984224,COMPLETE
42,0.4766525626182556,2026-03-08 19:47:57.481847,2026-03-08 19:48:02.930574,0 days 00:00:05.448727,64,False,0.3511266839206435,192,0.0015160818937154984,2,0.0007679883610382853,COMPLETE
43,0.47834512591362,2026-03-08 19:48:02.930574,2026-03-08 19:48:08.351759,0 days 00:00:05.421185,64,False,0.3394569077977095,192,0.0015622253414292423,2,0.00027771163284762504,COMPLETE
44,0.6240643411874771,2026-03-08 19:48:08.351759,2026-03-08 19:48:17.291988,0 days 00:00:08.940229,16,False,0.34865518217811575,192,0.0015227136218550375,2,0.0005840493171108398,COMPLETE
45,0.5571092367172241,2026-03-08 19:48:17.291988,2026-03-08 19:48:24.357733,0 days 00:00:07.065745,64,True,0.3609079264859222,192,0.0013464517738040714,2,0.00047801772098609327,COMPLETE
46,0.5206034779548645,2026-03-08 19:48:24.361965,2026-03-08 19:48:29.768989,0 days 00:00:05.407024,64,False,0.29285452430652226,192,0.001465547385998435,2,0.00033383776317300284,COMPLETE
47,0.6017962098121643,2026-03-08 19:48:29.768989,2026-03-08 19:48:35.176261,0 days 00:00:05.407272,64,False,0.33305049843948464,192,0.0015913928658003503,2,0.00026584350543861943,COMPLETE
48,0.5417332649230957,2026-03-08 19:48:35.176912,2026-03-08 19:48:40.654495,0 days 00:00:05.477583,64,False,0.4089237407679672,192,0.0017772074493055585,2,0.0008431383991436545,COMPLETE
49,0.5923139154911041,2026-03-08 19:48:40.654495,2026-03-08 19:48:51.198827,0 days 00:00:10.544332,16,False,0.37054765766701786,256,0.00124353115627131,2,0.00044676553784513064,COMPLETE
50,0.5267844796180725,2026-03-08 19:48:51.198827,2026-03-08 19:48:56.622243,0 days 00:00:05.423416,64,True,0.3302964252168687,192,0.001474279787296073,1,0.00023428240856864915,COMPLETE
51,0.4456704258918762,2026-03-08 19:48:56.622243,2026-03-08 19:49:01.215443,0 days 00:00:04.593200,64,False,0.38714486967245737,96,0.0008774793706821208,2,0.00010477291967716636,COMPLETE
52,0.4883524477481842,2026-03-08 19:49:01.215443,2026-03-08 19:49:06.249762,0 days 00:00:05.034319,64,False,0.3880143708732584,96,0.0007190083272411409,2,9.4356830249616e-05,COMPLETE
53,0.4559968113899231,2026-03-08 19:49:06.251767,2026-03-08 19:49:11.042181,0 days 00:00:04.790414,64,False,0.4024415321411369,96,0.0007838515506533504,2,0.00011085509282865987,COMPLETE
54,0.48736461997032166,2026-03-08 19:49:11.046803,2026-03-08 19:49:15.774319,0 days 00:00:04.727516,64,False,0.3614332008850724,96,0.0007857459142845974,2,0.00013901448854956232,COMPLETE
55,0.465030699968338,2026-03-08 19:49:15.774319,2026-03-08 19:49:20.483618,0 days 00:00:04.709299,64,False,0.4039634836443045,96,0.0008695600550853031,2,7.204385545360345e-05,COMPLETE
56,0.4661245346069336,2026-03-08 19:49:20.484618,2026-03-08 19:49:25.275656,0 days 00:00:04.791038,64,False,0.4030837388292722,96,0.0008626504754622688,2,0.00011364213853032947,COMPLETE
57,0.47022420167922974,2026-03-08 19:49:25.275656,2026-03-08 19:49:30.062155,0 days 00:00:04.786499,64,False,0.46342266783262714,96,0.0008671281535345891,2,0.00011177916425119777,COMPLETE
58,0.577362596988678,2026-03-08 19:49:30.066804,2026-03-08 19:49:35.021939,0 days 00:00:04.955135,64,False,0.46396829191242656,96,0.0008682658988420489,3,0.00011035509431076105,COMPLETE
59,0.4888370931148529,2026-03-08 19:49:35.024527,2026-03-08 19:49:39.809436,0 days 00:00:04.784909,64,False,0.44210219741444706,96,0.0006940353848679093,2,7.839696572157253e-05,COMPLETE
60,0.4762662351131439,2026-03-08 19:49:39.810654,2026-03-08 19:49:45.279436,0 days 00:00:05.468782,32,False,0.4779416351595786,96,0.0008667137662704876,2,0.000177555377021967,COMPLETE
61,0.4532836675643921,2026-03-08 19:49:45.279436,2026-03-08 19:49:49.912941,0 days 00:00:04.633505,64,False,0.4084146325686596,96,0.000950917261320873,2,0.00013521046234593354,COMPLETE
62,0.469232439994812,2026-03-08 19:49:49.912941,2026-03-08 19:49:54.773688,0 days 00:00:04.860747,64,False,0.430011222350382,96,0.0009279295523397015,2,0.000127350478635013,COMPLETE
63,0.4662933647632599,2026-03-08 19:49:54.773688,2026-03-08 19:49:59.510823,0 days 00:00:04.737135,64,False,0.42295644297772006,96,0.0009319708616421764,2,0.00013962390798367792,COMPLETE
64,0.4562113583087921,2026-03-08 19:49:59.511328,2026-03-08 19:50:04.501259,0 days 00:00:04.989931,64,False,0.4043878038441685,96,0.0008119641376278896,2,5.986858508604515e-05,COMPLETE
65,0.47576162219047546,2026-03-08 19:50:04.501259,2026-03-08 19:50:09.319141,0 days 00:00:04.817882,64,False,0.4022415937605373,96,0.0008148755777328766,2,7.530934103097808e-05,COMPLETE
66,0.4769021272659302,2026-03-08 19:50:09.319141,2026-03-08 19:50:14.081163,0 days 00:00:04.762022,64,False,0.41098499824863094,96,0.0007501692229799368,2,6.145262744680405e-05,COMPLETE
67,0.4643382132053375,2026-03-08 19:50:14.082909,2026-03-08 19:50:18.916088,0 days 00:00:04.833179,64,False,0.44962601349484643,96,0.000979273387004771,2,7.999560327662527e-05,COMPLETE
68,0.49445411562919617,2026-03-08 19:50:18.916088,2026-03-08 19:50:23.657763,0 days 00:00:04.741675,64,False,0.44145375091295497,96,0.0006898495879310904,2,8.53865932407915e-05,COMPLETE
69,0.4638102948665619,2026-03-08 19:50:23.657763,2026-03-08 19:50:28.534854,0 days 00:00:04.877091,64,False,0.393324571224475,96,0.0009764480565376517,2,5.0463821832202736e-05,COMPLETE
70,0.660278931260109,2026-03-08 19:50:28.535861,2026-03-08 19:50:35.668761,0 days 00:00:07.132900,16,False,0.4537035452246754,96,0.0011060165059768076,2,4.97396130114196e-05,COMPLETE
71,0.4581649899482727,2026-03-08 19:50:35.674142,2026-03-08 19:50:40.471488,0 days 00:00:04.797346,64,False,0.417400974591594,96,0.0010031373393635345,2,6.09061975695656e-05,COMPLETE
72,0.42674127221107483,2026-03-08 19:50:40.471488,2026-03-08 19:50:45.249194,0 days 00:00:04.777706,64,False,0.4189118335818444,96,0.0009752208221140992,2,5.588220434225809e-05,COMPLETE
73,0.4871174991130829,2026-03-08 19:50:45.249194,2026-03-08 19:50:49.962995,0 days 00:00:04.713801,64,False,0.3677036194424251,96,0.0008167558152619806,2,6.128187389376008e-05,COMPLETE
74,0.4675191342830658,2026-03-08 19:50:49.962995,2026-03-08 19:50:54.718533,0 days 00:00:04.755538,64,False,0.389900673521848,96,0.0009111170997971444,2,3.818907772644304e-05,COMPLETE
75,0.4657420217990875,2026-03-08 19:50:54.718533,2026-03-08 19:50:59.503617,0 days 00:00:04.785084,64,False,0.4157155620620705,96,0.0009728901117433916,2,5.715996478682977e-05,COMPLETE
76,0.5422474145889282,2026-03-08 19:50:59.503617,2026-03-08 19:51:04.628562,0 days 00:00:05.124945,64,True,0.3801561091776594,96,0.0010790760961717923,2,9.840825308514676e-05,COMPLETE
77,0.5467420816421509,2026-03-08 19:51:04.631089,2026-03-08 19:51:10.138651,0 days 00:00:05.507562,32,False,0.43189857403097587,96,0.000779445085682974,2,4.552745652306588e-05,COMPLETE
78,0.4554235637187958,2026-03-08 19:51:10.138651,2026-03-08 19:51:14.848865,0 days 00:00:04.710214,64,False,0.395885894005262,96,0.0010008671213137391,2,0.0001668798681046846,COMPLETE
79,0.5699659585952759,2026-03-08 19:51:14.850611,2026-03-08 19:51:19.568934,0 days 00:00:04.718323,64,False,0.4188026841638022,128,0.001029454914852944,2,0.00016493802933157712,COMPLETE
80,0.5115931630134583,2026-03-08 19:51:19.568934,2026-03-08 19:51:25.346878,0 days 00:00:05.777944,64,False,0.42406335683782337,256,0.0006487912005105794,2,0.00021394388017534797,COMPLETE
81,0.47567328810691833,2026-03-08 19:51:25.346878,2026-03-08 19:51:30.078519,0 days 00:00:04.731641,64,False,0.3959706334576753,96,0.0008980885959474058,2,3.511932358758406e-05,COMPLETE
82,0.4147416055202484,2026-03-08 19:51:30.078519,2026-03-08 19:51:35.018406,0 days 00:00:04.939887,64,False,0.383962312864866,96,0.0009661154041668621,2,0.0001866474603851246,COMPLETE
83,0.4672204852104187,2026-03-08 19:51:35.018406,2026-03-08 19:51:39.728528,0 days 00:00:04.710122,64,False,0.37700806672003523,96,0.0008337969386662193,2,0.00018460908151276384,COMPLETE
84,0.46369224786758423,2026-03-08 19:51:39.728528,2026-03-08 19:51:44.441799,0 days 00:00:04.713271,64,False,0.41423379769456864,96,0.0011364202832710513,2,0.00015063112478824043,COMPLETE
85,0.47671765089035034,2026-03-08 19:51:44.443805,2026-03-08 19:51:49.178655,0 days 00:00:04.734850,64,False,0.4381798498020939,96,0.001022392815265672,2,0.0001231475637505484,COMPLETE
86,0.4543134570121765,2026-03-08 19:51:49.178655,2026-03-08 19:51:53.998651,0 days 00:00:04.819996,64,False,0.3588037613680167,96,0.0009505982597331436,2,0.00019810105093620676,COMPLETE
87,0.5626518726348877,2026-03-08 19:51:53.998651,2026-03-08 19:51:58.910678,0 days 00:00:04.912027,64,True,0.3593015578142169,96,0.0007945679144898947,2,0.0002860099013312083,COMPLETE
88,1.8139810636639595,2026-03-08 19:51:58.910678,2026-03-08 19:52:00.261437,0 days 00:00:01.350759,16,False,0.3213469528818309,96,0.0009446620684436242,3,0.00022889628870834987,PRUNED
89,0.5530759692192078,2026-03-08 19:52:00.261893,2026-03-08 19:52:04.982423,0 days 00:00:04.720530,64,False,0.36759064870155667,128,0.0010782447279090465,2,0.0001914933118915689,COMPLETE
90,0.4687464237213135,2026-03-08 19:52:04.982423,2026-03-08 19:52:09.688507,0 days 00:00:04.706084,64,False,0.3882783159301271,96,0.000841491383411539,2,0.00016640473731214722,COMPLETE
91,0.4464299976825714,2026-03-08 19:52:09.688507,2026-03-08 19:52:14.378522,0 days 00:00:04.690015,64,False,0.40081066631855816,96,0.0008973270726225135,2,0.00010412477963334932,COMPLETE
92,0.4721451997756958,2026-03-08 19:52:14.378522,2026-03-08 19:52:19.198702,0 days 00:00:04.820180,64,False,0.38239111614922594,96,0.0008995696997831077,2,0.00010516655076785597,COMPLETE
93,0.4476284086704254,2026-03-08 19:52:19.198702,2026-03-08 19:52:24.158607,0 days 00:00:04.959905,64,False,0.40252337707735,96,0.0009503338458090256,2,8.761520026488252e-05,COMPLETE
94,0.49512654542922974,2026-03-08 19:52:24.158607,2026-03-08 19:52:29.100823,0 days 00:00:04.942216,64,False,0.39704465041696035,96,0.0005322843042556616,2,0.00014272608455284688,COMPLETE
95,0.6019015908241272,2026-03-08 19:52:29.100823,2026-03-08 19:52:36.341957,0 days 00:00:07.241134,32,False,0.36079856594701537,256,0.0009593702127939623,2,8.987168793437626e-05,COMPLETE
96,0.4819323420524597,2026-03-08 19:52:36.341957,2026-03-08 19:52:41.022581,0 days 00:00:04.680624,64,False,0.35403349362337483,64,0.0010725334237018259,2,0.00012800651959275652,COMPLETE
97,0.4835512638092041,2026-03-08 19:52:41.022581,2026-03-08 19:52:45.883383,0 days 00:00:04.860802,64,False,0.37617343705974404,96,0.0009089935806101276,2,0.00023797207622733546,COMPLETE
98,0.476274311542511,2026-03-08 19:52:45.883383,2026-03-08 19:52:50.624009,0 days 00:00:04.740626,64,False,0.42928825154778244,96,0.0010072358113869609,2,0.00010308196605658944,COMPLETE
99,0.5086988806724548,2026-03-08 19:52:50.624009,2026-03-08 19:52:55.498821,0 days 00:00:04.874812,64,False,0.34099048155409295,96,0.0012017104336190935,2,0.00011853974744045177,COMPLETE
