number,value,datetime_start,datetime_complete,duration,params_batch_size,params_bidirectional,params_dropout_fc,params_hidden_size,params_lr,params_num_layers,params_weight_decay,state
0,0.5153924375772476,2025-11-26 22:58:43.607454,2025-11-26 22:58:52.930673,0 days 00:00:09.323219,32,False,0.28493564427131046,96,0.0011504753106625046,1,0.0002607024758370766,COMPLETE
1,0.44447074830532074,2025-11-26 22:58:52.930673,2025-11-26 22:59:01.186762,0 days 00:00:08.256089,32,True,0.4056937753654446,192,0.0007496501097315302,1,5.4041038546473305e-05,COMPLETE
2,0.4732648581266403,2025-11-26 22:59:01.186762,2025-11-26 22:59:11.493562,0 days 00:00:10.306800,16,True,0.39807076404450803,128,0.0007627211116577326,3,1.5679933916722995e-05,COMPLETE
3,0.45284342765808105,2025-11-26 22:59:11.493562,2025-11-26 22:59:20.960962,0 days 00:00:09.467400,16,True,0.5687496940092467,96,0.0019174238140216384,2,0.0003550304858128307,COMPLETE
4,0.41352903842926025,2025-11-26 22:59:20.961961,2025-11-26 22:59:29.783965,0 days 00:00:08.822004,32,True,0.5947547746402069,256,0.0007380901894391266,1,0.00012172847081122418,COMPLETE
5,0.503570444881916,2025-11-26 22:59:29.784974,2025-11-26 22:59:49.658766,0 days 00:00:19.873792,16,True,0.22542334011440945,192,0.0008218411404269376,3,1.70505392602693e-05,COMPLETE
6,0.47208190709352493,2025-11-26 22:59:49.658766,2025-11-26 23:00:03.488982,0 days 00:00:13.830216,16,False,0.37101640734341984,256,0.0014355166831664403,2,0.0001326033192269654,COMPLETE
7,0.7719332575798035,2025-11-26 23:00:03.488982,2025-11-26 23:00:05.147166,0 days 00:00:01.658184,64,True,0.26448851490160175,192,0.000883171698312604,2,0.0003244160088734161,PRUNED
8,0.4941009059548378,2025-11-26 23:00:05.147166,2025-11-26 23:00:15.589416,0 days 00:00:10.442250,16,True,0.3708431154505025,64,0.0015314309403948435,1,0.0006197015748809143,COMPLETE
9,0.5361514091491699,2025-11-26 23:00:15.589416,2025-11-26 23:00:22.204862,0 days 00:00:06.615446,32,False,0.5887128330883842,96,0.0018478138267043395,1,4.4300218067679785e-05,COMPLETE
10,0.43394434452056885,2025-11-26 23:00:22.204862,2025-11-26 23:00:29.477214,0 days 00:00:07.272352,64,False,0.4921467580828037,256,0.0005126065261429245,2,0.00010117248921128361,COMPLETE
11,0.4499131739139557,2025-11-26 23:00:29.483861,2025-11-26 23:00:36.817062,0 days 00:00:07.333201,64,False,0.48907214115801195,256,0.0005063996376266946,2,8.776006475933925e-05,COMPLETE
12,0.35168471932411194,2025-11-26 23:00:36.817062,2025-11-26 23:00:44.847192,0 days 00:00:08.030130,64,False,0.5165877328999808,256,0.0005160892407926308,3,0.00012978744214559815,COMPLETE
13,0.44870084524154663,2025-11-26 23:00:44.847192,2025-11-26 23:00:52.873358,0 days 00:00:08.026166,64,False,0.5470626619189602,256,0.0005850676174094601,3,0.0001743121319633485,COMPLETE
14,0.4524603486061096,2025-11-26 23:00:52.873358,2025-11-26 23:01:06.796692,0 days 00:00:13.923334,32,True,0.5047242254640886,256,0.0006389967172717081,3,4.374445903461076e-05,COMPLETE
15,0.46521705389022827,2025-11-26 23:01:06.798776,2025-11-26 23:01:12.753840,0 days 00:00:05.955064,64,False,0.44757830761555006,64,0.0010547117782287168,3,0.0009818247569037453,COMPLETE
16,0.5040694773197174,2025-11-26 23:01:12.753840,2025-11-26 23:01:19.476000,0 days 00:00:06.722160,32,True,0.5464531924730788,128,0.000660910969168966,1,2.8614157566100308e-05,COMPLETE
17,0.3494112491607666,2025-11-26 23:01:19.476000,2025-11-26 23:01:26.770095,0 days 00:00:07.294095,64,False,0.5297687262121545,256,0.0005962438090719944,2,0.0001926300832284274,COMPLETE
18,0.43881335854530334,2025-11-26 23:01:26.770095,2025-11-26 23:01:34.054922,0 days 00:00:07.284827,64,False,0.452072608164251,256,0.0005831236569496149,2,0.0002062009247601099,COMPLETE
19,0.4953717589378357,2025-11-26 23:01:34.054922,2025-11-26 23:01:42.261993,0 days 00:00:08.207071,64,False,0.5255974822311326,256,0.0008996740574203784,3,0.00045711523059335687,COMPLETE
20,0.43803250789642334,2025-11-26 23:01:42.271556,2025-11-26 23:01:48.166841,0 days 00:00:05.895285,64,False,0.4526615816571606,64,0.000575911495753644,2,6.844186352984079e-05,COMPLETE
21,0.5031318664550781,2025-11-26 23:01:48.166841,2025-11-26 23:01:55.706349,0 days 00:00:07.539508,32,False,0.5889858574966755,256,0.0006862149303484945,1,0.0001424994413904026,COMPLETE
22,0.46801504492759705,2025-11-26 23:01:55.706349,2025-11-26 23:02:03.734994,0 days 00:00:08.028645,64,False,0.5470254166078259,256,0.0005079741648775565,3,0.00010203908450578475,COMPLETE
23,0.4736313223838806,2025-11-26 23:02:03.734994,2025-11-26 23:02:10.842390,0 days 00:00:07.107396,64,True,0.5943879292293465,256,0.0007135859197842658,1,0.00021877681678862226,COMPLETE
24,0.47089308500289917,2025-11-26 23:02:10.842390,2025-11-26 23:02:19.893307,0 days 00:00:09.050917,32,False,0.504721740746831,256,0.0006088146681020312,2,0.00014122413381981652,COMPLETE
25,0.7090466022491455,2025-11-26 23:02:19.893307,2025-11-26 23:02:20.977497,0 days 00:00:01.084190,64,False,0.557707649086245,128,0.0005453543093619134,2,2.956194782529102e-05,PRUNED
26,0.43865688145160675,2025-11-26 23:02:20.977497,2025-11-26 23:02:34.915516,0 days 00:00:13.938019,32,True,0.4729591024079068,256,0.0008239560665854688,3,0.0005168635480947701,COMPLETE
27,0.47775202989578247,2025-11-26 23:02:34.915516,2025-11-26 23:02:41.319148,0 days 00:00:06.403632,64,False,0.5237357235313413,256,0.0006493975671227225,1,7.542484542541873e-05,COMPLETE
28,0.5219955444335938,2025-11-26 23:02:41.320180,2025-11-26 23:02:50.054762,0 days 00:00:08.734582,64,True,0.5240576470390749,256,0.0009725653620943916,2,0.0003158330170367207,COMPLETE
29,0.4998975396156311,2025-11-26 23:02:50.054762,2025-11-26 23:02:56.507135,0 days 00:00:06.452373,32,False,0.32066043027495433,96,0.0013017828530155636,1,0.00023082746364142028,COMPLETE
30,0.4562852382659912,2025-11-26 23:02:56.507135,2025-11-26 23:03:03.096106,0 days 00:00:06.588971,32,False,0.42035042860854666,128,0.0011094542186226616,2,0.00012760956206374908,COMPLETE
31,0.4263507127761841,2025-11-26 23:03:03.096106,2025-11-26 23:03:10.440816,0 days 00:00:07.344710,64,False,0.47991119802969806,256,0.0005014734359028789,2,9.976785886282595e-05,COMPLETE
32,0.4153035581111908,2025-11-26 23:03:10.440816,2025-11-26 23:03:17.608060,0 days 00:00:07.167244,64,False,0.5695444667516913,256,0.0005468311220259482,2,5.4012208965628835e-05,COMPLETE
33,0.47758156061172485,2025-11-26 23:03:17.608060,2025-11-26 23:03:24.306814,0 days 00:00:06.698754,64,False,0.5660297342004005,192,0.0005545982488869269,2,5.8596207382443e-05,COMPLETE
34,0.43753528594970703,2025-11-26 23:03:24.306814,2025-11-26 23:03:30.657152,0 days 00:00:06.350338,64,False,0.5744369182804421,256,0.0007495066615678356,1,2.8364370460502578e-05,COMPLETE
35,0.4006621539592743,2025-11-26 23:03:30.658152,2025-11-26 23:03:41.087416,0 days 00:00:10.429264,16,True,0.5949392839206704,96,0.0006405037454533588,3,3.990760716668824e-05,COMPLETE
36,0.8037632964551449,2025-11-26 23:03:41.087416,2025-11-26 23:03:43.008423,0 days 00:00:01.921007,16,True,0.5956172801664601,96,0.0007836009600009905,3,1.3891492314707989e-05,PRUNED
37,0.46937932074069977,2025-11-26 23:03:43.010426,2025-11-26 23:03:53.354685,0 days 00:00:10.344259,16,True,0.524572166414989,96,0.0007160608005119286,3,1.9607547923012433e-05,COMPLETE
38,0.4093916565179825,2025-11-26 23:03:53.354685,2025-11-26 23:04:03.780011,0 days 00:00:10.425326,16,True,0.53724746415218,96,0.0006098632301602461,3,1.1137175720328557e-05,COMPLETE
39,0.441085621714592,2025-11-26 23:04:03.780011,2025-11-26 23:04:14.155307,0 days 00:00:10.375296,16,True,0.4089624638861073,96,0.0006198139903454402,3,1.2059368891487357e-05,COMPLETE
40,0.4830172434449196,2025-11-26 23:04:14.155307,2025-11-26 23:04:24.463980,0 days 00:00:10.308673,16,True,0.3182958947067774,96,0.0006088502017943159,3,3.772841827991649e-05,COMPLETE
41,0.45866895467042923,2025-11-26 23:04:24.463980,2025-11-26 23:04:35.006292,0 days 00:00:10.542312,16,True,0.5354788544428074,96,0.0006748628573939229,3,0.00029787109682942204,COMPLETE
42,0.40357542037963867,2025-11-26 23:04:35.006292,2025-11-26 23:04:45.560749,0 days 00:00:10.554457,16,True,0.5997033533152115,96,0.0005473665381494235,3,2.2122686613592113e-05,COMPLETE
43,0.5283315777778625,2025-11-26 23:04:45.560749,2025-11-26 23:04:55.923591,0 days 00:00:10.362842,16,True,0.5748033076309083,96,0.000541711731254776,3,1.875738927023022e-05,COMPLETE
44,0.41762807220220566,2025-11-26 23:04:55.923591,2025-11-26 23:05:06.320809,0 days 00:00:10.397218,16,True,0.5057896905972058,96,0.0005815274095473501,3,2.0205445967522724e-05,COMPLETE
45,0.44956395775079727,2025-11-26 23:05:06.320809,2025-11-26 23:05:16.907703,0 days 00:00:10.586894,16,True,0.5608046234085956,96,0.0005354630486261572,3,1.0189161943391753e-05,COMPLETE
46,0.45004960149526596,2025-11-26 23:05:16.907703,2025-11-26 23:05:36.617333,0 days 00:00:19.709630,16,True,0.5977567963309309,192,0.0006217023812882855,3,2.2554341171095208e-05,COMPLETE
47,0.4800715148448944,2025-11-26 23:05:36.617333,2025-11-26 23:05:46.999546,0 days 00:00:10.382213,16,True,0.5422716967886716,96,0.0017498629758719761,3,1.3204673033622882e-05,COMPLETE
48,0.46155020594596863,2025-11-26 23:05:46.999546,2025-11-26 23:05:57.357842,0 days 00:00:10.358296,16,True,0.576064771251319,64,0.0006865075267096288,3,2.5319640211056135e-05,COMPLETE
49,0.4226454794406891,2025-11-26 23:05:57.358849,2025-11-26 23:06:08.012108,0 days 00:00:10.653259,16,True,0.5552264402178967,96,0.000823225292254111,3,0.00016700455821458036,COMPLETE
50,0.47039076313376427,2025-11-26 23:06:08.017229,2025-11-26 23:06:18.535562,0 days 00:00:10.518333,16,True,0.20592025225701255,96,0.0005756178885550489,3,1.5727549596438676e-05,COMPLETE
51,0.44365015625953674,2025-11-26 23:06:18.542234,2025-11-26 23:06:31.907363,0 days 00:00:13.365129,32,True,0.5813312264499754,192,0.0005268263004782539,3,3.657701054414043e-05,COMPLETE
52,0.42050332576036453,2025-11-26 23:06:31.908278,2025-11-26 23:06:42.289172,0 days 00:00:10.380894,16,True,0.5996783944584416,128,0.0006402762468851068,3,0.00018063844630522883,COMPLETE
53,0.4941074401140213,2025-11-26 23:06:42.289172,2025-11-26 23:06:49.968843,0 days 00:00:07.679671,32,True,0.5078428721013523,64,0.0007386404826589413,3,0.00011502099188435203,COMPLETE
54,0.4839993566274643,2025-11-26 23:06:49.968843,2025-11-26 23:06:58.602824,0 days 00:00:08.633981,16,True,0.4653670933226422,96,0.0005858766422413708,1,7.75580132669008e-05,COMPLETE
55,0.48375357687473297,2025-11-26 23:06:58.602824,2025-11-26 23:07:21.939013,0 days 00:00:23.336189,16,True,0.37622869825523736,256,0.0008824796914311664,3,1.0033135408543768e-05,COMPLETE
56,0.41631249338388443,2025-11-26 23:07:21.939013,2025-11-26 23:07:29.585247,0 days 00:00:07.646234,32,True,0.5398718577357839,96,0.0007023545177140408,3,0.00026428986384345837,COMPLETE
57,0.4878283143043518,2025-11-26 23:07:29.585247,2025-11-26 23:07:35.966939,0 days 00:00:06.381692,64,False,0.5849277795436837,256,0.0007851932033263711,1,0.00016136092369234032,COMPLETE
58,0.46395718306303024,2025-11-26 23:07:35.966939,2025-11-26 23:07:54.127190,0 days 00:00:18.160251,16,True,0.43469789673582504,256,0.0006500851311695306,2,5.7811548717443295e-05,COMPLETE
59,0.45347005128860474,2025-11-26 23:07:54.127190,2025-11-26 23:08:00.144327,0 days 00:00:06.017137,64,False,0.49661674525506155,64,0.0005673271694430422,3,8.702424527668309e-05,COMPLETE
60,0.47405779361724854,2025-11-26 23:08:00.144327,2025-11-26 23:08:07.366998,0 days 00:00:07.222671,32,True,0.5581111456156262,128,0.0005013092434668191,2,4.594233683536237e-05,COMPLETE
61,0.4632534384727478,2025-11-26 23:08:07.366998,2025-11-26 23:08:14.599418,0 days 00:00:07.232420,64,False,0.5657155846759386,256,0.0005264082773999229,2,3.431137201982505e-05,COMPLETE
62,0.4059469997882843,2025-11-26 23:08:14.599418,2025-11-26 23:08:21.815975,0 days 00:00:07.216557,64,False,0.5819588359013506,256,0.0005544235362746104,2,4.9708744553021476e-05,COMPLETE
63,0.42497220635414124,2025-11-26 23:08:21.815975,2025-11-26 23:08:29.055276,0 days 00:00:07.239301,64,False,0.584401467916595,256,0.0006007499364683231,2,4.7602271211920526e-05,COMPLETE
64,0.4066014885902405,2025-11-26 23:08:29.055276,2025-11-26 23:08:36.308116,0 days 00:00:07.252840,64,False,0.5518465316253698,256,0.0006217426448412622,2,6.526863688533759e-05,COMPLETE
65,0.4648316502571106,2025-11-26 23:08:36.317970,2025-11-26 23:08:43.673614,0 days 00:00:07.355644,64,False,0.5297492298274862,256,0.0005628694812960913,2,6.632920195461423e-05,COMPLETE
66,0.4382420480251312,2025-11-26 23:08:43.673614,2025-11-26 23:08:50.983902,0 days 00:00:07.310288,64,False,0.5130575715723757,256,0.0006275651011755859,2,0.00040433780571477723,COMPLETE
67,0.4904102683067322,2025-11-26 23:08:50.984902,2025-11-26 23:08:58.302682,0 days 00:00:07.317780,64,False,0.5520440376729855,256,0.0012127993866984845,2,3.9772885387965876e-05,COMPLETE
68,0.5439551472663879,2025-11-26 23:08:58.302682,2025-11-26 23:09:05.065233,0 days 00:00:06.762551,64,False,0.5154852200209221,192,0.0005215859652628805,2,5.2309547412176945e-05,COMPLETE
69,0.4365326762199402,2025-11-26 23:09:05.065233,2025-11-26 23:09:12.273664,0 days 00:00:07.208431,64,False,0.4930702963318569,256,0.0006601428921309754,2,3.2102457732334585e-05,COMPLETE
70,0.5013357400894165,2025-11-26 23:09:12.273664,2025-11-26 23:09:18.266837,0 days 00:00:05.993173,64,False,0.5429074896729822,96,0.0005982497315459924,2,2.621374941536975e-05,COMPLETE
71,0.4571746587753296,2025-11-26 23:09:18.266837,2025-11-26 23:09:24.755160,0 days 00:00:06.488323,64,False,0.5903730344509562,256,0.0005572705581784569,1,0.00010653968751149637,COMPLETE
72,0.3758607506752014,2025-11-26 23:09:24.755160,2025-11-26 23:09:32.137842,0 days 00:00:07.382682,64,False,0.5711630983872309,256,0.00059908026552652,2,0.00012542539458979354,COMPLETE
73,0.45587098598480225,2025-11-26 23:09:32.137842,2025-11-26 23:09:39.347384,0 days 00:00:07.209542,64,False,0.5678874774387398,256,0.0006337468681601338,2,8.662212995174996e-05,COMPLETE
74,0.5083261728286743,2025-11-26 23:09:39.347384,2025-11-26 23:09:46.650716,0 days 00:00:07.303332,64,False,0.5530136022278248,256,0.0006005568917939454,2,0.0001899649710088698,COMPLETE
75,0.43169966340065,2025-11-26 23:09:46.651713,2025-11-26 23:09:53.989399,0 days 00:00:07.337686,64,False,0.5330561027809384,256,0.0005395869040740133,2,0.00015207720161957382,COMPLETE
76,0.4885796010494232,2025-11-26 23:09:53.989399,2025-11-26 23:09:59.894303,0 days 00:00:05.904904,64,False,0.5823478104981347,96,0.0006706660510963432,2,6.764131205966463e-05,COMPLETE
77,0.45357102155685425,2025-11-26 23:09:59.894303,2025-11-26 23:10:07.193403,0 days 00:00:07.299100,64,False,0.5716512685769706,256,0.0005646573949825853,2,0.00012739281717460534,COMPLETE
78,0.49781566858291626,2025-11-26 23:10:07.193403,2025-11-26 23:10:14.475810,0 days 00:00:07.282407,64,False,0.4832781000920872,256,0.0005149353130830534,2,6.172249102053061e-05,COMPLETE
79,0.4551646411418915,2025-11-26 23:10:14.476758,2025-11-26 23:10:23.197309,0 days 00:00:08.720551,16,False,0.5215749675103988,96,0.0005882956824480994,2,0.00020627618908966737,COMPLETE
80,0.4114244282245636,2025-11-26 23:10:23.197309,2025-11-26 23:10:29.278413,0 days 00:00:06.081104,64,False,0.599474988385968,128,0.000695233260053298,3,4.155527566203999e-05,COMPLETE
81,0.42979657649993896,2025-11-26 23:10:29.278413,2025-11-26 23:10:35.390686,0 days 00:00:06.112273,64,False,0.5903731190419218,128,0.0006955917314487182,3,7.625631347096732e-05,COMPLETE
82,0.35928305983543396,2025-11-26 23:10:35.390686,2025-11-26 23:10:41.691003,0 days 00:00:06.300317,64,False,0.5626885690560359,128,0.0006206186787225899,3,4.094949119424546e-05,COMPLETE
83,0.46918919682502747,2025-11-26 23:10:41.693007,2025-11-26 23:10:47.687539,0 days 00:00:05.994532,64,False,0.5470027386554445,128,0.0006169992187537673,3,2.2568621607700376e-05,COMPLETE
84,0.4539521634578705,2025-11-26 23:10:47.687539,2025-11-26 23:10:53.789419,0 days 00:00:06.101880,64,False,0.5612510807582907,128,0.0005456915031522192,3,5.0932759597348745e-05,COMPLETE
85,0.48164017498493195,2025-11-26 23:10:53.789419,2025-11-26 23:11:02.696704,0 days 00:00:08.907285,16,False,0.5799122798163691,96,0.0006482221944767879,3,9.33954351965287e-05,COMPLETE
86,0.3864790201187134,2025-11-26 23:11:02.696704,2025-11-26 23:11:10.961188,0 days 00:00:08.264484,64,False,0.275066452941501,256,0.0005696434676117344,3,3.136678262727299e-05,COMPLETE
87,0.4402640163898468,2025-11-26 23:11:10.961188,2025-11-26 23:11:19.203739,0 days 00:00:08.242551,64,False,0.3774199138429988,256,0.0005718305215454336,3,3.393904484544493e-05,COMPLETE
88,0.4399479627609253,2025-11-26 23:11:19.203739,2025-11-26 23:11:26.463782,0 days 00:00:07.260043,64,False,0.23796601638597248,256,0.0005215100758589009,2,3.098251245442811e-05,COMPLETE
89,0.4665626287460327,2025-11-26 23:11:26.464782,2025-11-26 23:11:34.556292,0 days 00:00:08.091510,64,False,0.2923670499598104,256,0.0005503704567600225,3,0.0001392572115939695,COMPLETE
90,0.41193678975105286,2025-11-26 23:11:34.556718,2025-11-26 23:11:42.656555,0 days 00:00:08.099837,64,False,0.31883865732386946,256,0.0005917522574633962,3,4.226840854139693e-05,COMPLETE
91,0.4009941294789314,2025-11-26 23:11:42.656555,2025-11-26 23:11:51.664203,0 days 00:00:09.007648,16,False,0.34239720082475267,64,0.0006187888558521723,3,2.3881592336273517e-05,COMPLETE
92,0.4957948625087738,2025-11-26 23:11:51.664203,2025-11-26 23:11:57.842835,0 days 00:00:06.178632,64,False,0.35315758784264906,64,0.0007225586356337084,3,2.4351879162491496e-05,COMPLETE
93,0.4435396306216717,2025-11-26 23:11:57.842835,2025-11-26 23:12:07.210825,0 days 00:00:09.367990,16,False,0.25972703498154387,64,0.0006288016567122733,3,2.8725043205994026e-05,COMPLETE
94,0.6382080912590027,2025-11-26 23:12:07.210825,2025-11-26 23:12:08.785244,0 days 00:00:01.574419,64,False,0.2974833647941733,192,0.0005322843042556616,3,0.00011938401144746133,PRUNED
95,0.46542374044656754,2025-11-26 23:12:08.785244,2025-11-26 23:12:17.809195,0 days 00:00:09.023951,16,False,0.25969214278197394,64,0.0010077179143560217,3,2.0857676480503193e-05,COMPLETE
96,0.5077058672904968,2025-11-26 23:12:17.809195,2025-11-26 23:12:23.948024,0 days 00:00:06.138829,64,False,0.24422637557128934,64,0.0014587488206392375,3,1.7831804301047773e-05,COMPLETE
97,0.43120524287223816,2025-11-26 23:12:23.948024,2025-11-26 23:12:31.266938,0 days 00:00:07.318914,64,False,0.575039585373573,256,0.0005004511374011216,2,3.731503054258259e-05,COMPLETE
98,0.4472891800105572,2025-11-26 23:12:31.266938,2025-11-26 23:12:40.117251,0 days 00:00:08.850313,16,False,0.3094956544558866,128,0.0006651175952432355,3,4.6558200605233634e-05,COMPLETE
99,0.4051104485988617,2025-11-26 23:12:40.118254,2025-11-26 23:12:48.168309,0 days 00:00:08.050055,64,False,0.3504999469845201,256,0.0005715801161393604,3,0.00025654917529255647,COMPLETE
