number,value,datetime_start,datetime_complete,duration,params_batch_size,params_bidirectional,params_dropout_fc,params_hidden_size,params_lr,params_num_layers,params_weight_decay,state
0,0.6155202686786652,2026-03-06 18:14:55.048427,2026-03-06 18:15:10.414877,0 days 00:00:15.366450,32,False,0.28493564427131046,96,0.0011504753106625046,1,0.0002607024758370766,COMPLETE
1,0.6164742112159729,2026-03-06 18:15:10.414877,2026-03-06 18:15:29.107591,0 days 00:00:18.692714,32,True,0.4056937753654446,192,0.0007496501097315302,1,5.4041038546473305e-05,COMPLETE
2,0.41939373314380646,2026-03-06 18:15:29.108591,2026-03-06 18:15:43.037959,0 days 00:00:13.929368,16,True,0.39807076404450803,128,0.0007627211116577326,3,1.5679933916722995e-05,COMPLETE
3,0.6711190342903137,2026-03-06 18:15:43.038962,2026-03-06 18:15:53.467941,0 days 00:00:10.428979,16,True,0.5687496940092467,96,0.0019174238140216384,2,0.0003550304858128307,COMPLETE
4,0.5995692908763885,2026-03-06 18:15:53.469951,2026-03-06 18:16:11.874213,0 days 00:00:18.404262,32,True,0.5947547746402069,256,0.0007380901894391266,1,0.00012172847081122418,COMPLETE
5,0.6151699870824814,2026-03-06 18:16:11.875721,2026-03-06 18:17:13.658010,0 days 00:01:01.782289,16,True,0.22542334011440945,192,0.0008218411404269376,3,1.70505392602693e-05,COMPLETE
6,0.6704251691699028,2026-03-06 18:17:13.658993,2026-03-06 18:17:44.110722,0 days 00:00:30.451729,16,False,0.37101640734341984,256,0.0014355166831664403,2,0.0001326033192269654,COMPLETE
7,0.5939728617668152,2026-03-06 18:17:44.111722,2026-03-06 18:18:15.276486,0 days 00:00:31.164764,64,True,0.26448851490160175,192,0.000883171698312604,2,0.0003244160088734161,COMPLETE
8,0.6053033620119095,2026-03-06 18:18:15.276486,2026-03-06 18:18:25.018157,0 days 00:00:09.741671,16,True,0.3708431154505025,64,0.0015314309403948435,1,0.0006197015748809143,COMPLETE
9,0.6044532358646393,2026-03-06 18:18:25.018157,2026-03-06 18:18:32.738034,0 days 00:00:07.719877,32,False,0.5887128330883842,96,0.0018478138267043395,1,4.4300218067679785e-05,COMPLETE
10,0.6023522615432739,2026-03-06 18:18:32.738034,2026-03-06 18:18:39.960047,0 days 00:00:07.222013,64,False,0.4778751436886507,128,0.0005126065261429245,3,1.0699098455538697e-05,COMPLETE
11,0.5148453712463379,2026-03-06 18:18:39.963086,2026-03-06 18:18:50.839138,0 days 00:00:10.876052,64,True,0.286305337475061,128,0.0009721621847621669,3,0.0007791470666172773,COMPLETE
12,0.5241163969039917,2026-03-06 18:18:50.840142,2026-03-06 18:19:01.617998,0 days 00:00:10.777856,64,True,0.3161399627700829,128,0.0006111022798466909,3,2.8383466643042105e-05,COMPLETE
13,0.4725894629955292,2026-03-06 18:19:01.619000,2026-03-06 18:19:12.495629,0 days 00:00:10.876629,64,True,0.4579178144028041,128,0.0010564615151250837,3,0.0009568680611696875,COMPLETE
14,0.4671195521950722,2026-03-06 18:19:12.495629,2026-03-06 18:19:26.329312,0 days 00:00:13.833683,16,True,0.471979926093338,128,0.0011496506399847803,3,7.878884819308865e-05,COMPLETE
15,0.5385051965713501,2026-03-06 18:19:26.330313,2026-03-06 18:19:40.480478,0 days 00:00:14.150165,16,True,0.5006453699263156,128,0.001270101347618722,3,6.793020634935374e-05,COMPLETE
16,0.6677467375993729,2026-03-06 18:19:40.481494,2026-03-06 18:19:51.202170,0 days 00:00:10.720676,16,True,0.4255781058429688,64,0.0006445938040725108,2,2.4346596102796976e-05,COMPLETE
17,0.6219024062156677,2026-03-06 18:19:51.203169,2026-03-06 18:20:05.098295,0 days 00:00:13.895126,16,True,0.5311149037830162,128,0.001266713523364037,3,1.1973871658096495e-05,COMPLETE
18,0.6821671277284622,2026-03-06 18:20:05.100318,2026-03-06 18:20:15.194920,0 days 00:00:10.094602,16,False,0.3446378146760863,128,0.0009323787299984765,2,3.2929862425342217e-05,COMPLETE
19,0.6242959089577198,2026-03-06 18:20:15.195926,2026-03-06 18:20:28.944173,0 days 00:00:13.748247,16,True,0.4425182778685985,128,0.0006453789942164165,3,0.00017904319826816606,COMPLETE
20,0.5356488302350044,2026-03-06 18:20:28.945168,2026-03-06 18:20:40.448040,0 days 00:00:11.502872,16,True,0.5232881395815216,64,0.0010720428861726345,3,7.743992201476353e-05,COMPLETE
21,0.48834553360939026,2026-03-06 18:20:40.448040,2026-03-06 18:20:51.206619,0 days 00:00:10.758579,64,True,0.46933868186177385,128,0.0010555816346469998,3,0.000973745110715935,COMPLETE
22,0.5342220067977905,2026-03-06 18:20:51.207626,2026-03-06 18:21:02.068494,0 days 00:00:10.860868,64,True,0.4506069966101462,128,0.0012095929277836405,3,0.0005665033272450019,COMPLETE
23,0.5335525870323181,2026-03-06 18:21:02.068494,2026-03-06 18:21:12.863722,0 days 00:00:10.795228,64,True,0.3996920040076283,128,0.0014425970950308563,3,0.0001697051467489848,COMPLETE
24,0.4899476282298565,2026-03-06 18:21:12.863722,2026-03-06 18:21:24.218045,0 days 00:00:11.354323,16,True,0.4888522017274263,128,0.0008164602259988367,2,8.915354325163509e-05,COMPLETE
25,0.4706210792064667,2026-03-06 18:21:24.218045,2026-03-06 18:21:53.552192,0 days 00:00:29.334147,64,True,0.5383630770096757,256,0.0016528568691397587,3,1.8714467267577117e-05,COMPLETE
26,0.606325276196003,2026-03-06 18:21:53.554195,2026-03-06 18:22:24.053921,0 days 00:00:30.499726,16,False,0.5558225677864421,256,0.0017729935423513238,2,1.833432639645727e-05,COMPLETE
27,0.5924235284328461,2026-03-06 18:22:24.055433,2026-03-06 18:23:33.560430,0 days 00:01:09.504997,16,True,0.5355013447832613,256,0.0016579903080719014,3,1.5898215548104175e-05,COMPLETE
28,0.45539890229701996,2026-03-06 18:23:33.561456,2026-03-06 18:24:14.502456,0 days 00:00:40.941000,32,True,0.49805332637314526,256,0.0016465022300125812,3,4.077578178509253e-05,COMPLETE
29,0.5874300599098206,2026-03-06 18:24:14.503456,2026-03-06 18:24:22.441232,0 days 00:00:07.937776,32,False,0.5007422299374682,96,0.0013303587404887528,2,4.045416380269756e-05,COMPLETE
30,0.5856615006923676,2026-03-06 18:24:22.442231,2026-03-06 18:25:03.333152,0 days 00:00:40.890921,32,True,0.418197420304443,256,0.0011327744918769903,3,6.654582988697944e-05,COMPLETE
31,0.5962803959846497,2026-03-06 18:25:03.334153,2026-03-06 18:25:44.153211,0 days 00:00:40.819058,32,True,0.5092657120311972,256,0.0016457087818091726,3,2.2949989682319238e-05,COMPLETE
32,0.5995060205459595,2026-03-06 18:25:44.154212,2026-03-06 18:26:25.117163,0 days 00:00:40.962951,32,True,0.5512903627891572,256,0.0016754210506088596,3,5.1445171080567674e-05,COMPLETE
33,0.5354463905096054,2026-03-06 18:26:25.118161,2026-03-06 18:27:06.063652,0 days 00:00:40.945491,32,True,0.40304905098267735,256,0.0019898779829233848,3,3.594553653608714e-05,COMPLETE
34,0.5247653424739838,2026-03-06 18:27:06.065156,2026-03-06 18:27:47.109176,0 days 00:00:41.044020,32,True,0.5735095432368954,256,0.0014852246072640754,3,1.3798109929731017e-05,COMPLETE
35,0.5603386759757996,2026-03-06 18:27:47.111997,2026-03-06 18:28:34.946219,0 days 00:00:47.834222,32,True,0.4331070182168603,192,0.0007603309627055363,3,2.3133090534592024e-05,COMPLETE
36,0.6593601815402508,2026-03-06 18:28:34.947224,2026-03-06 18:28:46.558580,0 days 00:00:11.611356,16,True,0.4775970936101693,96,0.000707107508499697,3,5.5612381862894396e-05,COMPLETE
37,0.5059583187103271,2026-03-06 18:28:46.559579,2026-03-06 18:29:15.890046,0 days 00:00:29.330467,64,True,0.384856089027284,256,0.0015698500358498873,3,1.9607547923012433e-05,COMPLETE
38,0.5987159982323647,2026-03-06 18:29:15.891046,2026-03-06 18:29:40.271322,0 days 00:00:24.380276,16,True,0.3384705705911813,192,0.0013709073231353286,1,0.00010046404318728428,COMPLETE
39,0.5364652276039124,2026-03-06 18:29:40.272322,2026-03-06 18:29:53.628502,0 days 00:00:13.356180,64,False,0.5151112273645673,256,0.001827334904271627,2,2.9499182518305784e-05,COMPLETE
40,0.6159144937992096,2026-03-06 18:29:53.629503,2026-03-06 18:30:01.827378,0 days 00:00:08.197875,32,True,0.543829744622708,64,0.0005369885220314719,2,1.5138345187727489e-05,COMPLETE
41,0.5447089672088623,2026-03-06 18:30:01.828374,2026-03-06 18:30:12.642923,0 days 00:00:10.814549,64,True,0.46060381001685213,128,0.0008859895437873893,3,0.0001242151909952881,COMPLETE
42,0.41808417439460754,2026-03-06 18:30:12.642923,2026-03-06 18:30:23.421564,0 days 00:00:10.778641,64,True,0.4520527355290505,128,0.0011077379757459076,3,0.00021116499423985588,COMPLETE
43,0.5590631365776062,2026-03-06 18:30:23.422564,2026-03-06 18:30:34.236840,0 days 00:00:10.814276,64,True,0.491355986063166,128,0.001149051715696263,3,0.0002528861043027233,COMPLETE
44,0.6216540336608887,2026-03-06 18:30:34.237837,2026-03-06 18:30:41.712856,0 days 00:00:07.475019,64,True,0.5718946442952887,96,0.00099500171445973,3,0.00016181823446018967,COMPLETE
45,0.5188816785812378,2026-03-06 18:30:41.713882,2026-03-06 18:31:26.601707,0 days 00:00:44.887825,64,True,0.231734899503298,192,0.0008613507944613862,3,0.00024959992430792683,COMPLETE
46,0.6599047854542732,2026-03-06 18:31:26.602706,2026-03-06 18:31:40.189760,0 days 00:00:13.587054,16,True,0.37711279909267925,128,0.0012090339732439876,3,4.47595243389984e-05,COMPLETE
47,0.502426028251648,2026-03-06 18:31:40.190761,2026-03-06 18:31:56.513375,0 days 00:00:16.322614,64,False,0.4427933040068886,256,0.0009370611717716819,3,0.0004188851090269109,COMPLETE
48,0.6233210414648056,2026-03-06 18:31:56.514374,2026-03-06 18:32:06.395992,0 days 00:00:09.881618,16,True,0.5989784048089946,128,0.0015523657385906296,1,1.0269295582535154e-05,COMPLETE
49,0.4727839529514313,2026-03-06 18:32:06.396992,2026-03-06 18:32:13.642524,0 days 00:00:07.245532,64,True,0.42607116977481463,64,0.0013949587784683297,3,0.00010446987418570073,COMPLETE
50,0.5843192934989929,2026-03-06 18:32:13.643527,2026-03-06 18:32:25.545030,0 days 00:00:11.901503,32,True,0.48170251660549135,128,0.000772519254294869,3,1.2196237790566292e-05,COMPLETE
51,0.4647880792617798,2026-03-06 18:32:25.546571,2026-03-06 18:32:36.347796,0 days 00:00:10.801225,64,True,0.457913790559414,128,0.001023472245539241,3,0.0004439773564686373,COMPLETE
52,0.46994322538375854,2026-03-06 18:32:36.348793,2026-03-06 18:32:47.169937,0 days 00:00:10.821144,64,True,0.46440517705578577,128,0.0010955761632036745,3,0.0003398697900168812,COMPLETE
53,0.6030446290969849,2026-03-06 18:32:47.170938,2026-03-06 18:32:57.975412,0 days 00:00:10.804474,64,True,0.4590299575710219,128,0.0010902000183232287,3,0.00034716202483696135,COMPLETE
54,0.4769626259803772,2026-03-06 18:32:57.976412,2026-03-06 18:33:08.827898,0 days 00:00:10.851486,64,True,0.35351444956375944,128,0.0010275810281146892,3,0.0004557364832158747,COMPLETE
55,0.5171732902526855,2026-03-06 18:33:08.828898,2026-03-06 18:33:19.739723,0 days 00:00:10.910825,64,True,0.41470152490555207,128,0.0009575156222806885,3,0.0005615163427072731,COMPLETE
56,0.6237211152911186,2026-03-06 18:33:19.740752,2026-03-06 18:33:33.279808,0 days 00:00:13.539056,16,True,0.3934728128168369,128,0.001199963342228174,3,0.00028110938795711124,COMPLETE
57,0.47782930731773376,2026-03-06 18:33:33.280809,2026-03-06 18:33:44.090915,0 days 00:00:10.810106,64,True,0.4681586202863776,128,0.0013083611504878044,3,0.00021607908436059494,COMPLETE
58,0.6035313531756401,2026-03-06 18:33:44.090915,2026-03-06 18:33:54.230039,0 days 00:00:10.139124,16,False,0.44623901574918995,128,0.0011117250584435964,3,0.0004143225054096211,COMPLETE
59,0.5551596283912659,2026-03-06 18:33:54.231041,2026-03-06 18:34:05.031373,0 days 00:00:10.800332,64,True,0.4339980289037674,128,0.0010151197545810217,3,0.0006980807026962567,COMPLETE
60,0.6808657646179199,2026-03-06 18:34:05.032373,2026-03-06 18:34:18.585817,0 days 00:00:13.553444,16,True,0.5009507486323794,128,0.0008893221582897732,3,0.00014683390568372918,COMPLETE
61,0.5512335300445557,2026-03-06 18:34:18.586362,2026-03-06 18:34:29.360380,0 days 00:00:10.774018,64,True,0.5143636213619499,128,0.0012443567978227055,3,0.0001971375347658148,COMPLETE
62,0.5439128875732422,2026-03-06 18:34:29.361871,2026-03-06 18:34:58.775711,0 days 00:00:29.413840,64,True,0.5283812357955304,256,0.0008129657473244145,3,0.00048388978149405826,COMPLETE
63,0.534562885761261,2026-03-06 18:34:58.775711,2026-03-06 18:35:09.543341,0 days 00:00:10.767630,64,True,0.47238352509822085,128,0.0011666681087616696,3,0.00030421837290956757,COMPLETE
64,0.6259466409683228,2026-03-06 18:35:09.544802,2026-03-06 18:35:17.023064,0 days 00:00:07.478262,64,True,0.4900580692214644,96,0.0017420890495375302,3,8.213357979355856e-05,COMPLETE
65,0.5690892934799194,2026-03-06 18:35:17.024060,2026-03-06 18:35:46.785570,0 days 00:00:29.761510,64,True,0.4556403428155706,256,0.00069983697266975,3,2.673323954742137e-05,COMPLETE
66,0.5974821448326111,2026-03-06 18:35:46.786569,2026-03-06 18:35:55.805410,0 days 00:00:09.018841,32,True,0.4137705809018736,64,0.0005659585162450416,3,1.997100931835205e-05,COMPLETE
67,0.5577246248722076,2026-03-06 18:35:55.806410,2026-03-06 18:36:09.415767,0 days 00:00:13.609357,16,True,0.5029981054344,128,0.001471048228957284,3,5.65988049387718e-05,COMPLETE
68,0.5501362085342407,2026-03-06 18:36:09.416767,2026-03-06 18:36:25.345927,0 days 00:00:15.929160,64,False,0.5563804328788049,192,0.0010423998382059054,2,0.0008362657117087595,COMPLETE
69,0.6424321681261063,2026-03-06 18:36:25.346927,2026-03-06 18:37:35.734792,0 days 00:01:10.387865,16,True,0.3590928896813799,256,0.0018855978634059673,3,3.329043558588617e-05,COMPLETE
70,0.5890631377696991,2026-03-06 18:37:35.735792,2026-03-06 18:37:45.065627,0 days 00:00:09.329835,32,True,0.5194832413083063,128,0.00132079728071378,2,1.3962015564342749e-05,COMPLETE
71,0.5267239809036255,2026-03-06 18:37:45.066629,2026-03-06 18:37:55.869891,0 days 00:00:10.803262,64,True,0.4841765775824655,128,0.0010726576840918473,3,0.0009582399652310806,COMPLETE
72,0.5251627564430237,2026-03-06 18:37:55.870895,2026-03-06 18:38:06.664736,0 days 00:00:10.793841,64,True,0.4400135405103454,128,0.0009752208221140992,3,0.000364570505620583,COMPLETE
73,0.5655360817909241,2026-03-06 18:38:06.665736,2026-03-06 18:38:17.450889,0 days 00:00:10.785153,64,True,0.4609268129057162,128,0.00110722916382493,3,0.0006084612268133327,COMPLETE
74,0.48806849122047424,2026-03-06 18:38:17.451889,2026-03-06 18:38:28.244345,0 days 00:00:10.792456,64,True,0.42405322048056204,128,0.0009128576489669618,3,0.00011456747374031014,COMPLETE
75,0.4982529580593109,2026-03-06 18:38:28.245345,2026-03-06 18:38:57.612234,0 days 00:00:29.366889,64,True,0.5385627433809435,256,0.0015964259522014013,3,7.244758923051866e-05,COMPLETE
76,0.6322634294629097,2026-03-06 18:38:57.612234,2026-03-06 18:39:11.172566,0 days 00:00:13.560332,16,True,0.45039725187557567,128,0.0011754947749079527,3,0.0006970639414323394,COMPLETE
77,0.5973069667816162,2026-03-06 18:39:11.173567,2026-03-06 18:39:20.062846,0 days 00:00:08.889279,32,True,0.3017325849426975,96,0.001238246082673296,3,3.810250825800099e-05,COMPLETE
78,0.5842584371566772,2026-03-06 18:39:20.063846,2026-03-06 18:39:32.826698,0 days 00:00:12.762852,64,True,0.5852536863698236,256,0.0008603736404823969,1,0.00020948437706105034,COMPLETE
79,0.5725818872451782,2026-03-06 18:39:32.827667,2026-03-06 18:39:40.023801,0 days 00:00:07.196134,64,False,0.46852407222436276,128,0.001990414380417121,3,1.646911054775014e-05,COMPLETE
80,0.5527747273445129,2026-03-06 18:39:40.024801,2026-03-06 18:40:40.781084,0 days 00:01:00.756283,16,True,0.3906956513523818,192,0.0011374745923460172,3,4.56795142536291e-05,COMPLETE
81,0.5348097681999207,2026-03-06 18:40:40.782086,2026-03-06 18:40:48.184277,0 days 00:00:07.402191,64,True,0.4110642188962595,64,0.0013924043274707368,3,0.00010879217718864994,COMPLETE
82,0.524553120136261,2026-03-06 18:40:48.185276,2026-03-06 18:40:55.592890,0 days 00:00:07.407614,64,True,0.4302573025137509,64,0.0017378274864776387,3,0.00024155663961628645,COMPLETE
83,0.5206487774848938,2026-03-06 18:40:55.593891,2026-03-06 18:41:02.844862,0 days 00:00:07.250971,64,True,0.49098531905297677,64,0.0014125050630674919,3,6.158312431355824e-05,COMPLETE
84,0.5019034147262573,2026-03-06 18:41:02.845862,2026-03-06 18:41:10.102418,0 days 00:00:07.256556,64,True,0.4244893989905967,64,0.0014900053871583301,3,9.452279055148276e-05,COMPLETE
85,0.5156937837600708,2026-03-06 18:41:10.103417,2026-03-06 18:41:17.397596,0 days 00:00:07.294179,64,True,0.43574922545683625,64,0.0010551745133939785,3,0.00014268182265939403,COMPLETE
86,0.546116828918457,2026-03-06 18:41:17.398154,2026-03-06 18:41:29.118921,0 days 00:00:11.720767,32,True,0.39937774798478165,128,0.0009947030393407798,3,0.0003157930466303984,COMPLETE
87,0.4686393141746521,2026-03-06 18:41:29.119920,2026-03-06 18:41:58.544802,0 days 00:00:29.424882,64,True,0.4766764521418857,256,0.0016714166198131303,3,0.0005076517685838561,COMPLETE
88,0.5755604654550552,2026-03-06 18:41:58.545800,2026-03-06 18:43:09.289644,0 days 00:01:10.743844,16,True,0.4724549977893983,256,0.001655660245262168,3,0.0004743309950011411,COMPLETE
89,0.5808555483818054,2026-03-06 18:43:09.290644,2026-03-06 18:43:38.673477,0 days 00:00:29.382833,64,True,0.5071320726300779,256,0.0006172265171100499,3,0.00037404350704900804,COMPLETE
90,0.4690629839897156,2026-03-06 18:43:38.674477,2026-03-06 18:44:08.126245,0 days 00:00:29.451768,64,True,0.4941613878194094,256,0.0016084775764494523,3,0.0008650920568510158,COMPLETE
91,0.468081533908844,2026-03-06 18:44:08.127244,2026-03-06 18:44:37.667884,0 days 00:00:29.540640,64,True,0.4947041728733483,256,0.0015322485160727522,3,0.0008066727322424244,COMPLETE
92,0.5317156910896301,2026-03-06 18:44:37.668886,2026-03-06 18:45:07.067905,0 days 00:00:29.399019,64,True,0.49530449474213717,256,0.001796114425341169,3,0.0008556479401429706,COMPLETE
93,0.46187472343444824,2026-03-06 18:45:07.068904,2026-03-06 18:45:36.592744,0 days 00:00:29.523840,64,True,0.4785305698013517,256,0.0016011508833779211,3,0.0005298612412117653,COMPLETE
94,0.5084928274154663,2026-03-06 18:45:36.593745,2026-03-06 18:46:06.041370,0 days 00:00:29.447625,64,True,0.47494438330480115,256,0.001528577141471897,3,0.0005501886939396012,COMPLETE
95,0.559219241142273,2026-03-06 18:46:06.042371,2026-03-06 18:46:35.568758,0 days 00:00:29.526387,64,True,0.48077172194973605,256,0.0015889135682061748,3,0.0006738745506337756,COMPLETE
96,0.508612334728241,2026-03-06 18:46:35.569781,2026-03-06 18:47:05.147389,0 days 00:00:29.577608,64,True,0.5098514127227814,256,0.0017111985097380564,3,0.0007708388425871518,COMPLETE
97,0.5072097778320312,2026-03-06 18:47:05.148388,2026-03-06 18:47:34.753668,0 days 00:00:29.605280,64,True,0.4631132050409027,256,0.0016159074349681869,3,0.0007805048661005877,COMPLETE
98,0.6633734107017517,2026-03-06 18:47:34.754667,2026-03-06 18:48:17.728444,0 days 00:00:42.973777,16,False,0.4517014604541396,256,0.0018850660875436198,3,0.00042005370884371705,COMPLETE
99,0.47947725653648376,2026-03-06 18:48:17.729443,2026-03-06 18:48:58.331826,0 days 00:00:40.602383,32,True,0.4949002896248802,256,0.0016847666312102833,3,0.0006480622892426156,COMPLETE
